2020-01-06 15:58:53,629 - Log4JLogChute initialized using file 'velocity.log'
2020-01-06 15:58:53,775 - Initializing Velocity, Calling init()...
2020-01-06 15:58:53,775 - Starting Apache Velocity v1.7 (compiled: 2010-11-19 12:14:37)
2020-01-06 15:58:53,775 - Default Properties File: org\apache\velocity\runtime\defaults\velocity.properties
2020-01-06 15:58:53,775 - Trying to use logger class org.apache.velocity.runtime.log.AvalonLogChute
2020-01-06 15:58:53,775 - Target log system for org.apache.velocity.runtime.log.AvalonLogChute is not available (java.lang.NoClassDefFoundError: org/apache/log/format/Formatter).  Falling back to next log system...
2020-01-06 15:58:53,775 - Trying to use logger class org.apache.velocity.runtime.log.Log4JLogChute
2020-01-06 15:58:54,090 - Using logger class org.apache.velocity.runtime.log.Log4JLogChute
2020-01-06 15:58:54,126 - ResourceLoader instantiated: org.apache.velocity.runtime.resource.loader.ClasspathResourceLoader
2020-01-06 15:58:55,594 - ResourceCache: initialized (class org.apache.velocity.runtime.resource.ResourceCacheImpl) with class java.util.Collections$SynchronizedMap cache map.
2020-01-06 15:58:55,599 - Loaded System Directive: org.apache.velocity.runtime.directive.Stop
2020-01-06 15:58:55,654 - Loaded System Directive: org.apache.velocity.runtime.directive.Define
2020-01-06 15:58:55,657 - Loaded System Directive: org.apache.velocity.runtime.directive.Break
2020-01-06 15:58:55,679 - Loaded System Directive: org.apache.velocity.runtime.directive.Evaluate
2020-01-06 15:58:55,708 - Loaded System Directive: org.apache.velocity.runtime.directive.Literal
2020-01-06 15:58:55,769 - Loaded System Directive: org.apache.velocity.runtime.directive.Macro
2020-01-06 15:58:55,780 - Loaded System Directive: org.apache.velocity.runtime.directive.Parse
2020-01-06 15:58:55,793 - Loaded System Directive: org.apache.velocity.runtime.directive.Include
2020-01-06 15:58:55,797 - Loaded System Directive: org.apache.velocity.runtime.directive.Foreach
2020-01-06 15:58:56,483 - Created '20' parsers.
2020-01-06 15:58:56,623 - Velocimacro : "velocimacro.library" is not set.  Trying default library: VM_global_library.vm
2020-01-06 15:58:56,678 - Could not load resource 'VM_global_library.vm' from ResourceLoader org.apache.velocity.runtime.resource.loader.ClasspathResourceLoader: ClasspathResourceLoader Error: cannot find resource VM_global_library.vm
2020-01-06 15:58:56,679 - Velocimacro : Default library not found.
2020-01-06 15:58:56,680 - Velocimacro : allowInline = true : VMs can be defined inline in templates
2020-01-06 15:58:56,680 - Velocimacro : allowInlineToOverride = false : VMs defined inline may NOT replace previous VM definitions
2020-01-06 15:58:56,680 - Velocimacro : allowInlineLocal = false : VMs defined inline will be global in scope if allowed.
2020-01-06 15:58:56,680 - Velocimacro : autoload off : VM system will not automatically reload global library macros
2020-01-06 15:58:56,928 - ResourceManager : found createSql.vm with loader org.apache.velocity.runtime.resource.loader.ClasspathResourceLoader
2020-01-06 15:58:57,013 - ResourceManager : found createSql.vm with loader org.apache.velocity.runtime.resource.loader.ClasspathResourceLoader
2020-01-06 15:58:57,213 - ResourceManager : found createSql.vm with loader org.apache.velocity.runtime.resource.loader.ClasspathResourceLoader
2020-01-06 15:58:57,313 - ResourceManager : found createSql.vm with loader org.apache.velocity.runtime.resource.loader.ClasspathResourceLoader
2020-01-06 15:58:57,673 - ResourceManager : found createSql.vm with loader org.apache.velocity.runtime.resource.loader.ClasspathResourceLoader
2020-01-06 15:58:57,851 - ResourceManager : found createSql.vm with loader org.apache.velocity.runtime.resource.loader.ClasspathResourceLoader
2020-01-06 15:58:58,266 - ResourceManager : found createSql.vm with loader org.apache.velocity.runtime.resource.loader.ClasspathResourceLoader
2020-01-06 15:58:59,055 - ResourceManager : found createSql.vm with loader org.apache.velocity.runtime.resource.loader.ClasspathResourceLoader
2020-01-06 15:58:59,547 - ResourceManager : found createSql.vm with loader org.apache.velocity.runtime.resource.loader.ClasspathResourceLoader
2020-01-06 15:58:59,818 - ResourceManager : found createSql.vm with loader org.apache.velocity.runtime.resource.loader.ClasspathResourceLoader
2020-01-06 15:59:00,211 - ResourceManager : found createSql.vm with loader org.apache.velocity.runtime.resource.loader.ClasspathResourceLoader
2020-01-06 15:59:00,291 - ResourceManager : found createSql.vm with loader org.apache.velocity.runtime.resource.loader.ClasspathResourceLoader
2020-01-06 15:59:00,604 - ResourceManager : found createSql.vm with loader org.apache.velocity.runtime.resource.loader.ClasspathResourceLoader
2020-01-06 15:59:00,721 - ResourceManager : found createSql.vm with loader org.apache.velocity.runtime.resource.loader.ClasspathResourceLoader
2020-01-06 15:59:01,056 - ResourceManager : found createSql.vm with loader org.apache.velocity.runtime.resource.loader.ClasspathResourceLoader
2020-01-06 15:59:01,648 - ResourceManager : found createSql.vm with loader org.apache.velocity.runtime.resource.loader.ClasspathResourceLoader
2020-01-06 15:59:01,887 - ResourceManager : found createSql.vm with loader org.apache.velocity.runtime.resource.loader.ClasspathResourceLoader
2020-01-06 15:59:02,200 - ResourceManager : found createSql.vm with loader org.apache.velocity.runtime.resource.loader.ClasspathResourceLoader
2020-01-06 15:59:02,523 - ResourceManager : found createSql.vm with loader org.apache.velocity.runtime.resource.loader.ClasspathResourceLoader
2020-01-06 15:59:02,898 - ResourceManager : found createSql.vm with loader org.apache.velocity.runtime.resource.loader.ClasspathResourceLoader
2020-01-06 15:59:03,033 - ResourceManager : found createSql.vm with loader org.apache.velocity.runtime.resource.loader.ClasspathResourceLoader
2020-01-06 15:59:03,186 - ResourceManager : found createSql.vm with loader org.apache.velocity.runtime.resource.loader.ClasspathResourceLoader
2020-01-06 15:59:03,381 - ResourceManager : found createSql.vm with loader org.apache.velocity.runtime.resource.loader.ClasspathResourceLoader
2020-01-06 15:59:03,619 - ResourceManager : found createSql.vm with loader org.apache.velocity.runtime.resource.loader.ClasspathResourceLoader
2020-01-06 15:59:03,767 - ResourceManager : found createSql.vm with loader org.apache.velocity.runtime.resource.loader.ClasspathResourceLoader
2020-01-06 15:59:03,869 - ResourceManager : found createSql.vm with loader org.apache.velocity.runtime.resource.loader.ClasspathResourceLoader
2020-01-06 15:59:04,259 - ResourceManager : found createSql.vm with loader org.apache.velocity.runtime.resource.loader.ClasspathResourceLoader
2020-01-06 15:59:04,702 - ResourceManager : found createSql.vm with loader org.apache.velocity.runtime.resource.loader.ClasspathResourceLoader
2020-01-06 15:59:04,830 - ResourceManager : found createSql.vm with loader org.apache.velocity.runtime.resource.loader.ClasspathResourceLoader
2020-01-06 15:59:04,991 - ResourceManager : found createSql.vm with loader org.apache.velocity.runtime.resource.loader.ClasspathResourceLoader
2020-01-06 15:59:05,106 - ResourceManager : found createSql.vm with loader org.apache.velocity.runtime.resource.loader.ClasspathResourceLoader
2020-01-06 15:59:05,169 - ResourceManager : found createSql.vm with loader org.apache.velocity.runtime.resource.loader.ClasspathResourceLoader
2020-01-06 15:59:05,341 - ResourceManager : found createSql.vm with loader org.apache.velocity.runtime.resource.loader.ClasspathResourceLoader
2020-01-06 15:59:05,474 - ResourceManager : found createSql.vm with loader org.apache.velocity.runtime.resource.loader.ClasspathResourceLoader
2020-01-06 15:59:05,640 - ResourceManager : found createSql.vm with loader org.apache.velocity.runtime.resource.loader.ClasspathResourceLoader
2020-01-06 15:59:05,970 - ResourceManager : found createSql.vm with loader org.apache.velocity.runtime.resource.loader.ClasspathResourceLoader
2020-01-06 15:59:06,221 - ResourceManager : found createSql.vm with loader org.apache.velocity.runtime.resource.loader.ClasspathResourceLoader
2020-01-06 15:59:06,489 - ResourceManager : found createSql.vm with loader org.apache.velocity.runtime.resource.loader.ClasspathResourceLoader
2020-01-06 15:59:06,868 - ResourceManager : found createSql.vm with loader org.apache.velocity.runtime.resource.loader.ClasspathResourceLoader
2020-01-06 15:59:06,996 - ResourceManager : found createSql.vm with loader org.apache.velocity.runtime.resource.loader.ClasspathResourceLoader
2020-01-06 15:59:07,134 - ResourceManager : found createSql.vm with loader org.apache.velocity.runtime.resource.loader.ClasspathResourceLoader
2020-01-06 15:59:07,424 - ResourceManager : found createSql.vm with loader org.apache.velocity.runtime.resource.loader.ClasspathResourceLoader
2020-01-06 15:59:07,502 - ResourceManager : found createSql.vm with loader org.apache.velocity.runtime.resource.loader.ClasspathResourceLoader
2020-01-06 15:59:07,754 - ResourceManager : found createSql.vm with loader org.apache.velocity.runtime.resource.loader.ClasspathResourceLoader
2020-01-06 15:59:07,850 - ResourceManager : found createSql.vm with loader org.apache.velocity.runtime.resource.loader.ClasspathResourceLoader
2020-01-06 15:59:08,267 - ResourceManager : found createSql.vm with loader org.apache.velocity.runtime.resource.loader.ClasspathResourceLoader
2020-01-06 15:59:08,401 - ResourceManager : found createSql.vm with loader org.apache.velocity.runtime.resource.loader.ClasspathResourceLoader
2020-01-06 15:59:08,755 - ResourceManager : found createSql.vm with loader org.apache.velocity.runtime.resource.loader.ClasspathResourceLoader
2020-01-06 15:59:08,888 - ResourceManager : found createSql.vm with loader org.apache.velocity.runtime.resource.loader.ClasspathResourceLoader
2020-01-06 15:59:08,980 - ResourceManager : found createSql.vm with loader org.apache.velocity.runtime.resource.loader.ClasspathResourceLoader
2020-01-06 15:59:09,128 - ResourceManager : found createSql.vm with loader org.apache.velocity.runtime.resource.loader.ClasspathResourceLoader
2020-01-06 15:59:09,383 - ResourceManager : found createSql.vm with loader org.apache.velocity.runtime.resource.loader.ClasspathResourceLoader
2020-01-06 15:59:09,499 - ResourceManager : found createSql.vm with loader org.apache.velocity.runtime.resource.loader.ClasspathResourceLoader
2020-01-06 15:59:09,838 - ResourceManager : found createSql.vm with loader org.apache.velocity.runtime.resource.loader.ClasspathResourceLoader
2020-01-06 15:59:09,976 - ResourceManager : found createSql.vm with loader org.apache.velocity.runtime.resource.loader.ClasspathResourceLoader
2020-01-06 15:59:10,107 - ResourceManager : found createSql.vm with loader org.apache.velocity.runtime.resource.loader.ClasspathResourceLoader
2020-01-06 15:59:10,305 - ResourceManager : found createSql.vm with loader org.apache.velocity.runtime.resource.loader.ClasspathResourceLoader
2020-01-06 15:59:10,581 - ResourceManager : found createSql.vm with loader org.apache.velocity.runtime.resource.loader.ClasspathResourceLoader
2020-01-06 15:59:10,863 - ResourceManager : found createSql.vm with loader org.apache.velocity.runtime.resource.loader.ClasspathResourceLoader
2020-01-06 15:59:11,005 - ResourceManager : found createSql.vm with loader org.apache.velocity.runtime.resource.loader.ClasspathResourceLoader
2020-01-06 15:59:11,235 - ResourceManager : found createSql.vm with loader org.apache.velocity.runtime.resource.loader.ClasspathResourceLoader
2020-01-06 15:59:11,498 - ResourceManager : found createSql.vm with loader org.apache.velocity.runtime.resource.loader.ClasspathResourceLoader
2020-01-06 15:59:11,769 - ResourceManager : found createSql.vm with loader org.apache.velocity.runtime.resource.loader.ClasspathResourceLoader
2020-01-06 15:59:12,449 - ResourceManager : found createSql.vm with loader org.apache.velocity.runtime.resource.loader.ClasspathResourceLoader
2020-01-06 15:59:12,782 - ResourceManager : found createSql.vm with loader org.apache.velocity.runtime.resource.loader.ClasspathResourceLoader
2020-01-06 15:59:13,090 - ResourceManager : found createSql.vm with loader org.apache.velocity.runtime.resource.loader.ClasspathResourceLoader
