[WARN]-15:22:16-com.jolbox.bonecp.BoneCPConfig - Please use setIdleConnectionTestPeriodInMinutes in place of setIdleConnectionTestPeriod. This method has been deprecated.
[WARN]-15:22:16-com.jolbox.bonecp.BoneCPConfig - Please use setIdleMaxAgeInMinutes in place of setIdleMaxAge. This method has been deprecated.
[WARN]-15:22:16-com.jolbox.bonecp.BoneCPConfig - releaseHelperThreads has been deprecated -- it tends to slow down your application more.
[WARN]-15:22:16-com.jolbox.bonecp.BoneCPConfig - statementReleaseHelperThreads has been deprecated -- it tends to slow down your application more.
[WARN]-15:23:35-com.jolbox.bonecp.BoneCPConfig - Please use setIdleConnectionTestPeriodInMinutes in place of setIdleConnectionTestPeriod. This method has been deprecated.
[WARN]-15:23:35-com.jolbox.bonecp.BoneCPConfig - Please use setIdleMaxAgeInMinutes in place of setIdleMaxAge. This method has been deprecated.
[WARN]-15:23:35-com.jolbox.bonecp.BoneCPConfig - releaseHelperThreads has been deprecated -- it tends to slow down your application more.
[WARN]-15:23:35-com.jolbox.bonecp.BoneCPConfig - statementReleaseHelperThreads has been deprecated -- it tends to slow down your application more.
[WARN]-15:28:20-com.jolbox.bonecp.BoneCPConfig - Please use setIdleConnectionTestPeriodInMinutes in place of setIdleConnectionTestPeriod. This method has been deprecated.
[WARN]-15:28:20-com.jolbox.bonecp.BoneCPConfig - Please use setIdleMaxAgeInMinutes in place of setIdleMaxAge. This method has been deprecated.
[WARN]-15:28:20-com.jolbox.bonecp.BoneCPConfig - releaseHelperThreads has been deprecated -- it tends to slow down your application more.
[WARN]-15:28:20-com.jolbox.bonecp.BoneCPConfig - statementReleaseHelperThreads has been deprecated -- it tends to slow down your application more.
[WARN]-15:30:26-com.jolbox.bonecp.BoneCPConfig - Please use setIdleConnectionTestPeriodInMinutes in place of setIdleConnectionTestPeriod. This method has been deprecated.
[WARN]-15:30:26-com.jolbox.bonecp.BoneCPConfig - Please use setIdleMaxAgeInMinutes in place of setIdleMaxAge. This method has been deprecated.
[WARN]-15:30:26-com.jolbox.bonecp.BoneCPConfig - releaseHelperThreads has been deprecated -- it tends to slow down your application more.
[WARN]-15:30:26-com.jolbox.bonecp.BoneCPConfig - statementReleaseHelperThreads has been deprecated -- it tends to slow down your application more.
[WARN]-15:32:55-com.jolbox.bonecp.BoneCPConfig - Please use setIdleConnectionTestPeriodInMinutes in place of setIdleConnectionTestPeriod. This method has been deprecated.
[WARN]-15:32:55-com.jolbox.bonecp.BoneCPConfig - Please use setIdleMaxAgeInMinutes in place of setIdleMaxAge. This method has been deprecated.
[WARN]-15:32:55-com.jolbox.bonecp.BoneCPConfig - releaseHelperThreads has been deprecated -- it tends to slow down your application more.
[WARN]-15:32:55-com.jolbox.bonecp.BoneCPConfig - statementReleaseHelperThreads has been deprecated -- it tends to slow down your application more.
[WARN]-15:35:00-com.jolbox.bonecp.BoneCPConfig - Please use setIdleConnectionTestPeriodInMinutes in place of setIdleConnectionTestPeriod. This method has been deprecated.
[WARN]-15:35:00-com.jolbox.bonecp.BoneCPConfig - Please use setIdleMaxAgeInMinutes in place of setIdleMaxAge. This method has been deprecated.
[WARN]-15:35:00-com.jolbox.bonecp.BoneCPConfig - releaseHelperThreads has been deprecated -- it tends to slow down your application more.
[WARN]-15:35:00-com.jolbox.bonecp.BoneCPConfig - statementReleaseHelperThreads has been deprecated -- it tends to slow down your application more.
[WARN]-15:42:11-com.jolbox.bonecp.BoneCPConfig - Please use setIdleConnectionTestPeriodInMinutes in place of setIdleConnectionTestPeriod. This method has been deprecated.
[WARN]-15:42:11-com.jolbox.bonecp.BoneCPConfig - Please use setIdleMaxAgeInMinutes in place of setIdleMaxAge. This method has been deprecated.
[WARN]-15:42:11-com.jolbox.bonecp.BoneCPConfig - releaseHelperThreads has been deprecated -- it tends to slow down your application more.
[WARN]-15:42:11-com.jolbox.bonecp.BoneCPConfig - statementReleaseHelperThreads has been deprecated -- it tends to slow down your application more.
[WARN]-15:47:19-com.jolbox.bonecp.BoneCPConfig - Please use setIdleConnectionTestPeriodInMinutes in place of setIdleConnectionTestPeriod. This method has been deprecated.
[WARN]-15:47:19-com.jolbox.bonecp.BoneCPConfig - Please use setIdleMaxAgeInMinutes in place of setIdleMaxAge. This method has been deprecated.
[WARN]-15:47:19-com.jolbox.bonecp.BoneCPConfig - releaseHelperThreads has been deprecated -- it tends to slow down your application more.
[WARN]-15:47:19-com.jolbox.bonecp.BoneCPConfig - statementReleaseHelperThreads has been deprecated -- it tends to slow down your application more.
[WARN]-15:52:04-com.jolbox.bonecp.BoneCPConfig - Please use setIdleConnectionTestPeriodInMinutes in place of setIdleConnectionTestPeriod. This method has been deprecated.
[WARN]-15:52:04-com.jolbox.bonecp.BoneCPConfig - Please use setIdleMaxAgeInMinutes in place of setIdleMaxAge. This method has been deprecated.
[WARN]-15:52:04-com.jolbox.bonecp.BoneCPConfig - releaseHelperThreads has been deprecated -- it tends to slow down your application more.
[WARN]-15:52:04-com.jolbox.bonecp.BoneCPConfig - statementReleaseHelperThreads has been deprecated -- it tends to slow down your application more.
[WARN]-15:55:38-com.jolbox.bonecp.BoneCPConfig - Please use setIdleConnectionTestPeriodInMinutes in place of setIdleConnectionTestPeriod. This method has been deprecated.
[WARN]-15:55:38-com.jolbox.bonecp.BoneCPConfig - Please use setIdleMaxAgeInMinutes in place of setIdleMaxAge. This method has been deprecated.
[WARN]-15:55:38-com.jolbox.bonecp.BoneCPConfig - releaseHelperThreads has been deprecated -- it tends to slow down your application more.
[WARN]-15:55:38-com.jolbox.bonecp.BoneCPConfig - statementReleaseHelperThreads has been deprecated -- it tends to slow down your application more.
[WARN]-15:57:09-com.jolbox.bonecp.BoneCPConfig - Please use setIdleConnectionTestPeriodInMinutes in place of setIdleConnectionTestPeriod. This method has been deprecated.
[WARN]-15:57:09-com.jolbox.bonecp.BoneCPConfig - Please use setIdleMaxAgeInMinutes in place of setIdleMaxAge. This method has been deprecated.
[WARN]-15:57:09-com.jolbox.bonecp.BoneCPConfig - releaseHelperThreads has been deprecated -- it tends to slow down your application more.
[WARN]-15:57:09-com.jolbox.bonecp.BoneCPConfig - statementReleaseHelperThreads has been deprecated -- it tends to slow down your application more.
[ERROR]-16:00:00-com.jolbox.bonecp.ConnectionHandle - Database access problem. Killing off this connection and all remaining connections in the connection pool. SQL State = 08007
[ERROR]-16:00:00-com.jolbox.bonecp.BoneCP - Error in attempting to close connection
com.mysql.jdbc.exceptions.jdbc4.MySQLNonTransientConnectionException: Communications link failure during rollback(). Transaction resolution unknown.
	at sun.reflect.NativeConstructorAccessorImpl.newInstance0(Native Method)
	at sun.reflect.NativeConstructorAccessorImpl.newInstance(NativeConstructorAccessorImpl.java:62)
	at sun.reflect.DelegatingConstructorAccessorImpl.newInstance(DelegatingConstructorAccessorImpl.java:45)
	at java.lang.reflect.Constructor.newInstance(Constructor.java:422)
	at com.mysql.jdbc.Util.handleNewInstance(Util.java:411)
	at com.mysql.jdbc.Util.getInstance(Util.java:386)
	at com.mysql.jdbc.SQLError.createSQLException(SQLError.java:1015)
	at com.mysql.jdbc.SQLError.createSQLException(SQLError.java:989)
	at com.mysql.jdbc.SQLError.createSQLException(SQLError.java:975)
	at com.mysql.jdbc.SQLError.createSQLException(SQLError.java:920)
	at com.mysql.jdbc.ConnectionImpl.rollback(ConnectionImpl.java:5062)
	at com.mysql.jdbc.ConnectionImpl.realClose(ConnectionImpl.java:4654)
	at com.mysql.jdbc.ConnectionImpl.close(ConnectionImpl.java:1630)
	at com.jolbox.bonecp.ConnectionHandle.internalClose(ConnectionHandle.java:549)
	at com.jolbox.bonecp.BoneCP.destroyConnection(BoneCP.java:219)
	at com.jolbox.bonecp.DefaultConnectionStrategy.terminateAllConnections(DefaultConnectionStrategy.java:112)
	at com.jolbox.bonecp.ConnectionHandle.markPossiblyBroken(ConnectionHandle.java:389)
	at com.jolbox.bonecp.ConnectionHandle.close(ConnectionHandle.java:535)
	at org.springframework.jdbc.datasource.DataSourceUtils.doCloseConnection(DataSourceUtils.java:341)
	at org.springframework.jdbc.datasource.DataSourceUtils.doReleaseConnection(DataSourceUtils.java:328)
	at org.springframework.jdbc.datasource.DataSourceUtils.releaseConnection(DataSourceUtils.java:294)
	at org.springframework.jdbc.support.JdbcUtils.extractDatabaseMetaData(JdbcUtils.java:349)
	at org.springframework.jdbc.support.JdbcUtils.extractDatabaseMetaData(JdbcUtils.java:366)
	at org.springframework.jdbc.support.SQLErrorCodesFactory.getErrorCodes(SQLErrorCodesFactory.java:212)
	at org.springframework.jdbc.support.SQLErrorCodeSQLExceptionTranslator.setDataSource(SQLErrorCodeSQLExceptionTranslator.java:134)
	at org.springframework.jdbc.support.SQLErrorCodeSQLExceptionTranslator.<init>(SQLErrorCodeSQLExceptionTranslator.java:97)
	at org.mybatis.spring.MyBatisExceptionTranslator.initExceptionTranslator(MyBatisExceptionTranslator.java:86)
	at org.mybatis.spring.MyBatisExceptionTranslator.translateExceptionIfPossible(MyBatisExceptionTranslator.java:73)
	at org.mybatis.spring.SqlSessionTemplate$SqlSessionInterceptor.invoke(SqlSessionTemplate.java:399)
	at com.sun.proxy.$Proxy47.selectList(Unknown Source)
	at org.mybatis.spring.SqlSessionTemplate.selectList(SqlSessionTemplate.java:205)
	at org.apache.ibatis.binding.MapperMethod.executeForMany(MapperMethod.java:122)
	at org.apache.ibatis.binding.MapperMethod.execute(MapperMethod.java:64)
	at org.apache.ibatis.binding.MapperProxy.invoke(MapperProxy.java:53)
	at com.sun.proxy.$Proxy60.find2(Unknown Source)
	at com.a_268.base.core.BaseBiz.find(BaseBiz.java:83)
	at com.jiaowu.biz.courseArrangeEvaluate.CourseArrangeEvaluateBiz.autoAddCourseArrangeEvaluate(CourseArrangeEvaluateBiz.java:40)
	at sun.reflect.NativeMethodAccessorImpl.invoke0(Native Method)
	at sun.reflect.NativeMethodAccessorImpl.invoke(NativeMethodAccessorImpl.java:62)
	at sun.reflect.DelegatingMethodAccessorImpl.invoke(DelegatingMethodAccessorImpl.java:43)
	at java.lang.reflect.Method.invoke(Method.java:497)
	at org.springframework.util.MethodInvoker.invoke(MethodInvoker.java:269)
	at org.springframework.scheduling.quartz.MethodInvokingJobDetailFactoryBean$MethodInvokingJob.executeInternal(MethodInvokingJobDetailFactoryBean.java:257)
	at org.springframework.scheduling.quartz.QuartzJobBean.execute(QuartzJobBean.java:75)
	at org.quartz.core.JobRunShell.run(JobRunShell.java:202)
	at org.quartz.simpl.SimpleThreadPool$WorkerThread.run(SimpleThreadPool.java:573)
[ERROR]-16:00:00-com.jolbox.bonecp.BoneCP - Error in attempting to close connection
com.mysql.jdbc.exceptions.jdbc4.MySQLNonTransientConnectionException: Communications link failure during rollback(). Transaction resolution unknown.
	at sun.reflect.NativeConstructorAccessorImpl.newInstance0(Native Method)
	at sun.reflect.NativeConstructorAccessorImpl.newInstance(NativeConstructorAccessorImpl.java:62)
	at sun.reflect.DelegatingConstructorAccessorImpl.newInstance(DelegatingConstructorAccessorImpl.java:45)
	at java.lang.reflect.Constructor.newInstance(Constructor.java:422)
	at com.mysql.jdbc.Util.handleNewInstance(Util.java:411)
	at com.mysql.jdbc.Util.getInstance(Util.java:386)
	at com.mysql.jdbc.SQLError.createSQLException(SQLError.java:1015)
	at com.mysql.jdbc.SQLError.createSQLException(SQLError.java:989)
	at com.mysql.jdbc.SQLError.createSQLException(SQLError.java:975)
	at com.mysql.jdbc.SQLError.createSQLException(SQLError.java:920)
	at com.mysql.jdbc.ConnectionImpl.rollback(ConnectionImpl.java:5062)
	at com.mysql.jdbc.ConnectionImpl.realClose(ConnectionImpl.java:4654)
	at com.mysql.jdbc.ConnectionImpl.close(ConnectionImpl.java:1630)
	at com.jolbox.bonecp.ConnectionHandle.internalClose(ConnectionHandle.java:549)
	at com.jolbox.bonecp.BoneCP.destroyConnection(BoneCP.java:219)
	at com.jolbox.bonecp.DefaultConnectionStrategy.terminateAllConnections(DefaultConnectionStrategy.java:112)
	at com.jolbox.bonecp.ConnectionHandle.markPossiblyBroken(ConnectionHandle.java:389)
	at com.jolbox.bonecp.ConnectionHandle.close(ConnectionHandle.java:535)
	at org.springframework.jdbc.datasource.DataSourceUtils.doCloseConnection(DataSourceUtils.java:341)
	at org.springframework.jdbc.datasource.DataSourceUtils.doReleaseConnection(DataSourceUtils.java:328)
	at org.springframework.jdbc.datasource.DataSourceUtils.releaseConnection(DataSourceUtils.java:294)
	at org.springframework.jdbc.support.JdbcUtils.extractDatabaseMetaData(JdbcUtils.java:349)
	at org.springframework.jdbc.support.JdbcUtils.extractDatabaseMetaData(JdbcUtils.java:366)
	at org.springframework.jdbc.support.SQLErrorCodesFactory.getErrorCodes(SQLErrorCodesFactory.java:212)
	at org.springframework.jdbc.support.SQLErrorCodeSQLExceptionTranslator.setDataSource(SQLErrorCodeSQLExceptionTranslator.java:134)
	at org.springframework.jdbc.support.SQLErrorCodeSQLExceptionTranslator.<init>(SQLErrorCodeSQLExceptionTranslator.java:97)
	at org.mybatis.spring.MyBatisExceptionTranslator.initExceptionTranslator(MyBatisExceptionTranslator.java:86)
	at org.mybatis.spring.MyBatisExceptionTranslator.translateExceptionIfPossible(MyBatisExceptionTranslator.java:73)
	at org.mybatis.spring.SqlSessionTemplate$SqlSessionInterceptor.invoke(SqlSessionTemplate.java:399)
	at com.sun.proxy.$Proxy47.selectList(Unknown Source)
	at org.mybatis.spring.SqlSessionTemplate.selectList(SqlSessionTemplate.java:205)
	at org.apache.ibatis.binding.MapperMethod.executeForMany(MapperMethod.java:122)
	at org.apache.ibatis.binding.MapperMethod.execute(MapperMethod.java:64)
	at org.apache.ibatis.binding.MapperProxy.invoke(MapperProxy.java:53)
	at com.sun.proxy.$Proxy60.find2(Unknown Source)
	at com.a_268.base.core.BaseBiz.find(BaseBiz.java:83)
	at com.jiaowu.biz.courseArrangeEvaluate.CourseArrangeEvaluateBiz.autoAddCourseArrangeEvaluate(CourseArrangeEvaluateBiz.java:40)
	at sun.reflect.NativeMethodAccessorImpl.invoke0(Native Method)
	at sun.reflect.NativeMethodAccessorImpl.invoke(NativeMethodAccessorImpl.java:62)
	at sun.reflect.DelegatingMethodAccessorImpl.invoke(DelegatingMethodAccessorImpl.java:43)
	at java.lang.reflect.Method.invoke(Method.java:497)
	at org.springframework.util.MethodInvoker.invoke(MethodInvoker.java:269)
	at org.springframework.scheduling.quartz.MethodInvokingJobDetailFactoryBean$MethodInvokingJob.executeInternal(MethodInvokingJobDetailFactoryBean.java:257)
	at org.springframework.scheduling.quartz.QuartzJobBean.execute(QuartzJobBean.java:75)
	at org.quartz.core.JobRunShell.run(JobRunShell.java:202)
	at org.quartz.simpl.SimpleThreadPool$WorkerThread.run(SimpleThreadPool.java:573)
[ERROR]-16:00:00-com.jolbox.bonecp.ConnectionHandle - Database access problem. Killing off this connection and all remaining connections in the connection pool. SQL State = 08007
[ERROR]-16:00:00-com.jolbox.bonecp.BoneCP - Error in attempting to close connection
com.mysql.jdbc.exceptions.jdbc4.MySQLNonTransientConnectionException: Communications link failure during rollback(). Transaction resolution unknown.
	at sun.reflect.NativeConstructorAccessorImpl.newInstance0(Native Method)
	at sun.reflect.NativeConstructorAccessorImpl.newInstance(NativeConstructorAccessorImpl.java:62)
	at sun.reflect.DelegatingConstructorAccessorImpl.newInstance(DelegatingConstructorAccessorImpl.java:45)
	at java.lang.reflect.Constructor.newInstance(Constructor.java:422)
	at com.mysql.jdbc.Util.handleNewInstance(Util.java:411)
	at com.mysql.jdbc.Util.getInstance(Util.java:386)
	at com.mysql.jdbc.SQLError.createSQLException(SQLError.java:1015)
	at com.mysql.jdbc.SQLError.createSQLException(SQLError.java:989)
	at com.mysql.jdbc.SQLError.createSQLException(SQLError.java:975)
	at com.mysql.jdbc.SQLError.createSQLException(SQLError.java:920)
	at com.mysql.jdbc.ConnectionImpl.rollback(ConnectionImpl.java:5062)
	at com.mysql.jdbc.ConnectionImpl.realClose(ConnectionImpl.java:4654)
	at com.mysql.jdbc.ConnectionImpl.close(ConnectionImpl.java:1630)
	at com.jolbox.bonecp.ConnectionHandle.internalClose(ConnectionHandle.java:549)
	at com.jolbox.bonecp.BoneCP.destroyConnection(BoneCP.java:219)
	at com.jolbox.bonecp.DefaultConnectionStrategy.terminateAllConnections(DefaultConnectionStrategy.java:112)
	at com.jolbox.bonecp.ConnectionHandle.markPossiblyBroken(ConnectionHandle.java:389)
	at com.jolbox.bonecp.ConnectionHandle.close(ConnectionHandle.java:535)
	at org.springframework.jdbc.datasource.DataSourceUtils.doCloseConnection(DataSourceUtils.java:341)
	at org.springframework.jdbc.datasource.DataSourceUtils.doReleaseConnection(DataSourceUtils.java:328)
	at org.springframework.jdbc.datasource.DataSourceUtils.releaseConnection(DataSourceUtils.java:294)
	at org.springframework.jdbc.support.JdbcUtils.extractDatabaseMetaData(JdbcUtils.java:349)
	at org.springframework.jdbc.support.JdbcUtils.extractDatabaseMetaData(JdbcUtils.java:366)
	at org.springframework.jdbc.support.SQLErrorCodesFactory.getErrorCodes(SQLErrorCodesFactory.java:212)
	at org.springframework.jdbc.support.SQLErrorCodeSQLExceptionTranslator.setDataSource(SQLErrorCodeSQLExceptionTranslator.java:134)
	at org.springframework.jdbc.support.SQLErrorCodeSQLExceptionTranslator.<init>(SQLErrorCodeSQLExceptionTranslator.java:97)
	at org.mybatis.spring.MyBatisExceptionTranslator.initExceptionTranslator(MyBatisExceptionTranslator.java:86)
	at org.mybatis.spring.MyBatisExceptionTranslator.translateExceptionIfPossible(MyBatisExceptionTranslator.java:73)
	at org.mybatis.spring.SqlSessionTemplate$SqlSessionInterceptor.invoke(SqlSessionTemplate.java:399)
	at com.sun.proxy.$Proxy47.selectList(Unknown Source)
	at org.mybatis.spring.SqlSessionTemplate.selectList(SqlSessionTemplate.java:205)
	at org.apache.ibatis.binding.MapperMethod.executeForMany(MapperMethod.java:122)
	at org.apache.ibatis.binding.MapperMethod.execute(MapperMethod.java:64)
	at org.apache.ibatis.binding.MapperProxy.invoke(MapperProxy.java:53)
	at com.sun.proxy.$Proxy60.find2(Unknown Source)
	at com.a_268.base.core.BaseBiz.find(BaseBiz.java:83)
	at com.jiaowu.biz.courseArrangeEvaluate.CourseArrangeEvaluateBiz.autoAddCourseArrangeEvaluate(CourseArrangeEvaluateBiz.java:40)
	at sun.reflect.NativeMethodAccessorImpl.invoke0(Native Method)
	at sun.reflect.NativeMethodAccessorImpl.invoke(NativeMethodAccessorImpl.java:62)
	at sun.reflect.DelegatingMethodAccessorImpl.invoke(DelegatingMethodAccessorImpl.java:43)
	at java.lang.reflect.Method.invoke(Method.java:497)
	at org.springframework.util.MethodInvoker.invoke(MethodInvoker.java:269)
	at org.springframework.scheduling.quartz.MethodInvokingJobDetailFactoryBean$MethodInvokingJob.executeInternal(MethodInvokingJobDetailFactoryBean.java:257)
	at org.springframework.scheduling.quartz.QuartzJobBean.execute(QuartzJobBean.java:75)
	at org.quartz.core.JobRunShell.run(JobRunShell.java:202)
	at org.quartz.simpl.SimpleThreadPool$WorkerThread.run(SimpleThreadPool.java:573)
[ERROR]-16:00:00-org.quartz.core.JobRunShell - Job DEFAULT.org.springframework.scheduling.quartz.MethodInvokingJobDetailFactoryBean#489da452 threw an unhandled Exception: 
org.springframework.scheduling.quartz.JobMethodInvocationFailedException: Invocation of method 'autoAddCourseArrangeEvaluate' on target class [class com.jiaowu.biz.courseArrangeEvaluate.CourseArrangeEvaluateBiz] failed; nested exception is org.springframework.dao.TransientDataAccessResourceException: 
### Error querying database.  Cause: java.sql.SQLException: Could not retrieve transation read-only status server
### The error may exist in InputStream resource [com.jiaowu.dao.course.CourseArrangeDao]
### The error may involve defaultParameterMap
### The error occurred while setting parameters
### SQL: select * from `CourseArrange` where  endTime>'2018-11-01 15:00:00' and endTime<'2018-11-01 16:00:00' and status=1
### Cause: java.sql.SQLException: Could not retrieve transation read-only status server
; SQL []; Could not retrieve transation read-only status server; nested exception is java.sql.SQLException: Could not retrieve transation read-only status server
	at org.springframework.scheduling.quartz.MethodInvokingJobDetailFactoryBean$MethodInvokingJob.executeInternal(MethodInvokingJobDetailFactoryBean.java:266)
	at org.springframework.scheduling.quartz.QuartzJobBean.execute(QuartzJobBean.java:75)
	at org.quartz.core.JobRunShell.run(JobRunShell.java:202)
	at org.quartz.simpl.SimpleThreadPool$WorkerThread.run(SimpleThreadPool.java:573)
Caused by: org.springframework.dao.TransientDataAccessResourceException: 
### Error querying database.  Cause: java.sql.SQLException: Could not retrieve transation read-only status server
### The error may exist in InputStream resource [com.jiaowu.dao.course.CourseArrangeDao]
### The error may involve defaultParameterMap
### The error occurred while setting parameters
### SQL: select * from `CourseArrange` where  endTime>'2018-11-01 15:00:00' and endTime<'2018-11-01 16:00:00' and status=1
### Cause: java.sql.SQLException: Could not retrieve transation read-only status server
; SQL []; Could not retrieve transation read-only status server; nested exception is java.sql.SQLException: Could not retrieve transation read-only status server
	at org.springframework.jdbc.support.SQLStateSQLExceptionTranslator.doTranslate(SQLStateSQLExceptionTranslator.java:108)
	at org.springframework.jdbc.support.AbstractFallbackSQLExceptionTranslator.translate(AbstractFallbackSQLExceptionTranslator.java:73)
	at org.springframework.jdbc.support.AbstractFallbackSQLExceptionTranslator.translate(AbstractFallbackSQLExceptionTranslator.java:81)
	at org.springframework.jdbc.support.AbstractFallbackSQLExceptionTranslator.translate(AbstractFallbackSQLExceptionTranslator.java:81)
	at org.mybatis.spring.MyBatisExceptionTranslator.translateExceptionIfPossible(MyBatisExceptionTranslator.java:74)
	at org.mybatis.spring.SqlSessionTemplate$SqlSessionInterceptor.invoke(SqlSessionTemplate.java:399)
	at com.sun.proxy.$Proxy47.selectList(Unknown Source)
	at org.mybatis.spring.SqlSessionTemplate.selectList(SqlSessionTemplate.java:205)
	at org.apache.ibatis.binding.MapperMethod.executeForMany(MapperMethod.java:122)
	at org.apache.ibatis.binding.MapperMethod.execute(MapperMethod.java:64)
	at org.apache.ibatis.binding.MapperProxy.invoke(MapperProxy.java:53)
	at com.sun.proxy.$Proxy60.find2(Unknown Source)
	at com.a_268.base.core.BaseBiz.find(BaseBiz.java:83)
	at com.jiaowu.biz.courseArrangeEvaluate.CourseArrangeEvaluateBiz.autoAddCourseArrangeEvaluate(CourseArrangeEvaluateBiz.java:40)
	at sun.reflect.NativeMethodAccessorImpl.invoke0(Native Method)
	at sun.reflect.NativeMethodAccessorImpl.invoke(NativeMethodAccessorImpl.java:62)
	at sun.reflect.DelegatingMethodAccessorImpl.invoke(DelegatingMethodAccessorImpl.java:43)
	at java.lang.reflect.Method.invoke(Method.java:497)
	at org.springframework.util.MethodInvoker.invoke(MethodInvoker.java:269)
	at org.springframework.scheduling.quartz.MethodInvokingJobDetailFactoryBean$MethodInvokingJob.executeInternal(MethodInvokingJobDetailFactoryBean.java:257)
	... 3 more
Caused by: java.sql.SQLException: Could not retrieve transation read-only status server
	at com.mysql.jdbc.SQLError.createSQLException(SQLError.java:1078)
	at com.mysql.jdbc.SQLError.createSQLException(SQLError.java:989)
	at com.mysql.jdbc.SQLError.createSQLException(SQLError.java:975)
	at com.mysql.jdbc.SQLError.createSQLException(SQLError.java:920)
	at com.mysql.jdbc.SQLError.createSQLException(SQLError.java:951)
	at com.mysql.jdbc.SQLError.createSQLException(SQLError.java:941)
	at com.mysql.jdbc.ConnectionImpl.isReadOnly(ConnectionImpl.java:3936)
	at com.mysql.jdbc.ConnectionImpl.isReadOnly(ConnectionImpl.java:3907)
	at com.mysql.jdbc.PreparedStatement.checkReadOnlySafeStatement(PreparedStatement.java:1258)
	at com.mysql.jdbc.PreparedStatement.execute(PreparedStatement.java:1278)
	at com.jolbox.bonecp.PreparedStatementHandle.execute(PreparedStatementHandle.java:140)
	at sun.reflect.NativeMethodAccessorImpl.invoke0(Native Method)
	at sun.reflect.NativeMethodAccessorImpl.invoke(NativeMethodAccessorImpl.java:62)
	at sun.reflect.DelegatingMethodAccessorImpl.invoke(DelegatingMethodAccessorImpl.java:43)
	at java.lang.reflect.Method.invoke(Method.java:497)
	at org.apache.ibatis.logging.jdbc.PreparedStatementLogger.invoke(PreparedStatementLogger.java:59)
	at com.sun.proxy.$Proxy113.execute(Unknown Source)
	at org.apache.ibatis.executor.statement.PreparedStatementHandler.query(PreparedStatementHandler.java:62)
	at org.apache.ibatis.executor.statement.RoutingStatementHandler.query(RoutingStatementHandler.java:78)
	at org.apache.ibatis.executor.SimpleExecutor.doQuery(SimpleExecutor.java:62)
	at org.apache.ibatis.executor.BaseExecutor.queryFromDatabase(BaseExecutor.java:303)
	at org.apache.ibatis.executor.BaseExecutor.query(BaseExecutor.java:154)
	at org.apache.ibatis.executor.CachingExecutor.query(CachingExecutor.java:102)
	at org.apache.ibatis.executor.CachingExecutor.query(CachingExecutor.java:82)
	at sun.reflect.NativeMethodAccessorImpl.invoke0(Native Method)
	at sun.reflect.NativeMethodAccessorImpl.invoke(NativeMethodAccessorImpl.java:62)
	at sun.reflect.DelegatingMethodAccessorImpl.invoke(DelegatingMethodAccessorImpl.java:43)
	at java.lang.reflect.Method.invoke(Method.java:497)
	at org.apache.ibatis.plugin.Invocation.proceed(Invocation.java:49)
	at com.a_268.base.extend.LogSQLExcutionTimeInterceptor.intercept(LogSQLExcutionTimeInterceptor.java:35)
	at org.apache.ibatis.plugin.Plugin.invoke(Plugin.java:61)
	at com.sun.proxy.$Proxy111.query(Unknown Source)
	at sun.reflect.NativeMethodAccessorImpl.invoke0(Native Method)
	at sun.reflect.NativeMethodAccessorImpl.invoke(NativeMethodAccessorImpl.java:62)
	at sun.reflect.DelegatingMethodAccessorImpl.invoke(DelegatingMethodAccessorImpl.java:43)
	at java.lang.reflect.Method.invoke(Method.java:497)
	at org.apache.ibatis.plugin.Invocation.proceed(Invocation.java:49)
	at com.a_268.base.core.PaginationInterceptor.intercept(PaginationInterceptor.java:78)
	at org.apache.ibatis.plugin.Plugin.invoke(Plugin.java:61)
	at com.sun.proxy.$Proxy111.query(Unknown Source)
	at org.apache.ibatis.session.defaults.DefaultSqlSession.selectList(DefaultSqlSession.java:120)
	at org.apache.ibatis.session.defaults.DefaultSqlSession.selectList(DefaultSqlSession.java:113)
	at sun.reflect.NativeMethodAccessorImpl.invoke0(Native Method)
	at sun.reflect.NativeMethodAccessorImpl.invoke(NativeMethodAccessorImpl.java:62)
	at sun.reflect.DelegatingMethodAccessorImpl.invoke(DelegatingMethodAccessorImpl.java:43)
	at java.lang.reflect.Method.invoke(Method.java:497)
	at org.mybatis.spring.SqlSessionTemplate$SqlSessionInterceptor.invoke(SqlSessionTemplate.java:386)
	... 17 more
Caused by: com.mysql.jdbc.exceptions.jdbc4.CommunicationsException: Communications link failure

The last packet successfully received from the server was 159,133 milliseconds ago.  The last packet sent successfully to the server was 18 milliseconds ago.
	at sun.reflect.NativeConstructorAccessorImpl.newInstance0(Native Method)
	at sun.reflect.NativeConstructorAccessorImpl.newInstance(NativeConstructorAccessorImpl.java:62)
	at sun.reflect.DelegatingConstructorAccessorImpl.newInstance(DelegatingConstructorAccessorImpl.java:45)
	at java.lang.reflect.Constructor.newInstance(Constructor.java:422)
	at com.mysql.jdbc.Util.handleNewInstance(Util.java:411)
	at com.mysql.jdbc.SQLError.createCommunicationsException(SQLError.java:1121)
	at com.mysql.jdbc.MysqlIO.reuseAndReadPacket(MysqlIO.java:3603)
	at com.mysql.jdbc.MysqlIO.reuseAndReadPacket(MysqlIO.java:3492)
	at com.mysql.jdbc.MysqlIO.checkErrorPacket(MysqlIO.java:4043)
	at com.mysql.jdbc.MysqlIO.sendCommand(MysqlIO.java:2503)
	at com.mysql.jdbc.MysqlIO.sqlQueryDirect(MysqlIO.java:2664)
	at com.mysql.jdbc.ConnectionImpl.execSQL(ConnectionImpl.java:2809)
	at com.mysql.jdbc.ConnectionImpl.execSQL(ConnectionImpl.java:2758)
	at com.mysql.jdbc.StatementImpl.executeQuery(StatementImpl.java:1612)
	at com.mysql.jdbc.ConnectionImpl.isReadOnly(ConnectionImpl.java:3930)
	... 57 more
Caused by: java.io.EOFException: Can not read response from server. Expected to read 4 bytes, read 0 bytes before connection was unexpectedly lost.
	at com.mysql.jdbc.MysqlIO.readFully(MysqlIO.java:3052)
	at com.mysql.jdbc.MysqlIO.reuseAndReadPacket(MysqlIO.java:3503)
	... 65 more
[ERROR]-16:00:00-org.quartz.core.ErrorLogger - Job (DEFAULT.org.springframework.scheduling.quartz.MethodInvokingJobDetailFactoryBean#489da452 threw an exception.
org.quartz.SchedulerException: Job threw an unhandled exception. [See nested exception: org.springframework.scheduling.quartz.JobMethodInvocationFailedException: Invocation of method 'autoAddCourseArrangeEvaluate' on target class [class com.jiaowu.biz.courseArrangeEvaluate.CourseArrangeEvaluateBiz] failed; nested exception is org.springframework.dao.TransientDataAccessResourceException: 
### Error querying database.  Cause: java.sql.SQLException: Could not retrieve transation read-only status server
### The error may exist in InputStream resource [com.jiaowu.dao.course.CourseArrangeDao]
### The error may involve defaultParameterMap
### The error occurred while setting parameters
### SQL: select * from `CourseArrange` where  endTime>'2018-11-01 15:00:00' and endTime<'2018-11-01 16:00:00' and status=1
### Cause: java.sql.SQLException: Could not retrieve transation read-only status server
; SQL []; Could not retrieve transation read-only status server; nested exception is java.sql.SQLException: Could not retrieve transation read-only status server]
	at org.quartz.core.JobRunShell.run(JobRunShell.java:213)
	at org.quartz.simpl.SimpleThreadPool$WorkerThread.run(SimpleThreadPool.java:573)
Caused by: org.springframework.scheduling.quartz.JobMethodInvocationFailedException: Invocation of method 'autoAddCourseArrangeEvaluate' on target class [class com.jiaowu.biz.courseArrangeEvaluate.CourseArrangeEvaluateBiz] failed; nested exception is org.springframework.dao.TransientDataAccessResourceException: 
### Error querying database.  Cause: java.sql.SQLException: Could not retrieve transation read-only status server
### The error may exist in InputStream resource [com.jiaowu.dao.course.CourseArrangeDao]
### The error may involve defaultParameterMap
### The error occurred while setting parameters
### SQL: select * from `CourseArrange` where  endTime>'2018-11-01 15:00:00' and endTime<'2018-11-01 16:00:00' and status=1
### Cause: java.sql.SQLException: Could not retrieve transation read-only status server
; SQL []; Could not retrieve transation read-only status server; nested exception is java.sql.SQLException: Could not retrieve transation read-only status server
	at org.springframework.scheduling.quartz.MethodInvokingJobDetailFactoryBean$MethodInvokingJob.executeInternal(MethodInvokingJobDetailFactoryBean.java:266)
	at org.springframework.scheduling.quartz.QuartzJobBean.execute(QuartzJobBean.java:75)
	at org.quartz.core.JobRunShell.run(JobRunShell.java:202)
	... 1 more
Caused by: org.springframework.dao.TransientDataAccessResourceException: 
### Error querying database.  Cause: java.sql.SQLException: Could not retrieve transation read-only status server
### The error may exist in InputStream resource [com.jiaowu.dao.course.CourseArrangeDao]
### The error may involve defaultParameterMap
### The error occurred while setting parameters
### SQL: select * from `CourseArrange` where  endTime>'2018-11-01 15:00:00' and endTime<'2018-11-01 16:00:00' and status=1
### Cause: java.sql.SQLException: Could not retrieve transation read-only status server
; SQL []; Could not retrieve transation read-only status server; nested exception is java.sql.SQLException: Could not retrieve transation read-only status server
	at org.springframework.jdbc.support.SQLStateSQLExceptionTranslator.doTranslate(SQLStateSQLExceptionTranslator.java:108)
	at org.springframework.jdbc.support.AbstractFallbackSQLExceptionTranslator.translate(AbstractFallbackSQLExceptionTranslator.java:73)
	at org.springframework.jdbc.support.AbstractFallbackSQLExceptionTranslator.translate(AbstractFallbackSQLExceptionTranslator.java:81)
	at org.springframework.jdbc.support.AbstractFallbackSQLExceptionTranslator.translate(AbstractFallbackSQLExceptionTranslator.java:81)
	at org.mybatis.spring.MyBatisExceptionTranslator.translateExceptionIfPossible(MyBatisExceptionTranslator.java:74)
	at org.mybatis.spring.SqlSessionTemplate$SqlSessionInterceptor.invoke(SqlSessionTemplate.java:399)
	at com.sun.proxy.$Proxy47.selectList(Unknown Source)
	at org.mybatis.spring.SqlSessionTemplate.selectList(SqlSessionTemplate.java:205)
	at org.apache.ibatis.binding.MapperMethod.executeForMany(MapperMethod.java:122)
	at org.apache.ibatis.binding.MapperMethod.execute(MapperMethod.java:64)
	at org.apache.ibatis.binding.MapperProxy.invoke(MapperProxy.java:53)
	at com.sun.proxy.$Proxy60.find2(Unknown Source)
	at com.a_268.base.core.BaseBiz.find(BaseBiz.java:83)
	at com.jiaowu.biz.courseArrangeEvaluate.CourseArrangeEvaluateBiz.autoAddCourseArrangeEvaluate(CourseArrangeEvaluateBiz.java:40)
	at sun.reflect.NativeMethodAccessorImpl.invoke0(Native Method)
	at sun.reflect.NativeMethodAccessorImpl.invoke(NativeMethodAccessorImpl.java:62)
	at sun.reflect.DelegatingMethodAccessorImpl.invoke(DelegatingMethodAccessorImpl.java:43)
	at java.lang.reflect.Method.invoke(Method.java:497)
	at org.springframework.util.MethodInvoker.invoke(MethodInvoker.java:269)
	at org.springframework.scheduling.quartz.MethodInvokingJobDetailFactoryBean$MethodInvokingJob.executeInternal(MethodInvokingJobDetailFactoryBean.java:257)
	... 3 more
Caused by: java.sql.SQLException: Could not retrieve transation read-only status server
	at com.mysql.jdbc.SQLError.createSQLException(SQLError.java:1078)
	at com.mysql.jdbc.SQLError.createSQLException(SQLError.java:989)
	at com.mysql.jdbc.SQLError.createSQLException(SQLError.java:975)
	at com.mysql.jdbc.SQLError.createSQLException(SQLError.java:920)
	at com.mysql.jdbc.SQLError.createSQLException(SQLError.java:951)
	at com.mysql.jdbc.SQLError.createSQLException(SQLError.java:941)
	at com.mysql.jdbc.ConnectionImpl.isReadOnly(ConnectionImpl.java:3936)
	at com.mysql.jdbc.ConnectionImpl.isReadOnly(ConnectionImpl.java:3907)
	at com.mysql.jdbc.PreparedStatement.checkReadOnlySafeStatement(PreparedStatement.java:1258)
	at com.mysql.jdbc.PreparedStatement.execute(PreparedStatement.java:1278)
	at com.jolbox.bonecp.PreparedStatementHandle.execute(PreparedStatementHandle.java:140)
	at sun.reflect.NativeMethodAccessorImpl.invoke0(Native Method)
	at sun.reflect.NativeMethodAccessorImpl.invoke(NativeMethodAccessorImpl.java:62)
	at sun.reflect.DelegatingMethodAccessorImpl.invoke(DelegatingMethodAccessorImpl.java:43)
	at java.lang.reflect.Method.invoke(Method.java:497)
	at org.apache.ibatis.logging.jdbc.PreparedStatementLogger.invoke(PreparedStatementLogger.java:59)
	at com.sun.proxy.$Proxy113.execute(Unknown Source)
	at org.apache.ibatis.executor.statement.PreparedStatementHandler.query(PreparedStatementHandler.java:62)
	at org.apache.ibatis.executor.statement.RoutingStatementHandler.query(RoutingStatementHandler.java:78)
	at org.apache.ibatis.executor.SimpleExecutor.doQuery(SimpleExecutor.java:62)
	at org.apache.ibatis.executor.BaseExecutor.queryFromDatabase(BaseExecutor.java:303)
	at org.apache.ibatis.executor.BaseExecutor.query(BaseExecutor.java:154)
	at org.apache.ibatis.executor.CachingExecutor.query(CachingExecutor.java:102)
	at org.apache.ibatis.executor.CachingExecutor.query(CachingExecutor.java:82)
	at sun.reflect.NativeMethodAccessorImpl.invoke0(Native Method)
	at sun.reflect.NativeMethodAccessorImpl.invoke(NativeMethodAccessorImpl.java:62)
	at sun.reflect.DelegatingMethodAccessorImpl.invoke(DelegatingMethodAccessorImpl.java:43)
	at java.lang.reflect.Method.invoke(Method.java:497)
	at org.apache.ibatis.plugin.Invocation.proceed(Invocation.java:49)
	at com.a_268.base.extend.LogSQLExcutionTimeInterceptor.intercept(LogSQLExcutionTimeInterceptor.java:35)
	at org.apache.ibatis.plugin.Plugin.invoke(Plugin.java:61)
	at com.sun.proxy.$Proxy111.query(Unknown Source)
	at sun.reflect.NativeMethodAccessorImpl.invoke0(Native Method)
	at sun.reflect.NativeMethodAccessorImpl.invoke(NativeMethodAccessorImpl.java:62)
	at sun.reflect.DelegatingMethodAccessorImpl.invoke(DelegatingMethodAccessorImpl.java:43)
	at java.lang.reflect.Method.invoke(Method.java:497)
	at org.apache.ibatis.plugin.Invocation.proceed(Invocation.java:49)
	at com.a_268.base.core.PaginationInterceptor.intercept(PaginationInterceptor.java:78)
	at org.apache.ibatis.plugin.Plugin.invoke(Plugin.java:61)
	at com.sun.proxy.$Proxy111.query(Unknown Source)
	at org.apache.ibatis.session.defaults.DefaultSqlSession.selectList(DefaultSqlSession.java:120)
	at org.apache.ibatis.session.defaults.DefaultSqlSession.selectList(DefaultSqlSession.java:113)
	at sun.reflect.NativeMethodAccessorImpl.invoke0(Native Method)
	at sun.reflect.NativeMethodAccessorImpl.invoke(NativeMethodAccessorImpl.java:62)
	at sun.reflect.DelegatingMethodAccessorImpl.invoke(DelegatingMethodAccessorImpl.java:43)
	at java.lang.reflect.Method.invoke(Method.java:497)
	at org.mybatis.spring.SqlSessionTemplate$SqlSessionInterceptor.invoke(SqlSessionTemplate.java:386)
	... 17 more
Caused by: com.mysql.jdbc.exceptions.jdbc4.CommunicationsException: Communications link failure

The last packet successfully received from the server was 159,133 milliseconds ago.  The last packet sent successfully to the server was 18 milliseconds ago.
	at sun.reflect.NativeConstructorAccessorImpl.newInstance0(Native Method)
	at sun.reflect.NativeConstructorAccessorImpl.newInstance(NativeConstructorAccessorImpl.java:62)
	at sun.reflect.DelegatingConstructorAccessorImpl.newInstance(DelegatingConstructorAccessorImpl.java:45)
	at java.lang.reflect.Constructor.newInstance(Constructor.java:422)
	at com.mysql.jdbc.Util.handleNewInstance(Util.java:411)
	at com.mysql.jdbc.SQLError.createCommunicationsException(SQLError.java:1121)
	at com.mysql.jdbc.MysqlIO.reuseAndReadPacket(MysqlIO.java:3603)
	at com.mysql.jdbc.MysqlIO.reuseAndReadPacket(MysqlIO.java:3492)
	at com.mysql.jdbc.MysqlIO.checkErrorPacket(MysqlIO.java:4043)
	at com.mysql.jdbc.MysqlIO.sendCommand(MysqlIO.java:2503)
	at com.mysql.jdbc.MysqlIO.sqlQueryDirect(MysqlIO.java:2664)
	at com.mysql.jdbc.ConnectionImpl.execSQL(ConnectionImpl.java:2809)
	at com.mysql.jdbc.ConnectionImpl.execSQL(ConnectionImpl.java:2758)
	at com.mysql.jdbc.StatementImpl.executeQuery(StatementImpl.java:1612)
	at com.mysql.jdbc.ConnectionImpl.isReadOnly(ConnectionImpl.java:3930)
	... 57 more
Caused by: java.io.EOFException: Can not read response from server. Expected to read 4 bytes, read 0 bytes before connection was unexpectedly lost.
	at com.mysql.jdbc.MysqlIO.readFully(MysqlIO.java:3052)
	at com.mysql.jdbc.MysqlIO.reuseAndReadPacket(MysqlIO.java:3503)
	... 65 more
[WARN]-16:01:45-com.jolbox.bonecp.BoneCPConfig - Please use setIdleConnectionTestPeriodInMinutes in place of setIdleConnectionTestPeriod. This method has been deprecated.
[WARN]-16:01:45-com.jolbox.bonecp.BoneCPConfig - Please use setIdleMaxAgeInMinutes in place of setIdleMaxAge. This method has been deprecated.
[WARN]-16:01:45-com.jolbox.bonecp.BoneCPConfig - releaseHelperThreads has been deprecated -- it tends to slow down your application more.
[WARN]-16:01:45-com.jolbox.bonecp.BoneCPConfig - statementReleaseHelperThreads has been deprecated -- it tends to slow down your application more.
[WARN]-16:02:33-com.jolbox.bonecp.BoneCPConfig - Please use setIdleConnectionTestPeriodInMinutes in place of setIdleConnectionTestPeriod. This method has been deprecated.
[WARN]-16:02:33-com.jolbox.bonecp.BoneCPConfig - Please use setIdleMaxAgeInMinutes in place of setIdleMaxAge. This method has been deprecated.
[WARN]-16:02:33-com.jolbox.bonecp.BoneCPConfig - releaseHelperThreads has been deprecated -- it tends to slow down your application more.
[WARN]-16:02:33-com.jolbox.bonecp.BoneCPConfig - statementReleaseHelperThreads has been deprecated -- it tends to slow down your application more.
[WARN]-16:05:15-com.jolbox.bonecp.BoneCPConfig - Please use setIdleConnectionTestPeriodInMinutes in place of setIdleConnectionTestPeriod. This method has been deprecated.
[WARN]-16:05:15-com.jolbox.bonecp.BoneCPConfig - Please use setIdleMaxAgeInMinutes in place of setIdleMaxAge. This method has been deprecated.
[WARN]-16:05:15-com.jolbox.bonecp.BoneCPConfig - releaseHelperThreads has been deprecated -- it tends to slow down your application more.
[WARN]-16:05:15-com.jolbox.bonecp.BoneCPConfig - statementReleaseHelperThreads has been deprecated -- it tends to slow down your application more.
[WARN]-16:07:42-org.apache.ibatis.executor.BaseExecutor - Unexpected exception on closing transaction.  Cause: com.mysql.jdbc.exceptions.jdbc4.MySQLNonTransientConnectionException: No operations allowed after connection closed.
[ERROR]-16:07:42-com.jolbox.bonecp.ConnectionHandle - Database access problem. Killing off this connection and all remaining connections in the connection pool. SQL State = 08007
[ERROR]-16:07:42-com.jolbox.bonecp.BoneCP - Error in attempting to close connection
com.mysql.jdbc.exceptions.jdbc4.MySQLNonTransientConnectionException: Communications link failure during rollback(). Transaction resolution unknown.
	at sun.reflect.NativeConstructorAccessorImpl.newInstance0(Native Method)
	at sun.reflect.NativeConstructorAccessorImpl.newInstance(NativeConstructorAccessorImpl.java:62)
	at sun.reflect.DelegatingConstructorAccessorImpl.newInstance(DelegatingConstructorAccessorImpl.java:45)
	at java.lang.reflect.Constructor.newInstance(Constructor.java:422)
	at com.mysql.jdbc.Util.handleNewInstance(Util.java:411)
	at com.mysql.jdbc.Util.getInstance(Util.java:386)
	at com.mysql.jdbc.SQLError.createSQLException(SQLError.java:1015)
	at com.mysql.jdbc.SQLError.createSQLException(SQLError.java:989)
	at com.mysql.jdbc.SQLError.createSQLException(SQLError.java:975)
	at com.mysql.jdbc.SQLError.createSQLException(SQLError.java:920)
	at com.mysql.jdbc.ConnectionImpl.rollback(ConnectionImpl.java:5062)
	at com.mysql.jdbc.ConnectionImpl.realClose(ConnectionImpl.java:4654)
	at com.mysql.jdbc.ConnectionImpl.close(ConnectionImpl.java:1630)
	at com.jolbox.bonecp.ConnectionHandle.internalClose(ConnectionHandle.java:549)
	at com.jolbox.bonecp.BoneCP.destroyConnection(BoneCP.java:219)
	at com.jolbox.bonecp.DefaultConnectionStrategy.terminateAllConnections(DefaultConnectionStrategy.java:112)
	at com.jolbox.bonecp.ConnectionHandle.markPossiblyBroken(ConnectionHandle.java:389)
	at com.jolbox.bonecp.ConnectionHandle.close(ConnectionHandle.java:535)
	at org.springframework.jdbc.datasource.DataSourceUtils.doCloseConnection(DataSourceUtils.java:341)
	at org.springframework.jdbc.datasource.DataSourceUtils.doReleaseConnection(DataSourceUtils.java:328)
	at org.springframework.jdbc.datasource.DataSourceUtils.releaseConnection(DataSourceUtils.java:294)
	at org.springframework.jdbc.support.JdbcUtils.extractDatabaseMetaData(JdbcUtils.java:349)
	at org.springframework.jdbc.support.JdbcUtils.extractDatabaseMetaData(JdbcUtils.java:366)
	at org.springframework.jdbc.support.SQLErrorCodesFactory.getErrorCodes(SQLErrorCodesFactory.java:212)
	at org.springframework.jdbc.support.SQLErrorCodeSQLExceptionTranslator.setDataSource(SQLErrorCodeSQLExceptionTranslator.java:134)
	at org.springframework.jdbc.support.SQLErrorCodeSQLExceptionTranslator.<init>(SQLErrorCodeSQLExceptionTranslator.java:97)
	at org.mybatis.spring.MyBatisExceptionTranslator.initExceptionTranslator(MyBatisExceptionTranslator.java:86)
	at org.mybatis.spring.MyBatisExceptionTranslator.translateExceptionIfPossible(MyBatisExceptionTranslator.java:73)
	at org.mybatis.spring.SqlSessionTemplate$SqlSessionInterceptor.invoke(SqlSessionTemplate.java:399)
	at com.sun.proxy.$Proxy47.insert(Unknown Source)
	at org.mybatis.spring.SqlSessionTemplate.insert(SqlSessionTemplate.java:253)
	at org.apache.ibatis.binding.MapperMethod.execute(MapperMethod.java:52)
	at org.apache.ibatis.binding.MapperProxy.invoke(MapperProxy.java:53)
	at com.sun.proxy.$Proxy71.add(Unknown Source)
	at com.a_268.base.core.BaseBiz.save(BaseBiz.java:122)
	at com.jiaowu.controller.workAttendance.WorkAttendanceController.createHoliday(WorkAttendanceController.java:120)
	at sun.reflect.NativeMethodAccessorImpl.invoke0(Native Method)
	at sun.reflect.NativeMethodAccessorImpl.invoke(NativeMethodAccessorImpl.java:62)
	at sun.reflect.DelegatingMethodAccessorImpl.invoke(DelegatingMethodAccessorImpl.java:43)
	at java.lang.reflect.Method.invoke(Method.java:497)
	at org.springframework.web.method.support.InvocableHandlerMethod.doInvoke(InvocableHandlerMethod.java:205)
	at org.springframework.web.method.support.InvocableHandlerMethod.invokeForRequest(InvocableHandlerMethod.java:133)
	at org.springframework.web.servlet.mvc.method.annotation.ServletInvocableHandlerMethod.invokeAndHandle(ServletInvocableHandlerMethod.java:116)
	at org.springframework.web.servlet.mvc.method.annotation.RequestMappingHandlerAdapter.invokeHandlerMethod(RequestMappingHandlerAdapter.java:827)
	at org.springframework.web.servlet.mvc.method.annotation.RequestMappingHandlerAdapter.handleInternal(RequestMappingHandlerAdapter.java:738)
	at org.springframework.web.servlet.mvc.method.AbstractHandlerMethodAdapter.handle(AbstractHandlerMethodAdapter.java:85)
	at org.springframework.web.servlet.DispatcherServlet.doDispatch(DispatcherServlet.java:963)
	at org.springframework.web.servlet.DispatcherServlet.doService(DispatcherServlet.java:897)
	at org.springframework.web.servlet.FrameworkServlet.processRequest(FrameworkServlet.java:970)
	at org.springframework.web.servlet.FrameworkServlet.doPost(FrameworkServlet.java:872)
	at javax.servlet.http.HttpServlet.service(HttpServlet.java:647)
	at org.springframework.web.servlet.FrameworkServlet.service(FrameworkServlet.java:846)
	at javax.servlet.http.HttpServlet.service(HttpServlet.java:728)
	at org.apache.catalina.core.ApplicationFilterChain.internalDoFilter(ApplicationFilterChain.java:305)
	at org.apache.catalina.core.ApplicationFilterChain.doFilter(ApplicationFilterChain.java:210)
	at org.apache.tomcat.websocket.server.WsFilter.doFilter(WsFilter.java:51)
	at org.apache.catalina.core.ApplicationFilterChain.internalDoFilter(ApplicationFilterChain.java:243)
	at org.apache.catalina.core.ApplicationFilterChain.doFilter(ApplicationFilterChain.java:210)
	at org.sitemesh.webapp.contentfilter.ContentBufferingFilter.bufferAndPostProcess(ContentBufferingFilter.java:169)
	at org.sitemesh.webapp.contentfilter.ContentBufferingFilter.doFilter(ContentBufferingFilter.java:126)
	at org.sitemesh.webapp.SiteMeshFilter.doFilter(SiteMeshFilter.java:120)
	at org.sitemesh.config.ConfigurableSiteMeshFilter.doFilter(ConfigurableSiteMeshFilter.java:163)
	at org.apache.catalina.core.ApplicationFilterChain.internalDoFilter(ApplicationFilterChain.java:243)
	at org.apache.catalina.core.ApplicationFilterChain.doFilter(ApplicationFilterChain.java:210)
	at org.springframework.web.filter.CharacterEncodingFilter.doFilterInternal(CharacterEncodingFilter.java:197)
	at org.springframework.web.filter.OncePerRequestFilter.doFilter(OncePerRequestFilter.java:107)
	at org.apache.catalina.core.ApplicationFilterChain.internalDoFilter(ApplicationFilterChain.java:243)
	at org.apache.catalina.core.ApplicationFilterChain.doFilter(ApplicationFilterChain.java:210)
	at org.apache.catalina.core.StandardWrapperValve.invoke(StandardWrapperValve.java:222)
	at org.apache.catalina.core.StandardContextValve.invoke(StandardContextValve.java:123)
	at org.apache.catalina.authenticator.AuthenticatorBase.invoke(AuthenticatorBase.java:502)
	at org.apache.catalina.core.StandardHostValve.invoke(StandardHostValve.java:171)
	at org.apache.catalina.valves.ErrorReportValve.invoke(ErrorReportValve.java:100)
	at org.apache.catalina.valves.AccessLogValve.invoke(AccessLogValve.java:953)
	at org.apache.catalina.core.StandardEngineValve.invoke(StandardEngineValve.java:118)
	at org.apache.catalina.connector.CoyoteAdapter.service(CoyoteAdapter.java:408)
	at org.apache.coyote.http11.AbstractHttp11Processor.process(AbstractHttp11Processor.java:1041)
	at org.apache.coyote.AbstractProtocol$AbstractConnectionHandler.process(AbstractProtocol.java:603)
	at org.apache.tomcat.util.net.JIoEndpoint$SocketProcessor.run(JIoEndpoint.java:310)
	at java.util.concurrent.ThreadPoolExecutor.runWorker(ThreadPoolExecutor.java:1142)
	at java.util.concurrent.ThreadPoolExecutor$Worker.run(ThreadPoolExecutor.java:617)
	at java.lang.Thread.run(Thread.java:745)
[ERROR]-16:07:42-com.jolbox.bonecp.ConnectionHandle - Database access problem. Killing off this connection and all remaining connections in the connection pool. SQL State = 08007
[ERROR]-16:07:42-com.jolbox.bonecp.BoneCP - Error in attempting to close connection
com.mysql.jdbc.exceptions.jdbc4.MySQLNonTransientConnectionException: Communications link failure during rollback(). Transaction resolution unknown.
	at sun.reflect.NativeConstructorAccessorImpl.newInstance0(Native Method)
	at sun.reflect.NativeConstructorAccessorImpl.newInstance(NativeConstructorAccessorImpl.java:62)
	at sun.reflect.DelegatingConstructorAccessorImpl.newInstance(DelegatingConstructorAccessorImpl.java:45)
	at java.lang.reflect.Constructor.newInstance(Constructor.java:422)
	at com.mysql.jdbc.Util.handleNewInstance(Util.java:411)
	at com.mysql.jdbc.Util.getInstance(Util.java:386)
	at com.mysql.jdbc.SQLError.createSQLException(SQLError.java:1015)
	at com.mysql.jdbc.SQLError.createSQLException(SQLError.java:989)
	at com.mysql.jdbc.SQLError.createSQLException(SQLError.java:975)
	at com.mysql.jdbc.SQLError.createSQLException(SQLError.java:920)
	at com.mysql.jdbc.ConnectionImpl.rollback(ConnectionImpl.java:5062)
	at com.mysql.jdbc.ConnectionImpl.realClose(ConnectionImpl.java:4654)
	at com.mysql.jdbc.ConnectionImpl.close(ConnectionImpl.java:1630)
	at com.jolbox.bonecp.ConnectionHandle.internalClose(ConnectionHandle.java:549)
	at com.jolbox.bonecp.BoneCP.destroyConnection(BoneCP.java:219)
	at com.jolbox.bonecp.DefaultConnectionStrategy.terminateAllConnections(DefaultConnectionStrategy.java:112)
	at com.jolbox.bonecp.ConnectionHandle.markPossiblyBroken(ConnectionHandle.java:389)
	at com.jolbox.bonecp.ConnectionHandle.close(ConnectionHandle.java:535)
	at org.springframework.jdbc.datasource.DataSourceUtils.doCloseConnection(DataSourceUtils.java:341)
	at org.springframework.jdbc.datasource.DataSourceUtils.doReleaseConnection(DataSourceUtils.java:328)
	at org.springframework.jdbc.datasource.DataSourceUtils.releaseConnection(DataSourceUtils.java:294)
	at org.springframework.jdbc.support.JdbcUtils.extractDatabaseMetaData(JdbcUtils.java:349)
	at org.springframework.jdbc.support.JdbcUtils.extractDatabaseMetaData(JdbcUtils.java:366)
	at org.springframework.jdbc.support.SQLErrorCodesFactory.getErrorCodes(SQLErrorCodesFactory.java:212)
	at org.springframework.jdbc.support.SQLErrorCodeSQLExceptionTranslator.setDataSource(SQLErrorCodeSQLExceptionTranslator.java:134)
	at org.springframework.jdbc.support.SQLErrorCodeSQLExceptionTranslator.<init>(SQLErrorCodeSQLExceptionTranslator.java:97)
	at org.mybatis.spring.MyBatisExceptionTranslator.initExceptionTranslator(MyBatisExceptionTranslator.java:86)
	at org.mybatis.spring.MyBatisExceptionTranslator.translateExceptionIfPossible(MyBatisExceptionTranslator.java:73)
	at org.mybatis.spring.SqlSessionTemplate$SqlSessionInterceptor.invoke(SqlSessionTemplate.java:399)
	at com.sun.proxy.$Proxy47.insert(Unknown Source)
	at org.mybatis.spring.SqlSessionTemplate.insert(SqlSessionTemplate.java:253)
	at org.apache.ibatis.binding.MapperMethod.execute(MapperMethod.java:52)
	at org.apache.ibatis.binding.MapperProxy.invoke(MapperProxy.java:53)
	at com.sun.proxy.$Proxy71.add(Unknown Source)
	at com.a_268.base.core.BaseBiz.save(BaseBiz.java:122)
	at com.jiaowu.controller.workAttendance.WorkAttendanceController.createHoliday(WorkAttendanceController.java:120)
	at sun.reflect.NativeMethodAccessorImpl.invoke0(Native Method)
	at sun.reflect.NativeMethodAccessorImpl.invoke(NativeMethodAccessorImpl.java:62)
	at sun.reflect.DelegatingMethodAccessorImpl.invoke(DelegatingMethodAccessorImpl.java:43)
	at java.lang.reflect.Method.invoke(Method.java:497)
	at org.springframework.web.method.support.InvocableHandlerMethod.doInvoke(InvocableHandlerMethod.java:205)
	at org.springframework.web.method.support.InvocableHandlerMethod.invokeForRequest(InvocableHandlerMethod.java:133)
	at org.springframework.web.servlet.mvc.method.annotation.ServletInvocableHandlerMethod.invokeAndHandle(ServletInvocableHandlerMethod.java:116)
	at org.springframework.web.servlet.mvc.method.annotation.RequestMappingHandlerAdapter.invokeHandlerMethod(RequestMappingHandlerAdapter.java:827)
	at org.springframework.web.servlet.mvc.method.annotation.RequestMappingHandlerAdapter.handleInternal(RequestMappingHandlerAdapter.java:738)
	at org.springframework.web.servlet.mvc.method.AbstractHandlerMethodAdapter.handle(AbstractHandlerMethodAdapter.java:85)
	at org.springframework.web.servlet.DispatcherServlet.doDispatch(DispatcherServlet.java:963)
	at org.springframework.web.servlet.DispatcherServlet.doService(DispatcherServlet.java:897)
	at org.springframework.web.servlet.FrameworkServlet.processRequest(FrameworkServlet.java:970)
	at org.springframework.web.servlet.FrameworkServlet.doPost(FrameworkServlet.java:872)
	at javax.servlet.http.HttpServlet.service(HttpServlet.java:647)
	at org.springframework.web.servlet.FrameworkServlet.service(FrameworkServlet.java:846)
	at javax.servlet.http.HttpServlet.service(HttpServlet.java:728)
	at org.apache.catalina.core.ApplicationFilterChain.internalDoFilter(ApplicationFilterChain.java:305)
	at org.apache.catalina.core.ApplicationFilterChain.doFilter(ApplicationFilterChain.java:210)
	at org.apache.tomcat.websocket.server.WsFilter.doFilter(WsFilter.java:51)
	at org.apache.catalina.core.ApplicationFilterChain.internalDoFilter(ApplicationFilterChain.java:243)
	at org.apache.catalina.core.ApplicationFilterChain.doFilter(ApplicationFilterChain.java:210)
	at org.sitemesh.webapp.contentfilter.ContentBufferingFilter.bufferAndPostProcess(ContentBufferingFilter.java:169)
	at org.sitemesh.webapp.contentfilter.ContentBufferingFilter.doFilter(ContentBufferingFilter.java:126)
	at org.sitemesh.webapp.SiteMeshFilter.doFilter(SiteMeshFilter.java:120)
	at org.sitemesh.config.ConfigurableSiteMeshFilter.doFilter(ConfigurableSiteMeshFilter.java:163)
	at org.apache.catalina.core.ApplicationFilterChain.internalDoFilter(ApplicationFilterChain.java:243)
	at org.apache.catalina.core.ApplicationFilterChain.doFilter(ApplicationFilterChain.java:210)
	at org.springframework.web.filter.CharacterEncodingFilter.doFilterInternal(CharacterEncodingFilter.java:197)
	at org.springframework.web.filter.OncePerRequestFilter.doFilter(OncePerRequestFilter.java:107)
	at org.apache.catalina.core.ApplicationFilterChain.internalDoFilter(ApplicationFilterChain.java:243)
	at org.apache.catalina.core.ApplicationFilterChain.doFilter(ApplicationFilterChain.java:210)
	at org.apache.catalina.core.StandardWrapperValve.invoke(StandardWrapperValve.java:222)
	at org.apache.catalina.core.StandardContextValve.invoke(StandardContextValve.java:123)
	at org.apache.catalina.authenticator.AuthenticatorBase.invoke(AuthenticatorBase.java:502)
	at org.apache.catalina.core.StandardHostValve.invoke(StandardHostValve.java:171)
	at org.apache.catalina.valves.ErrorReportValve.invoke(ErrorReportValve.java:100)
	at org.apache.catalina.valves.AccessLogValve.invoke(AccessLogValve.java:953)
	at org.apache.catalina.core.StandardEngineValve.invoke(StandardEngineValve.java:118)
	at org.apache.catalina.connector.CoyoteAdapter.service(CoyoteAdapter.java:408)
	at org.apache.coyote.http11.AbstractHttp11Processor.process(AbstractHttp11Processor.java:1041)
	at org.apache.coyote.AbstractProtocol$AbstractConnectionHandler.process(AbstractProtocol.java:603)
	at org.apache.tomcat.util.net.JIoEndpoint$SocketProcessor.run(JIoEndpoint.java:310)
	at java.util.concurrent.ThreadPoolExecutor.runWorker(ThreadPoolExecutor.java:1142)
	at java.util.concurrent.ThreadPoolExecutor$Worker.run(ThreadPoolExecutor.java:617)
	at java.lang.Thread.run(Thread.java:745)
[ERROR]-16:07:42-com.jolbox.bonecp.ConnectionHandle - Database access problem. Killing off this connection and all remaining connections in the connection pool. SQL State = 08007
[ERROR]-16:07:42-com.jolbox.bonecp.BoneCP - Error in attempting to close connection
com.mysql.jdbc.exceptions.jdbc4.MySQLNonTransientConnectionException: Communications link failure during rollback(). Transaction resolution unknown.
	at sun.reflect.NativeConstructorAccessorImpl.newInstance0(Native Method)
	at sun.reflect.NativeConstructorAccessorImpl.newInstance(NativeConstructorAccessorImpl.java:62)
	at sun.reflect.DelegatingConstructorAccessorImpl.newInstance(DelegatingConstructorAccessorImpl.java:45)
	at java.lang.reflect.Constructor.newInstance(Constructor.java:422)
	at com.mysql.jdbc.Util.handleNewInstance(Util.java:411)
	at com.mysql.jdbc.Util.getInstance(Util.java:386)
	at com.mysql.jdbc.SQLError.createSQLException(SQLError.java:1015)
	at com.mysql.jdbc.SQLError.createSQLException(SQLError.java:989)
	at com.mysql.jdbc.SQLError.createSQLException(SQLError.java:975)
	at com.mysql.jdbc.SQLError.createSQLException(SQLError.java:920)
	at com.mysql.jdbc.ConnectionImpl.rollback(ConnectionImpl.java:5062)
	at com.mysql.jdbc.ConnectionImpl.realClose(ConnectionImpl.java:4654)
	at com.mysql.jdbc.ConnectionImpl.close(ConnectionImpl.java:1630)
	at com.jolbox.bonecp.ConnectionHandle.internalClose(ConnectionHandle.java:549)
	at com.jolbox.bonecp.BoneCP.destroyConnection(BoneCP.java:219)
	at com.jolbox.bonecp.DefaultConnectionStrategy.terminateAllConnections(DefaultConnectionStrategy.java:112)
	at com.jolbox.bonecp.ConnectionHandle.markPossiblyBroken(ConnectionHandle.java:389)
	at com.jolbox.bonecp.ConnectionHandle.close(ConnectionHandle.java:535)
	at org.springframework.jdbc.datasource.DataSourceUtils.doCloseConnection(DataSourceUtils.java:341)
	at org.springframework.jdbc.datasource.DataSourceUtils.doReleaseConnection(DataSourceUtils.java:328)
	at org.springframework.jdbc.datasource.DataSourceUtils.releaseConnection(DataSourceUtils.java:294)
	at org.springframework.jdbc.support.JdbcUtils.extractDatabaseMetaData(JdbcUtils.java:349)
	at org.springframework.jdbc.support.JdbcUtils.extractDatabaseMetaData(JdbcUtils.java:366)
	at org.springframework.jdbc.support.SQLErrorCodesFactory.getErrorCodes(SQLErrorCodesFactory.java:212)
	at org.springframework.jdbc.support.SQLErrorCodeSQLExceptionTranslator.setDataSource(SQLErrorCodeSQLExceptionTranslator.java:134)
	at org.springframework.jdbc.support.SQLErrorCodeSQLExceptionTranslator.<init>(SQLErrorCodeSQLExceptionTranslator.java:97)
	at org.mybatis.spring.MyBatisExceptionTranslator.initExceptionTranslator(MyBatisExceptionTranslator.java:86)
	at org.mybatis.spring.MyBatisExceptionTranslator.translateExceptionIfPossible(MyBatisExceptionTranslator.java:73)
	at org.mybatis.spring.SqlSessionTemplate$SqlSessionInterceptor.invoke(SqlSessionTemplate.java:399)
	at com.sun.proxy.$Proxy47.insert(Unknown Source)
	at org.mybatis.spring.SqlSessionTemplate.insert(SqlSessionTemplate.java:253)
	at org.apache.ibatis.binding.MapperMethod.execute(MapperMethod.java:52)
	at org.apache.ibatis.binding.MapperProxy.invoke(MapperProxy.java:53)
	at com.sun.proxy.$Proxy71.add(Unknown Source)
	at com.a_268.base.core.BaseBiz.save(BaseBiz.java:122)
	at com.jiaowu.controller.workAttendance.WorkAttendanceController.createHoliday(WorkAttendanceController.java:120)
	at sun.reflect.NativeMethodAccessorImpl.invoke0(Native Method)
	at sun.reflect.NativeMethodAccessorImpl.invoke(NativeMethodAccessorImpl.java:62)
	at sun.reflect.DelegatingMethodAccessorImpl.invoke(DelegatingMethodAccessorImpl.java:43)
	at java.lang.reflect.Method.invoke(Method.java:497)
	at org.springframework.web.method.support.InvocableHandlerMethod.doInvoke(InvocableHandlerMethod.java:205)
	at org.springframework.web.method.support.InvocableHandlerMethod.invokeForRequest(InvocableHandlerMethod.java:133)
	at org.springframework.web.servlet.mvc.method.annotation.ServletInvocableHandlerMethod.invokeAndHandle(ServletInvocableHandlerMethod.java:116)
	at org.springframework.web.servlet.mvc.method.annotation.RequestMappingHandlerAdapter.invokeHandlerMethod(RequestMappingHandlerAdapter.java:827)
	at org.springframework.web.servlet.mvc.method.annotation.RequestMappingHandlerAdapter.handleInternal(RequestMappingHandlerAdapter.java:738)
	at org.springframework.web.servlet.mvc.method.AbstractHandlerMethodAdapter.handle(AbstractHandlerMethodAdapter.java:85)
	at org.springframework.web.servlet.DispatcherServlet.doDispatch(DispatcherServlet.java:963)
	at org.springframework.web.servlet.DispatcherServlet.doService(DispatcherServlet.java:897)
	at org.springframework.web.servlet.FrameworkServlet.processRequest(FrameworkServlet.java:970)
	at org.springframework.web.servlet.FrameworkServlet.doPost(FrameworkServlet.java:872)
	at javax.servlet.http.HttpServlet.service(HttpServlet.java:647)
	at org.springframework.web.servlet.FrameworkServlet.service(FrameworkServlet.java:846)
	at javax.servlet.http.HttpServlet.service(HttpServlet.java:728)
	at org.apache.catalina.core.ApplicationFilterChain.internalDoFilter(ApplicationFilterChain.java:305)
	at org.apache.catalina.core.ApplicationFilterChain.doFilter(ApplicationFilterChain.java:210)
	at org.apache.tomcat.websocket.server.WsFilter.doFilter(WsFilter.java:51)
	at org.apache.catalina.core.ApplicationFilterChain.internalDoFilter(ApplicationFilterChain.java:243)
	at org.apache.catalina.core.ApplicationFilterChain.doFilter(ApplicationFilterChain.java:210)
	at org.sitemesh.webapp.contentfilter.ContentBufferingFilter.bufferAndPostProcess(ContentBufferingFilter.java:169)
	at org.sitemesh.webapp.contentfilter.ContentBufferingFilter.doFilter(ContentBufferingFilter.java:126)
	at org.sitemesh.webapp.SiteMeshFilter.doFilter(SiteMeshFilter.java:120)
	at org.sitemesh.config.ConfigurableSiteMeshFilter.doFilter(ConfigurableSiteMeshFilter.java:163)
	at org.apache.catalina.core.ApplicationFilterChain.internalDoFilter(ApplicationFilterChain.java:243)
	at org.apache.catalina.core.ApplicationFilterChain.doFilter(ApplicationFilterChain.java:210)
	at org.springframework.web.filter.CharacterEncodingFilter.doFilterInternal(CharacterEncodingFilter.java:197)
	at org.springframework.web.filter.OncePerRequestFilter.doFilter(OncePerRequestFilter.java:107)
	at org.apache.catalina.core.ApplicationFilterChain.internalDoFilter(ApplicationFilterChain.java:243)
	at org.apache.catalina.core.ApplicationFilterChain.doFilter(ApplicationFilterChain.java:210)
	at org.apache.catalina.core.StandardWrapperValve.invoke(StandardWrapperValve.java:222)
	at org.apache.catalina.core.StandardContextValve.invoke(StandardContextValve.java:123)
	at org.apache.catalina.authenticator.AuthenticatorBase.invoke(AuthenticatorBase.java:502)
	at org.apache.catalina.core.StandardHostValve.invoke(StandardHostValve.java:171)
	at org.apache.catalina.valves.ErrorReportValve.invoke(ErrorReportValve.java:100)
	at org.apache.catalina.valves.AccessLogValve.invoke(AccessLogValve.java:953)
	at org.apache.catalina.core.StandardEngineValve.invoke(StandardEngineValve.java:118)
	at org.apache.catalina.connector.CoyoteAdapter.service(CoyoteAdapter.java:408)
	at org.apache.coyote.http11.AbstractHttp11Processor.process(AbstractHttp11Processor.java:1041)
	at org.apache.coyote.AbstractProtocol$AbstractConnectionHandler.process(AbstractProtocol.java:603)
	at org.apache.tomcat.util.net.JIoEndpoint$SocketProcessor.run(JIoEndpoint.java:310)
	at java.util.concurrent.ThreadPoolExecutor.runWorker(ThreadPoolExecutor.java:1142)
	at java.util.concurrent.ThreadPoolExecutor$Worker.run(ThreadPoolExecutor.java:617)
	at java.lang.Thread.run(Thread.java:745)
[WARN]-16:11:10-com.jolbox.bonecp.BoneCPConfig - Please use setIdleConnectionTestPeriodInMinutes in place of setIdleConnectionTestPeriod. This method has been deprecated.
[WARN]-16:11:10-com.jolbox.bonecp.BoneCPConfig - Please use setIdleMaxAgeInMinutes in place of setIdleMaxAge. This method has been deprecated.
[WARN]-16:11:10-com.jolbox.bonecp.BoneCPConfig - releaseHelperThreads has been deprecated -- it tends to slow down your application more.
[WARN]-16:11:10-com.jolbox.bonecp.BoneCPConfig - statementReleaseHelperThreads has been deprecated -- it tends to slow down your application more.
[WARN]-16:16:30-com.jolbox.bonecp.BoneCPConfig - Please use setIdleConnectionTestPeriodInMinutes in place of setIdleConnectionTestPeriod. This method has been deprecated.
[WARN]-16:16:30-com.jolbox.bonecp.BoneCPConfig - Please use setIdleMaxAgeInMinutes in place of setIdleMaxAge. This method has been deprecated.
[WARN]-16:16:30-com.jolbox.bonecp.BoneCPConfig - releaseHelperThreads has been deprecated -- it tends to slow down your application more.
[WARN]-16:16:30-com.jolbox.bonecp.BoneCPConfig - statementReleaseHelperThreads has been deprecated -- it tends to slow down your application more.
[WARN]-16:51:47-com.jolbox.bonecp.BoneCPConfig - Please use setIdleConnectionTestPeriodInMinutes in place of setIdleConnectionTestPeriod. This method has been deprecated.
[WARN]-16:51:47-com.jolbox.bonecp.BoneCPConfig - Please use setIdleMaxAgeInMinutes in place of setIdleMaxAge. This method has been deprecated.
[WARN]-16:51:47-com.jolbox.bonecp.BoneCPConfig - releaseHelperThreads has been deprecated -- it tends to slow down your application more.
[WARN]-16:51:47-com.jolbox.bonecp.BoneCPConfig - statementReleaseHelperThreads has been deprecated -- it tends to slow down your application more.
[WARN]-17:35:47-com.jolbox.bonecp.BoneCPConfig - Please use setIdleConnectionTestPeriodInMinutes in place of setIdleConnectionTestPeriod. This method has been deprecated.
[WARN]-17:35:47-com.jolbox.bonecp.BoneCPConfig - Please use setIdleMaxAgeInMinutes in place of setIdleMaxAge. This method has been deprecated.
[WARN]-17:35:47-com.jolbox.bonecp.BoneCPConfig - releaseHelperThreads has been deprecated -- it tends to slow down your application more.
[WARN]-17:35:47-com.jolbox.bonecp.BoneCPConfig - statementReleaseHelperThreads has been deprecated -- it tends to slow down your application more.
[WARN]-17:37:44-com.jolbox.bonecp.BoneCPConfig - Please use setIdleConnectionTestPeriodInMinutes in place of setIdleConnectionTestPeriod. This method has been deprecated.
[WARN]-17:37:44-com.jolbox.bonecp.BoneCPConfig - Please use setIdleMaxAgeInMinutes in place of setIdleMaxAge. This method has been deprecated.
[WARN]-17:37:44-com.jolbox.bonecp.BoneCPConfig - releaseHelperThreads has been deprecated -- it tends to slow down your application more.
[WARN]-17:37:44-com.jolbox.bonecp.BoneCPConfig - statementReleaseHelperThreads has been deprecated -- it tends to slow down your application more.
[ERROR]-17:48:04-com.jiaowu.biz.common.umc.DpWebServiceImpl - UMCwifi: 13984193373, UMC: 
[ERROR]-17:48:04-com.jiaowu.biz.common.umc.DpWebServiceImpl - wifi: 13984193373, UMC
[WARN]-18:02:38-com.jolbox.bonecp.BoneCPConfig - Please use setIdleConnectionTestPeriodInMinutes in place of setIdleConnectionTestPeriod. This method has been deprecated.
[WARN]-18:02:38-com.jolbox.bonecp.BoneCPConfig - Please use setIdleMaxAgeInMinutes in place of setIdleMaxAge. This method has been deprecated.
[WARN]-18:02:38-com.jolbox.bonecp.BoneCPConfig - releaseHelperThreads has been deprecated -- it tends to slow down your application more.
[WARN]-18:02:38-com.jolbox.bonecp.BoneCPConfig - statementReleaseHelperThreads has been deprecated -- it tends to slow down your application more.
[WARN]-18:05:13-com.jolbox.bonecp.BoneCPConfig - Please use setIdleConnectionTestPeriodInMinutes in place of setIdleConnectionTestPeriod. This method has been deprecated.
[WARN]-18:05:13-com.jolbox.bonecp.BoneCPConfig - Please use setIdleMaxAgeInMinutes in place of setIdleMaxAge. This method has been deprecated.
[WARN]-18:05:13-com.jolbox.bonecp.BoneCPConfig - releaseHelperThreads has been deprecated -- it tends to slow down your application more.
[WARN]-18:05:13-com.jolbox.bonecp.BoneCPConfig - statementReleaseHelperThreads has been deprecated -- it tends to slow down your application more.
[WARN]-18:06:16-com.jolbox.bonecp.BoneCPConfig - Please use setIdleConnectionTestPeriodInMinutes in place of setIdleConnectionTestPeriod. This method has been deprecated.
[WARN]-18:06:16-com.jolbox.bonecp.BoneCPConfig - Please use setIdleMaxAgeInMinutes in place of setIdleMaxAge. This method has been deprecated.
[WARN]-18:06:16-com.jolbox.bonecp.BoneCPConfig - releaseHelperThreads has been deprecated -- it tends to slow down your application more.
[WARN]-18:06:16-com.jolbox.bonecp.BoneCPConfig - statementReleaseHelperThreads has been deprecated -- it tends to slow down your application more.
[WARN]-18:07:36-com.jolbox.bonecp.BoneCPConfig - Please use setIdleConnectionTestPeriodInMinutes in place of setIdleConnectionTestPeriod. This method has been deprecated.
[WARN]-18:07:36-com.jolbox.bonecp.BoneCPConfig - Please use setIdleMaxAgeInMinutes in place of setIdleMaxAge. This method has been deprecated.
[WARN]-18:07:36-com.jolbox.bonecp.BoneCPConfig - releaseHelperThreads has been deprecated -- it tends to slow down your application more.
[WARN]-18:07:36-com.jolbox.bonecp.BoneCPConfig - statementReleaseHelperThreads has been deprecated -- it tends to slow down your application more.
[WARN]-18:10:46-com.jolbox.bonecp.BoneCPConfig - Please use setIdleConnectionTestPeriodInMinutes in place of setIdleConnectionTestPeriod. This method has been deprecated.
[WARN]-18:10:46-com.jolbox.bonecp.BoneCPConfig - Please use setIdleMaxAgeInMinutes in place of setIdleMaxAge. This method has been deprecated.
[WARN]-18:10:46-com.jolbox.bonecp.BoneCPConfig - releaseHelperThreads has been deprecated -- it tends to slow down your application more.
[WARN]-18:10:46-com.jolbox.bonecp.BoneCPConfig - statementReleaseHelperThreads has been deprecated -- it tends to slow down your application more.
[WARN]-18:13:20-com.jolbox.bonecp.BoneCPConfig - Please use setIdleConnectionTestPeriodInMinutes in place of setIdleConnectionTestPeriod. This method has been deprecated.
[WARN]-18:13:20-com.jolbox.bonecp.BoneCPConfig - Please use setIdleMaxAgeInMinutes in place of setIdleMaxAge. This method has been deprecated.
[WARN]-18:13:20-com.jolbox.bonecp.BoneCPConfig - releaseHelperThreads has been deprecated -- it tends to slow down your application more.
[WARN]-18:13:20-com.jolbox.bonecp.BoneCPConfig - statementReleaseHelperThreads has been deprecated -- it tends to slow down your application more.
[WARN]-18:14:29-com.jolbox.bonecp.BoneCPConfig - Please use setIdleConnectionTestPeriodInMinutes in place of setIdleConnectionTestPeriod. This method has been deprecated.
[WARN]-18:14:29-com.jolbox.bonecp.BoneCPConfig - Please use setIdleMaxAgeInMinutes in place of setIdleMaxAge. This method has been deprecated.
[WARN]-18:14:29-com.jolbox.bonecp.BoneCPConfig - releaseHelperThreads has been deprecated -- it tends to slow down your application more.
[WARN]-18:14:29-com.jolbox.bonecp.BoneCPConfig - statementReleaseHelperThreads has been deprecated -- it tends to slow down your application more.
[WARN]-18:30:18-com.jolbox.bonecp.BoneCPConfig - Please use setIdleConnectionTestPeriodInMinutes in place of setIdleConnectionTestPeriod. This method has been deprecated.
[WARN]-18:30:18-com.jolbox.bonecp.BoneCPConfig - Please use setIdleMaxAgeInMinutes in place of setIdleMaxAge. This method has been deprecated.
[WARN]-18:30:18-com.jolbox.bonecp.BoneCPConfig - releaseHelperThreads has been deprecated -- it tends to slow down your application more.
[WARN]-18:30:18-com.jolbox.bonecp.BoneCPConfig - statementReleaseHelperThreads has been deprecated -- it tends to slow down your application more.
[WARN]-18:32:05-com.jolbox.bonecp.BoneCPConfig - Please use setIdleConnectionTestPeriodInMinutes in place of setIdleConnectionTestPeriod. This method has been deprecated.
[WARN]-18:32:05-com.jolbox.bonecp.BoneCPConfig - Please use setIdleMaxAgeInMinutes in place of setIdleMaxAge. This method has been deprecated.
[WARN]-18:32:05-com.jolbox.bonecp.BoneCPConfig - releaseHelperThreads has been deprecated -- it tends to slow down your application more.
[WARN]-18:32:05-com.jolbox.bonecp.BoneCPConfig - statementReleaseHelperThreads has been deprecated -- it tends to slow down your application more.
