2019-04-29 16:38:23,172 - Log4JLogChute initialized using file 'velocity.log'
2019-04-29 16:38:23,172 - Initializing Velocity, Calling init()...
2019-04-29 16:38:23,173 - Starting Apache Velocity v1.7 (compiled: 2010-11-19 12:14:37)
2019-04-29 16:38:23,173 - Default Properties File: org\apache\velocity\runtime\defaults\velocity.properties
2019-04-29 16:38:23,173 - Trying to use logger class org.apache.velocity.runtime.log.AvalonLogChute
2019-04-29 16:38:23,173 - Target log system for org.apache.velocity.runtime.log.AvalonLogChute is not available (java.lang.NoClassDefFoundError: org/apache/log/format/Formatter).  Falling back to next log system...
2019-04-29 16:38:23,173 - Trying to use logger class org.apache.velocity.runtime.log.Log4JLogChute
2019-04-29 16:38:23,174 - Using logger class org.apache.velocity.runtime.log.Log4JLogChute
2019-04-29 16:38:23,185 - ResourceLoader instantiated: org.apache.velocity.runtime.resource.loader.ClasspathResourceLoader
2019-04-29 16:38:23,252 - ResourceCache: initialized (class org.apache.velocity.runtime.resource.ResourceCacheImpl) with class java.util.Collections$SynchronizedMap cache map.
2019-04-29 16:38:23,260 - Loaded System Directive: org.apache.velocity.runtime.directive.Stop
2019-04-29 16:38:23,263 - Loaded System Directive: org.apache.velocity.runtime.directive.Define
2019-04-29 16:38:23,302 - Loaded System Directive: org.apache.velocity.runtime.directive.Break
2019-04-29 16:38:23,304 - Loaded System Directive: org.apache.velocity.runtime.directive.Evaluate
2019-04-29 16:38:23,309 - Loaded System Directive: org.apache.velocity.runtime.directive.Literal
2019-04-29 16:38:23,312 - Loaded System Directive: org.apache.velocity.runtime.directive.Macro
2019-04-29 16:38:23,316 - Loaded System Directive: org.apache.velocity.runtime.directive.Parse
2019-04-29 16:38:23,365 - Loaded System Directive: org.apache.velocity.runtime.directive.Include
2019-04-29 16:38:23,371 - Loaded System Directive: org.apache.velocity.runtime.directive.Foreach
2019-04-29 16:38:23,576 - Created '20' parsers.
2019-04-29 16:38:23,590 - Velocimacro : "velocimacro.library" is not set.  Trying default library: VM_global_library.vm
2019-04-29 16:38:23,591 - Could not load resource 'VM_global_library.vm' from ResourceLoader org.apache.velocity.runtime.resource.loader.ClasspathResourceLoader: ClasspathResourceLoader Error: cannot find resource VM_global_library.vm
2019-04-29 16:38:23,591 - Velocimacro : Default library not found.
2019-04-29 16:38:23,591 - Velocimacro : allowInline = true : VMs can be defined inline in templates
2019-04-29 16:38:23,592 - Velocimacro : allowInlineToOverride = false : VMs defined inline may NOT replace previous VM definitions
2019-04-29 16:38:23,592 - Velocimacro : allowInlineLocal = false : VMs defined inline will be global in scope if allowed.
2019-04-29 16:38:23,592 - Velocimacro : autoload off : VM system will not automatically reload global library macros
2019-04-29 16:38:23,657 - ResourceManager : found createSql.vm with loader org.apache.velocity.runtime.resource.loader.ClasspathResourceLoader
2019-04-29 16:38:23,692 - ResourceManager : found createSql.vm with loader org.apache.velocity.runtime.resource.loader.ClasspathResourceLoader
2019-04-29 16:38:23,886 - ResourceManager : found createSql.vm with loader org.apache.velocity.runtime.resource.loader.ClasspathResourceLoader
2019-04-29 16:38:24,041 - ResourceManager : found createSql.vm with loader org.apache.velocity.runtime.resource.loader.ClasspathResourceLoader
2019-04-29 16:38:24,080 - ResourceManager : found createSql.vm with loader org.apache.velocity.runtime.resource.loader.ClasspathResourceLoader
2019-04-29 16:38:24,152 - ResourceManager : found createSql.vm with loader org.apache.velocity.runtime.resource.loader.ClasspathResourceLoader
2019-04-29 16:38:24,175 - ResourceManager : found createSql.vm with loader org.apache.velocity.runtime.resource.loader.ClasspathResourceLoader
2019-04-29 16:38:24,250 - ResourceManager : found createSql.vm with loader org.apache.velocity.runtime.resource.loader.ClasspathResourceLoader
2019-04-29 16:38:24,282 - ResourceManager : found createSql.vm with loader org.apache.velocity.runtime.resource.loader.ClasspathResourceLoader
2019-04-29 16:38:24,457 - ResourceManager : found createSql.vm with loader org.apache.velocity.runtime.resource.loader.ClasspathResourceLoader
2019-04-29 16:38:24,542 - ResourceManager : found createSql.vm with loader org.apache.velocity.runtime.resource.loader.ClasspathResourceLoader
2019-04-29 16:38:24,609 - ResourceManager : found createSql.vm with loader org.apache.velocity.runtime.resource.loader.ClasspathResourceLoader
2019-04-29 16:38:24,644 - ResourceManager : found createSql.vm with loader org.apache.velocity.runtime.resource.loader.ClasspathResourceLoader
2019-04-29 16:38:24,754 - ResourceManager : found createSql.vm with loader org.apache.velocity.runtime.resource.loader.ClasspathResourceLoader
2019-04-29 16:38:24,813 - ResourceManager : found createSql.vm with loader org.apache.velocity.runtime.resource.loader.ClasspathResourceLoader
2019-04-29 16:38:24,859 - ResourceManager : found createSql.vm with loader org.apache.velocity.runtime.resource.loader.ClasspathResourceLoader
2019-04-29 16:38:24,882 - ResourceManager : found createSql.vm with loader org.apache.velocity.runtime.resource.loader.ClasspathResourceLoader
2019-04-29 16:38:24,982 - ResourceManager : found createSql.vm with loader org.apache.velocity.runtime.resource.loader.ClasspathResourceLoader
2019-04-29 16:38:25,015 - ResourceManager : found createSql.vm with loader org.apache.velocity.runtime.resource.loader.ClasspathResourceLoader
2019-04-29 16:38:25,058 - ResourceManager : found createSql.vm with loader org.apache.velocity.runtime.resource.loader.ClasspathResourceLoader
2019-04-29 16:38:25,111 - ResourceManager : found createSql.vm with loader org.apache.velocity.runtime.resource.loader.ClasspathResourceLoader
2019-04-29 16:38:25,145 - ResourceManager : found createSql.vm with loader org.apache.velocity.runtime.resource.loader.ClasspathResourceLoader
2019-04-29 16:38:25,166 - ResourceManager : found createSql.vm with loader org.apache.velocity.runtime.resource.loader.ClasspathResourceLoader
2019-04-29 16:38:25,268 - ResourceManager : found createSql.vm with loader org.apache.velocity.runtime.resource.loader.ClasspathResourceLoader
2019-04-29 16:38:25,298 - ResourceManager : found createSql.vm with loader org.apache.velocity.runtime.resource.loader.ClasspathResourceLoader
2019-04-29 16:38:25,480 - ResourceManager : found createSql.vm with loader org.apache.velocity.runtime.resource.loader.ClasspathResourceLoader
2019-04-29 16:38:25,501 - ResourceManager : found createSql.vm with loader org.apache.velocity.runtime.resource.loader.ClasspathResourceLoader
2019-04-29 16:38:25,531 - ResourceManager : found createSql.vm with loader org.apache.velocity.runtime.resource.loader.ClasspathResourceLoader
2020-01-06 15:59:19,272 - Log4JLogChute initialized using file 'velocity.log'
2020-01-06 15:59:19,302 - Initializing Velocity, Calling init()...
2020-01-06 15:59:19,302 - Starting Apache Velocity v1.7 (compiled: 2010-11-19 12:14:37)
2020-01-06 15:59:19,303 - Default Properties File: org\apache\velocity\runtime\defaults\velocity.properties
2020-01-06 15:59:19,303 - Trying to use logger class org.apache.velocity.runtime.log.AvalonLogChute
2020-01-06 15:59:19,303 - Target log system for org.apache.velocity.runtime.log.AvalonLogChute is not available (java.lang.NoClassDefFoundError: org/apache/log/format/Formatter).  Falling back to next log system...
2020-01-06 15:59:19,303 - Trying to use logger class org.apache.velocity.runtime.log.Log4JLogChute
2020-01-06 15:59:19,303 - Using logger class org.apache.velocity.runtime.log.Log4JLogChute
2020-01-06 15:59:19,335 - ResourceLoader instantiated: org.apache.velocity.runtime.resource.loader.ClasspathResourceLoader
2020-01-06 15:59:19,529 - ResourceCache: initialized (class org.apache.velocity.runtime.resource.ResourceCacheImpl) with class java.util.Collections$SynchronizedMap cache map.
2020-01-06 15:59:19,533 - Loaded System Directive: org.apache.velocity.runtime.directive.Stop
2020-01-06 15:59:19,583 - Loaded System Directive: org.apache.velocity.runtime.directive.Define
2020-01-06 15:59:19,607 - Loaded System Directive: org.apache.velocity.runtime.directive.Break
2020-01-06 15:59:19,611 - Loaded System Directive: org.apache.velocity.runtime.directive.Evaluate
2020-01-06 15:59:19,612 - Loaded System Directive: org.apache.velocity.runtime.directive.Literal
2020-01-06 15:59:19,616 - Loaded System Directive: org.apache.velocity.runtime.directive.Macro
2020-01-06 15:59:19,618 - Loaded System Directive: org.apache.velocity.runtime.directive.Parse
2020-01-06 15:59:19,622 - Loaded System Directive: org.apache.velocity.runtime.directive.Include
2020-01-06 15:59:19,625 - Loaded System Directive: org.apache.velocity.runtime.directive.Foreach
2020-01-06 15:59:19,883 - Created '20' parsers.
2020-01-06 15:59:20,032 - Velocimacro : "velocimacro.library" is not set.  Trying default library: VM_global_library.vm
2020-01-06 15:59:20,033 - Could not load resource 'VM_global_library.vm' from ResourceLoader org.apache.velocity.runtime.resource.loader.ClasspathResourceLoader: ClasspathResourceLoader Error: cannot find resource VM_global_library.vm
2020-01-06 15:59:20,033 - Velocimacro : Default library not found.
2020-01-06 15:59:20,034 - Velocimacro : allowInline = true : VMs can be defined inline in templates
2020-01-06 15:59:20,034 - Velocimacro : allowInlineToOverride = false : VMs defined inline may NOT replace previous VM definitions
2020-01-06 15:59:20,034 - Velocimacro : allowInlineLocal = false : VMs defined inline will be global in scope if allowed.
2020-01-06 15:59:20,034 - Velocimacro : autoload off : VM system will not automatically reload global library macros
2020-01-06 15:59:20,169 - ResourceManager : found createSql.vm with loader org.apache.velocity.runtime.resource.loader.ClasspathResourceLoader
2020-01-06 15:59:20,312 - ResourceManager : found createSql.vm with loader org.apache.velocity.runtime.resource.loader.ClasspathResourceLoader
2020-01-06 15:59:20,464 - ResourceManager : found createSql.vm with loader org.apache.velocity.runtime.resource.loader.ClasspathResourceLoader
2020-01-06 15:59:20,734 - ResourceManager : found createSql.vm with loader org.apache.velocity.runtime.resource.loader.ClasspathResourceLoader
2020-01-06 15:59:20,934 - ResourceManager : found createSql.vm with loader org.apache.velocity.runtime.resource.loader.ClasspathResourceLoader
2020-01-06 15:59:21,326 - ResourceManager : found createSql.vm with loader org.apache.velocity.runtime.resource.loader.ClasspathResourceLoader
2020-01-06 15:59:21,814 - ResourceManager : found createSql.vm with loader org.apache.velocity.runtime.resource.loader.ClasspathResourceLoader
2020-01-06 15:59:22,475 - ResourceManager : found createSql.vm with loader org.apache.velocity.runtime.resource.loader.ClasspathResourceLoader
2020-01-06 15:59:22,614 - ResourceManager : found createSql.vm with loader org.apache.velocity.runtime.resource.loader.ClasspathResourceLoader
2020-01-06 15:59:22,849 - ResourceManager : found createSql.vm with loader org.apache.velocity.runtime.resource.loader.ClasspathResourceLoader
2020-01-06 15:59:23,101 - ResourceManager : found createSql.vm with loader org.apache.velocity.runtime.resource.loader.ClasspathResourceLoader
2020-01-06 15:59:23,292 - ResourceManager : found createSql.vm with loader org.apache.velocity.runtime.resource.loader.ClasspathResourceLoader
2020-01-06 15:59:23,430 - ResourceManager : found createSql.vm with loader org.apache.velocity.runtime.resource.loader.ClasspathResourceLoader
2020-01-06 15:59:23,600 - ResourceManager : found createSql.vm with loader org.apache.velocity.runtime.resource.loader.ClasspathResourceLoader
2020-01-06 15:59:23,901 - ResourceManager : found createSql.vm with loader org.apache.velocity.runtime.resource.loader.ClasspathResourceLoader
2020-01-06 15:59:24,008 - ResourceManager : found createSql.vm with loader org.apache.velocity.runtime.resource.loader.ClasspathResourceLoader
2020-01-06 15:59:24,215 - ResourceManager : found createSql.vm with loader org.apache.velocity.runtime.resource.loader.ClasspathResourceLoader
2020-01-06 15:59:24,708 - ResourceManager : found createSql.vm with loader org.apache.velocity.runtime.resource.loader.ClasspathResourceLoader
2020-01-06 15:59:24,817 - ResourceManager : found createSql.vm with loader org.apache.velocity.runtime.resource.loader.ClasspathResourceLoader
2020-01-06 15:59:24,874 - ResourceManager : found createSql.vm with loader org.apache.velocity.runtime.resource.loader.ClasspathResourceLoader
2020-01-06 15:59:24,939 - ResourceManager : found createSql.vm with loader org.apache.velocity.runtime.resource.loader.ClasspathResourceLoader
2020-01-06 15:59:24,990 - ResourceManager : found createSql.vm with loader org.apache.velocity.runtime.resource.loader.ClasspathResourceLoader
2020-01-06 15:59:25,011 - ResourceManager : found createSql.vm with loader org.apache.velocity.runtime.resource.loader.ClasspathResourceLoader
2020-01-06 15:59:25,061 - ResourceManager : found createSql.vm with loader org.apache.velocity.runtime.resource.loader.ClasspathResourceLoader
2020-01-06 15:59:25,104 - ResourceManager : found createSql.vm with loader org.apache.velocity.runtime.resource.loader.ClasspathResourceLoader
2020-01-06 15:59:25,393 - ResourceManager : found createSql.vm with loader org.apache.velocity.runtime.resource.loader.ClasspathResourceLoader
2020-01-06 15:59:25,445 - ResourceManager : found createSql.vm with loader org.apache.velocity.runtime.resource.loader.ClasspathResourceLoader
2020-01-06 15:59:25,524 - ResourceManager : found createSql.vm with loader org.apache.velocity.runtime.resource.loader.ClasspathResourceLoader
