#
# There is insufficient memory for the Java Runtime Environment to continue.
# Native memory allocation (malloc) failed to allocate 211456 bytes for Chunk::new
# Possible reasons:
#   The system is out of physical RAM or swap space
#   In 32 bit mode, the process size limit was hit
# Possible solutions:
#   Reduce memory load on the system
#   Increase physical memory or swap space
#   Check if swap backing store is full
#   Use 64 bit Java on a 64 bit OS
#   Decrease Java heap size (-Xmx/-Xms)
#   Decrease number of Java threads
#   Decrease Java thread stack sizes (-Xss)
#   Set larger code cache with -XX:ReservedCodeCacheSize=
# This output file may be truncated or incomplete.
#
#  Out of Memory Error (allocation.cpp:390), pid=134544, tid=0x0000000000020b20
#
# JRE version: Java(TM) SE Runtime Environment (8.0_151-b12) (build 1.8.0_151-b12)
# Java VM: Java HotSpot(TM) 64-Bit Server VM (25.151-b12 mixed mode windows-amd64 compressed oops)
# Failed to write core dump. Minidumps are not enabled by default on client versions of Windows
#

---------------  T H R E A D  ---------------

Current thread (0x0000000019b84800):  JavaThread "C2 CompilerThread0" daemon [_thread_in_native, id=133920, stack(0x000000001a4d0000,0x000000001a5d0000)]

Stack: [0x000000001a4d0000,0x000000001a5d0000]
[error occurred during error reporting (printing stack bounds), id 0xc0000005]

Native frames: (J=compiled Java code, j=interpreted, Vv=VM code, C=native code)


Current CompileTask:
C2: 117854 3531       4       org.eclipse.aether.util.graph.transformer.ConflictResolver$State::pop (76 bytes)


---------------  P R O C E S S  ---------------

Java Threads: ( => current thread )
  0x0000000019be9800 JavaThread "Service Thread" daemon [_thread_blocked, id=138500, stack(0x000000001a8d0000,0x000000001a9d0000)]
  0x0000000019be4800 JavaThread "C1 CompilerThread3" daemon [_thread_blocked, id=127032, stack(0x000000001a7d0000,0x000000001a8d0000)]
  0x0000000019be3000 JavaThread "C2 CompilerThread2" daemon [_thread_in_native, id=121648, stack(0x000000001a6d0000,0x000000001a7d0000)]
  0x0000000019be2000 JavaThread "C2 CompilerThread1" daemon [_thread_blocked, id=115100, stack(0x000000001a5d0000,0x000000001a6d0000)]
=>0x0000000019b84800 JavaThread "C2 CompilerThread0" daemon [_thread_in_native, id=133920, stack(0x000000001a4d0000,0x000000001a5d0000)]
  0x0000000019b72800 JavaThread "JDWP Command Reader" daemon [_thread_in_native, id=133772, stack(0x000000001a3d0000,0x000000001a4d0000)]
  0x0000000019b71800 JavaThread "JDWP Event Helper Thread" daemon [_thread_blocked, id=133988, stack(0x000000001a2d0000,0x000000001a3d0000)]
  0x0000000019b61000 JavaThread "JDWP Transport Listener: dt_socket" daemon [_thread_blocked, id=134080, stack(0x000000001a1d0000,0x000000001a2d0000)]
  0x0000000019b09800 JavaThread "Attach Listener" daemon [_thread_blocked, id=133792, stack(0x000000001a0d0000,0x000000001a1d0000)]
  0x0000000019b60000 JavaThread "Signal Dispatcher" daemon [_thread_blocked, id=116024, stack(0x0000000019fd0000,0x000000001a0d0000)]
  0x0000000019af0800 JavaThread "Finalizer" daemon [_thread_blocked, id=120656, stack(0x0000000019ed0000,0x0000000019fd0000)]
  0x0000000017bed800 JavaThread "Reference Handler" daemon [_thread_blocked, id=134184, stack(0x00000000199d0000,0x0000000019ad0000)]
  0x0000000002b72800 JavaThread "main" [_thread_in_native, id=130364, stack(0x00000000029f0000,0x0000000002af0000)]

Other Threads:
  0x0000000017be7800 VMThread [stack: 0x00000000198d0000,0x00000000199d0000] [id=133800]
  0x0000000019c6a000 WatcherThread [stack: 0x000000001a9d0000,0x000000001aad0000] [id=120960]

VM state:not at safepoint (normal execution)

VM Mutex/Monitor currently owned by a thread: None

Heap:
 PSYoungGen      total 138240K, used 34224K [0x00000000d5f00000, 0x00000000deb00000, 0x0000000100000000)
  eden space 133120K, 21% used [0x00000000d5f00000,0x00000000d7b72058,0x00000000de100000)
  from space 5120K, 99% used [0x00000000de600000,0x00000000deafa040,0x00000000deb00000)
  to   space 5120K, 0% used [0x00000000de100000,0x00000000de100000,0x00000000de600000)
 ParOldGen       total 87552K, used 10572K [0x0000000081c00000, 0x0000000087180000, 0x00000000d5f00000)
  object space 87552K, 12% used [0x0000000081c00000,0x00000000826531a0,0x0000000087180000)
 Metaspace       used 17581K, capacity 18068K, committed 18304K, reserved 1064960K
  class space    used 2009K, capacity 2160K, committed 2176K, reserved 1048576K

Card table byte_map: [0x0000000012030000,0x0000000012430000] byte_map_base: 0x0000000011c22000

Marking Bits: (ParMarkBitMap*) 0x00000000746dd850
 Begin Bits: [0x0000000012ee0000, 0x0000000014e70000)
 End Bits:   [0x0000000014e70000, 0x0000000016e00000)

Polling page: 0x00000000009e0000

CodeCache: size=245760Kb used=11428Kb max_used=11598Kb free=234331Kb
 bounds [0x0000000002c70000, 0x00000000037f0000, 0x0000000011c70000]
 total_blobs=3508 nmethods=3137 adapters=291
 compilation: enabled

Compilation events (10 events):
Event: 117.201 Thread 0x0000000019be4800 3543       3       org.eclipse.aether.util.graph.visitor.TreeDependencyVisitor::visitLeave (31 bytes)
Event: 117.201 Thread 0x0000000019be4800 nmethod 3543 0x0000000002f8af50 code [0x0000000002f8b100, 0x0000000002f8b6b8]
Event: 117.202 Thread 0x0000000019be4800 3544       3       org.eclipse.aether.util.graph.visitor.FilteringDependencyVisitor::visitLeave (39 bytes)
Event: 117.202 Thread 0x0000000019be4800 nmethod 3544 0x0000000002f8a150 code [0x0000000002f8a340, 0x0000000002f8aaa8]
Event: 117.202 Thread 0x0000000019be4800 3545       3       org.eclipse.aether.internal.impl.ArtifactRequestBuilder::visitEnter (40 bytes)
Event: 117.203 Thread 0x0000000019be4800 nmethod 3545 0x0000000002f899d0 code [0x0000000002f89b60, 0x0000000002f89fb8]
Event: 117.203 Thread 0x0000000019be4800 3546       3       org.eclipse.aether.resolution.ArtifactRequest::setDependencyNode (25 bytes)
Event: 117.203 Thread 0x0000000019be4800 nmethod 3546 0x0000000002f89390 code [0x0000000002f89500, 0x0000000002f89890]
Event: 117.203 Thread 0x0000000019be4800 3547       3       org.apache.maven.lifecycle.internal.LifecycleDependencyResolver$ReactorDependencyFilter::accept (65 bytes)
Event: 117.204 Thread 0x0000000019be4800 nmethod 3547 0x0000000002f88910 code [0x0000000002f88ac0, 0x0000000002f89128]

GC Heap History (8 events):
Event: 47.618 GC heap before
{Heap before GC invocations=1 (full 0):
 PSYoungGen      total 38400K, used 33280K [0x00000000d5f00000, 0x00000000d8980000, 0x0000000100000000)
  eden space 33280K, 100% used [0x00000000d5f00000,0x00000000d7f80000,0x00000000d7f80000)
  from space 5120K, 0% used [0x00000000d8480000,0x00000000d8480000,0x00000000d8980000)
  to   space 5120K, 0% used [0x00000000d7f80000,0x00000000d7f80000,0x00000000d8480000)
 ParOldGen       total 87552K, used 0K [0x0000000081c00000, 0x0000000087180000, 0x00000000d5f00000)
  object space 87552K, 0% used [0x0000000081c00000,0x0000000081c00000,0x0000000087180000)
 Metaspace       used 8779K, capacity 8968K, committed 9088K, reserved 1056768K
  class space    used 1049K, capacity 1116K, committed 1152K, reserved 1048576K
Event: 48.150 GC heap after
Heap after GC invocations=1 (full 0):
 PSYoungGen      total 38400K, used 5118K [0x00000000d5f00000, 0x00000000daa00000, 0x0000000100000000)
  eden space 33280K, 0% used [0x00000000d5f00000,0x00000000d5f00000,0x00000000d7f80000)
  from space 5120K, 99% used [0x00000000d7f80000,0x00000000d847f968,0x00000000d8480000)
  to   space 5120K, 0% used [0x00000000da500000,0x00000000da500000,0x00000000daa00000)
 ParOldGen       total 87552K, used 378K [0x0000000081c00000, 0x0000000087180000, 0x00000000d5f00000)
  object space 87552K, 0% used [0x0000000081c00000,0x0000000081c5e870,0x0000000087180000)
 Metaspace       used 8779K, capacity 8968K, committed 9088K, reserved 1056768K
  class space    used 1049K, capacity 1116K, committed 1152K, reserved 1048576K
}
Event: 52.009 GC heap before
{Heap before GC invocations=2 (full 0):
 PSYoungGen      total 38400K, used 38398K [0x00000000d5f00000, 0x00000000daa00000, 0x0000000100000000)
  eden space 33280K, 100% used [0x00000000d5f00000,0x00000000d7f80000,0x00000000d7f80000)
  from space 5120K, 99% used [0x00000000d7f80000,0x00000000d847f968,0x00000000d8480000)
  to   space 5120K, 0% used [0x00000000da500000,0x00000000da500000,0x00000000daa00000)
 ParOldGen       total 87552K, used 378K [0x0000000081c00000, 0x0000000087180000, 0x00000000d5f00000)
  object space 87552K, 0% used [0x0000000081c00000,0x0000000081c5e870,0x0000000087180000)
 Metaspace       used 12083K, capacity 12302K, committed 12672K, reserved 1060864K
  class space    used 1467K, capacity 1543K, committed 1664K, reserved 1048576K
Event: 52.044 GC heap after
Heap after GC invocations=2 (full 0):
 PSYoungGen      total 71680K, used 5099K [0x00000000d5f00000, 0x00000000daa00000, 0x0000000100000000)
  eden space 66560K, 0% used [0x00000000d5f00000,0x00000000d5f00000,0x00000000da000000)
  from space 5120K, 99% used [0x00000000da500000,0x00000000da9fae08,0x00000000daa00000)
  to   space 5120K, 0% used [0x00000000da000000,0x00000000da000000,0x00000000da500000)
 ParOldGen       total 87552K, used 2083K [0x0000000081c00000, 0x0000000087180000, 0x00000000d5f00000)
  object space 87552K, 2% used [0x0000000081c00000,0x0000000081e08cf8,0x0000000087180000)
 Metaspace       used 12083K, capacity 12302K, committed 12672K, reserved 1060864K
  class space    used 1467K, capacity 1543K, committed 1664K, reserved 1048576K
}
Event: 66.149 GC heap before
{Heap before GC invocations=3 (full 0):
 PSYoungGen      total 71680K, used 71659K [0x00000000d5f00000, 0x00000000daa00000, 0x0000000100000000)
  eden space 66560K, 100% used [0x00000000d5f00000,0x00000000da000000,0x00000000da000000)
  from space 5120K, 99% used [0x00000000da500000,0x00000000da9fae08,0x00000000daa00000)
  to   space 5120K, 0% used [0x00000000da000000,0x00000000da000000,0x00000000da500000)
 ParOldGen       total 87552K, used 2083K [0x0000000081c00000, 0x0000000087180000, 0x00000000d5f00000)
  object space 87552K, 2% used [0x0000000081c00000,0x0000000081e08cf8,0x0000000087180000)
 Metaspace       used 15966K, capacity 16184K, committed 16384K, reserved 1062912K
  class space    used 1896K, capacity 1982K, committed 2048K, reserved 1048576K
Event: 66.390 GC heap after
Heap after GC invocations=3 (full 0):
 PSYoungGen      total 71680K, used 5096K [0x00000000d5f00000, 0x00000000deb00000, 0x0000000100000000)
  eden space 66560K, 0% used [0x00000000d5f00000,0x00000000d5f00000,0x00000000da000000)
  from space 5120K, 99% used [0x00000000da000000,0x00000000da4fa060,0x00000000da500000)
  to   space 5120K, 0% used [0x00000000de600000,0x00000000de600000,0x00000000deb00000)
 ParOldGen       total 87552K, used 7147K [0x0000000081c00000, 0x0000000087180000, 0x00000000d5f00000)
  object space 87552K, 8% used [0x0000000081c00000,0x00000000822faf48,0x0000000087180000)
 Metaspace       used 15966K, capacity 16184K, committed 16384K, reserved 1062912K
  class space    used 1896K, capacity 1982K, committed 2048K, reserved 1048576K
}
Event: 102.125 GC heap before
{Heap before GC invocations=4 (full 0):
 PSYoungGen      total 71680K, used 71656K [0x00000000d5f00000, 0x00000000deb00000, 0x0000000100000000)
  eden space 66560K, 100% used [0x00000000d5f00000,0x00000000da000000,0x00000000da000000)
  from space 5120K, 99% used [0x00000000da000000,0x00000000da4fa060,0x00000000da500000)
  to   space 5120K, 0% used [0x00000000de600000,0x00000000de600000,0x00000000deb00000)
 ParOldGen       total 87552K, used 7147K [0x0000000081c00000, 0x0000000087180000, 0x00000000d5f00000)
  object space 87552K, 8% used [0x0000000081c00000,0x00000000822faf48,0x0000000087180000)
 Metaspace       used 16663K, capacity 16996K, committed 17152K, reserved 1064960K
  class space    used 1915K, capacity 2016K, committed 2048K, reserved 1048576K
Event: 102.372 GC heap after
Heap after GC invocations=4 (full 0):
 PSYoungGen      total 138240K, used 5096K [0x00000000d5f00000, 0x00000000deb00000, 0x0000000100000000)
  eden space 133120K, 0% used [0x00000000d5f00000,0x00000000d5f00000,0x00000000de100000)
  from space 5120K, 99% used [0x00000000de600000,0x00000000deafa040,0x00000000deb00000)
  to   space 5120K, 0% used [0x00000000de100000,0x00000000de100000,0x00000000de600000)
 ParOldGen       total 87552K, used 10572K [0x0000000081c00000, 0x0000000087180000, 0x00000000d5f00000)
  object space 87552K, 12% used [0x0000000081c00000,0x00000000826531a0,0x0000000087180000)
 Metaspace       used 16663K, capacity 16996K, committed 17152K, reserved 1064960K
  class space    used 1915K, capacity 2016K, committed 2048K, reserved 1048576K
}

Deoptimization events (10 events):
Event: 115.691 Thread 0x0000000002b72800 Uncommon trap: reason=class_check action=maybe_recompile pc=0x0000000002d84ce8 method=org.eclipse.sisu.wire.EntryListAdapter$ValueIterator.hasNext()Z @ 4
Event: 115.692 Thread 0x0000000002b72800 Uncommon trap: reason=unstable_if action=reinterpret pc=0x000000000340d13c method=org.eclipse.sisu.plexus.RealmFilteredBeans$FilteredItr.hasNext()Z @ 44
Event: 116.361 Thread 0x0000000002b72800 Uncommon trap: reason=unstable_if action=reinterpret pc=0x000000000322a0d4 method=java.util.HashMap$HashIterator.<init>(Ljava/util/HashMap;)V @ 45
Event: 116.361 Thread 0x0000000002b72800 Uncommon trap: reason=unstable_if action=reinterpret pc=0x000000000349b114 method=java.util.HashMap$HashIterator.<init>(Ljava/util/HashMap;)V @ 45
Event: 117.134 Thread 0x0000000002b72800 Uncommon trap: reason=unstable_if action=reinterpret pc=0x0000000002f7fc78 method=java.util.IdentityHashMap.remove(Ljava/lang/Object;)Ljava/lang/Object; @ 31
Event: 117.136 Thread 0x0000000002b72800 Uncommon trap: reason=unstable_if action=reinterpret pc=0x0000000002f94ff0 method=java.util.IdentityHashMap.closeDeletion(I)V @ 22
Event: 117.136 Thread 0x0000000002b72800 Uncommon trap: reason=unstable_if action=reinterpret pc=0x0000000002f56ea0 method=java.util.IdentityHashMap.closeDeletion(I)V @ 22
Event: 117.137 Thread 0x0000000002b72800 Uncommon trap: reason=unstable_if action=reinterpret pc=0x0000000002f941a8 method=java.util.IdentityHashMap.closeDeletion(I)V @ 22
Event: 117.150 Thread 0x0000000002b72800 Uncommon trap: reason=unstable_if action=reinterpret pc=0x000000000302a7c8 method=org.eclipse.aether.util.graph.transformer.ConflictResolver$State.deriveScope(Lorg/eclipse/aether/graph/DependencyNode;Ljava/lang/Object;)Ljava/lang/String; @ 25
Event: 117.150 Thread 0x0000000002b72800 Uncommon trap: reason=unstable_if action=reinterpret pc=0x0000000002f57b0c method=org.eclipse.aether.util.graph.transformer.ConflictResolver$State.deriveScope(Lorg/eclipse/aether/graph/DependencyNode;Ljava/lang/Object;)Ljava/lang/String; @ 25

Internal exceptions (10 events):
Event: 57.232 Thread 0x0000000002b72800 Implicit null exception at 0x000000000330b7df to 0x000000000330bbe1
Event: 57.385 Thread 0x0000000002b72800 Implicit null exception at 0x0000000003079594 to 0x0000000003079809
Event: 57.385 Thread 0x0000000002b72800 Implicit null exception at 0x000000000300286f to 0x00000000030028dd
Event: 58.786 Thread 0x0000000002b72800 Implicit null exception at 0x00000000032ef033 to 0x00000000032efc39
Event: 58.797 Thread 0x0000000002b72800 Implicit null exception at 0x0000000002fffbd8 to 0x0000000002fffc66
Event: 66.533 Thread 0x0000000002b72800 Implicit null exception at 0x000000000358463e to 0x0000000003587451
Event: 66.535 Thread 0x0000000002b72800 Implicit null exception at 0x000000000357c534 to 0x000000000357edf1
Event: 112.139 Thread 0x0000000002b72800 Implicit null exception at 0x000000000364028e to 0x00000000036407b5
Event: 117.150 Thread 0x0000000002b72800 Implicit null exception at 0x00000000030282c0 to 0x000000000302a7a6
Event: 117.150 Thread 0x0000000002b72800 Implicit null exception at 0x0000000002f57651 to 0x0000000002f57af1

Events (10 events):
Event: 117.148 Thread 0x0000000002b72800 DEOPT PACKING pc=0x0000000002f0d0fa sp=0x0000000002aedb20
Event: 117.148 Thread 0x0000000002b72800 DEOPT UNPACKING pc=0x0000000002cb787f sp=0x0000000002aed838 mode 0
Event: 117.150 Thread 0x0000000002b72800 Uncommon trap: trap_request=0xffffff65 fr.pc=0x000000000302a7c8
Event: 117.150 Thread 0x0000000002b72800 DEOPT PACKING pc=0x000000000302a7c8 sp=0x0000000002aed8d0
Event: 117.150 Thread 0x0000000002b72800 DEOPT UNPACKING pc=0x0000000002cb582a sp=0x0000000002aed868 mode 2
Event: 117.150 Thread 0x0000000002b72800 Uncommon trap: trap_request=0xffffff65 fr.pc=0x0000000002f57b0c
Event: 117.150 Thread 0x0000000002b72800 DEOPT PACKING pc=0x0000000002f57b0c sp=0x0000000002aed870
Event: 117.150 Thread 0x0000000002b72800 DEOPT UNPACKING pc=0x0000000002cb582a sp=0x0000000002aed860 mode 2
Event: 117.155 Thread 0x0000000002b72800 DEOPT PACKING pc=0x0000000002f0d0fa sp=0x0000000002aedb20
Event: 117.155 Thread 0x0000000002b72800 DEOPT UNPACKING pc=0x0000000002cb787f sp=0x0000000002aed838 mode 0


Dynamic libraries:
0x00007ff739c20000 - 0x00007ff739c57000 	D:\CodersUtils\jdk\bin\java.exe
0x00007ffc7fb60000 - 0x00007ffc7fd50000 	C:\WINDOWS\SYSTEM32\ntdll.dll
0x00007ffc7f9c0000 - 0x00007ffc7fa72000 	C:\WINDOWS\System32\KERNEL32.DLL
0x00007ffc7d350000 - 0x00007ffc7d5f3000 	C:\WINDOWS\System32\KERNELBASE.dll
0x00007ffc7e370000 - 0x00007ffc7e413000 	C:\WINDOWS\System32\ADVAPI32.dll
0x00007ffc7fa80000 - 0x00007ffc7fb1e000 	C:\WINDOWS\System32\msvcrt.dll
0x00007ffc7f560000 - 0x00007ffc7f5f7000 	C:\WINDOWS\System32\sechost.dll
0x00007ffc7f6e0000 - 0x00007ffc7f800000 	C:\WINDOWS\System32\RPCRT4.dll
0x00007ffc7f820000 - 0x00007ffc7f9b4000 	C:\WINDOWS\System32\USER32.dll
0x00007ffc7caf0000 - 0x00007ffc7cb11000 	C:\WINDOWS\System32\win32u.dll
0x00007ffc7f530000 - 0x00007ffc7f556000 	C:\WINDOWS\System32\GDI32.dll
0x00007ffc7da70000 - 0x00007ffc7dc04000 	C:\WINDOWS\System32\gdi32full.dll
0x00007ffc7d980000 - 0x00007ffc7da1e000 	C:\WINDOWS\System32\msvcp_win.dll
0x00007ffc7d600000 - 0x00007ffc7d6fa000 	C:\WINDOWS\System32\ucrtbase.dll
0x00007ffc5f1f0000 - 0x00007ffc5f475000 	C:\WINDOWS\WinSxS\amd64_microsoft.windows.common-controls_6595b64144ccf1df_6.0.18362.535_none_e6c3b34713100821\COMCTL32.dll
0x00007ffc7f100000 - 0x00007ffc7f436000 	C:\WINDOWS\System32\combase.dll
0x00007ffc7d900000 - 0x00007ffc7d980000 	C:\WINDOWS\System32\bcryptPrimitives.dll
0x00007ffc7e6c0000 - 0x00007ffc7e6ee000 	C:\WINDOWS\System32\IMM32.DLL
0x0000000050300000 - 0x00000000503d2000 	D:\CodersUtils\jdk\jre\bin\msvcr100.dll
0x0000000073ec0000 - 0x000000007475d000 	D:\CodersUtils\jdk\jre\bin\server\jvm.dll
0x00007ffc7f6d0000 - 0x00007ffc7f6d8000 	C:\WINDOWS\System32\PSAPI.DLL
0x00007ffc74fd0000 - 0x00007ffc74ff4000 	C:\WINDOWS\SYSTEM32\WINMM.dll
0x00007ffc74cd0000 - 0x00007ffc74cda000 	C:\WINDOWS\SYSTEM32\VERSION.dll
0x00007ffc74f20000 - 0x00007ffc74f4d000 	C:\WINDOWS\SYSTEM32\WINMMBASE.dll
0x00007ffc7da20000 - 0x00007ffc7da6a000 	C:\WINDOWS\System32\cfgmgr32.dll
0x00007ffc5f090000 - 0x00007ffc5f099000 	C:\WINDOWS\SYSTEM32\WSOCK32.dll
0x00007ffc7eac0000 - 0x00007ffc7eb2f000 	C:\WINDOWS\System32\WS2_32.dll
0x00000000502f0000 - 0x00000000502ff000 	D:\CodersUtils\jdk\jre\bin\verify.dll
0x00000000502c0000 - 0x00000000502e9000 	D:\CodersUtils\jdk\jre\bin\java.dll
0x0000000050220000 - 0x0000000050255000 	D:\CodersUtils\jdk\jre\bin\jdwp.dll
0x0000000050210000 - 0x0000000050218000 	D:\CodersUtils\jdk\jre\bin\npt.dll
0x00000000502a0000 - 0x00000000502b6000 	D:\CodersUtils\jdk\jre\bin\zip.dll
0x00007ffc7dc80000 - 0x00007ffc7e365000 	C:\WINDOWS\System32\SHELL32.dll
0x00007ffc7e4d0000 - 0x00007ffc7e579000 	C:\WINDOWS\System32\shcore.dll
0x00007ffc7cbd0000 - 0x00007ffc7d34f000 	C:\WINDOWS\System32\windows.storage.dll
0x00007ffc7ca60000 - 0x00007ffc7ca7f000 	C:\WINDOWS\System32\profapi.dll
0x00007ffc7caa0000 - 0x00007ffc7caea000 	C:\WINDOWS\System32\powrprof.dll
0x00007ffc7ca30000 - 0x00007ffc7ca40000 	C:\WINDOWS\System32\UMPDC.dll
0x00007ffc7e5e0000 - 0x00007ffc7e632000 	C:\WINDOWS\System32\shlwapi.dll
0x00007ffc7ca40000 - 0x00007ffc7ca51000 	C:\WINDOWS\System32\kernel.appcore.dll
0x00007ffc7d730000 - 0x00007ffc7d747000 	C:\WINDOWS\System32\cryptsp.dll
0x0000000050200000 - 0x0000000050209000 	D:\CodersUtils\jdk\jre\bin\dt_socket.dll
0x00007ffc7c2a0000 - 0x00007ffc7c307000 	C:\WINDOWS\system32\mswsock.dll
0x00007ffc7be10000 - 0x00007ffc7be43000 	C:\WINDOWS\system32\rsaenh.dll
0x00007ffc7d700000 - 0x00007ffc7d726000 	C:\WINDOWS\System32\bcrypt.dll
0x00007ffc7c920000 - 0x00007ffc7c945000 	C:\WINDOWS\SYSTEM32\USERENV.dll
0x00007ffc7c470000 - 0x00007ffc7c47c000 	C:\WINDOWS\SYSTEM32\CRYPTBASE.dll
0x0000000050280000 - 0x000000005029a000 	D:\CodersUtils\jdk\jre\bin\net.dll
0x00007ffc7bfb0000 - 0x00007ffc7bfea000 	C:\WINDOWS\SYSTEM32\IPHLPAPI.DLL
0x00007ffc7f440000 - 0x00007ffc7f448000 	C:\WINDOWS\System32\NSI.dll
0x00007ffc71410000 - 0x00007ffc71426000 	C:\WINDOWS\SYSTEM32\dhcpcsvc6.DLL
0x00007ffc72c40000 - 0x00007ffc72c5c000 	C:\WINDOWS\SYSTEM32\dhcpcsvc.DLL
0x00007ffc7bff0000 - 0x00007ffc7c0ba000 	C:\WINDOWS\SYSTEM32\DNSAPI.dll
0x0000000050260000 - 0x0000000050271000 	D:\CodersUtils\jdk\jre\bin\nio.dll
0x00007ffc5fb40000 - 0x00007ffc5fb4a000 	C:\Users\admin\AppData\Local\Temp\jansi-1.17.1-2815351623260560826.dll
0x00007ffc5f910000 - 0x00007ffc5f91a000 	C:\Users\admin\AppData\Local\Temp\jansi-1.17.1-2845010834220241721.dll

VM Arguments:
jvm_args: -agentlib:jdwp=transport=dt_socket,address=127.0.0.1:60960,suspend=y,server=n -Dmaven.multiModuleProjectDirectory=D:\idea_code\qixun\party_school\web\dx\app -Dmaven.home=D:\CodersUtils\Maven\apache-maven-3.6.0-bin\apache-maven-3.6.0 -Dclassworlds.conf=D:\CodersUtils\Maven\apache-maven-3.6.0-bin\apache-maven-3.6.0\bin\m2.conf -Dfile.encoding=UTF-8 
java_command: org.codehaus.classworlds.Launcher -Didea.version=2017.2.6 -s D:\CodersUtils\Maven\apache-maven-3.6.0-bin\apache-maven-3.6.0\conf\settings.xml tomcat7:run
java_class_path (initial): D:\CodersUtils\Maven\apache-maven-3.6.0-bin\apache-maven-3.6.0\boot\plexus-classworlds-2.5.2.jar;D:\CodersUtils\Idea\ideaIU-2017.2.6.win\lib\idea_rt.jar
Launcher Type: SUN_STANDARD

Environment Variables:
JAVA_HOME=D:\CodersUtils\jdk
CLASSPATH=.;D:\CodersUtils\jdk\lib\dt.jar;D:\CodersUtils\jdk\lib\tools.jar
PATH=C:\ProgramData\Oracle\Java\javapath;C:\Program Files (x86)\Intel\Intel(R) Management Engine Components\iCLS\;C:\Program Files\Intel\Intel(R) Management Engine Components\iCLS\;C:\Windows\system32;C:\Windows;C:\Windows\System32\Wbem;C:\Windows\System32\WindowsPowerShell\v1.0\;C:\Windows\System32\OpenSSH\;C:\Program Files (x86)\Intel\Intel(R) Management Engine Components\DAL;C:\Program Files\Intel\Intel(R) Management Engine Components\DAL;C:\Program Files (x86)\Intel\Intel(R) Management Engine Components\IPT;C:\Program Files\Intel\Intel(R) Management Engine Components\IPT;D:\CodersUtils\jdk\bin;D:\CodersUtils\jdk\jre\bin;D:\CodersUtils\Tomcat\bin;D:\CodersUtils\Tomcat\lib;D:\CodersUtils\TortiresSVN\bin;D:\CodersUtils\nodejs\;D:\CodersUtils\nodejs\node_global\node_modules;C:\Program Files\MySQL\MySQL Server 5.7\bin;C:\Program Files\dotnet\;D:\CodersUtils\Maven\apache-maven-3.6.0-bin\apache-maven-3.6.0\bin;D:\CodersUtils\Go\bin;D:\CodersUtils\IDE\mingw64\bin;D:\CodersUtils\putty\;D:\Git\Git\cmd;C:\WINDOWS\system32;C:\WINDOWS;C:\WINDOWS\System32\Wbem;C:\WINDOWS\System32\WindowsPowerShell\v1.0\;C:\WINDOWS\System32\OpenSSH\;C:\Program Files\Microsoft SQL Server\110\DTS\Binn\;C:\Program Files (x86)\Microsoft SQL Server\110\Tools\Binn\;C:\Program Files\Microsoft SQL Server\110\Tools\Binn\;C:\Program Files (x86)\Microsoft SQL Server\110\Tools\Binn\ManagementStudio\;C:\Program Files (x86)\Microsoft Visual Studio 10.0\Common7\IDE\PrivateAssemblies\;C:\Program Files (x86)\Microsoft SQL Server\110\DTS\Binn\;C:\Users\admin\AppData\Local\Microsoft\WindowsApps;D:\CodersUtils\nodejs\node_global;C:\Users\admin\AppData\Local\Programs\Fiddler;C:\Users\admin\go\bin;D:\CodersUtils\IDE\GoLand 2019.1.3\bin;D:\CodersUtils\Fidder\Fiddler;D:\gopath\gopath01;\bin;;C:\Users\admin\AppData\Local\Microsoft\WindowsApps
USERNAME=admin
OS=Windows_NT
PROCESSOR_IDENTIFIER=Intel64 Family 6 Model 142 Stepping 10, GenuineIntel



---------------  S Y S T E M  ---------------

OS: Windows 10.0 , 64 bit Build 18362 (10.0.18362.329)

CPU:total 8 (initial active 8) (4 cores per cpu, 2 threads per core) family 6 model 142 stepping 10, cmov, cx8, fxsr, mmx, sse, sse2, sse3, ssse3, sse4.1, sse4.2, popcnt, avx, avx2, aes, clmul, erms, 3dnowpref, lzcnt, ht, tsc, tscinvbit, bmi1, bmi2, adx

Memory: 4k page, physical 8270056k(36488k free), swap 23752292k(25236k free)

vm_info: Java HotSpot(TM) 64-Bit Server VM (25.151-b12) for windows-amd64 JRE (1.8.0_151-b12), built on Sep  5 2017 19:33:46 by "java_re" with MS VC++ 10.0 (VS2010)

time: Mon Jan 06 15:58:12 2020
elapsed time: 118 seconds (0d 0h 1m 58s)

