2020-01-06 15:58:56,505 - Log4JLogChute initialized using file 'velocity.log'
2020-01-06 15:58:56,508 - Initializing Velocity, Calling init()...
2020-01-06 15:58:56,508 - Starting Apache Velocity v1.7 (compiled: 2010-11-19 12:14:37)
2020-01-06 15:58:56,508 - Default Properties File: org\apache\velocity\runtime\defaults\velocity.properties
2020-01-06 15:58:56,508 - Trying to use logger class org.apache.velocity.runtime.log.AvalonLogChute
2020-01-06 15:58:56,508 - Target log system for org.apache.velocity.runtime.log.AvalonLogChute is not available (java.lang.NoClassDefFoundError: org/apache/log/format/Formatter).  Falling back to next log system...
2020-01-06 15:58:56,508 - Trying to use logger class org.apache.velocity.runtime.log.Log4JLogChute
2020-01-06 15:58:56,562 - Using logger class org.apache.velocity.runtime.log.Log4JLogChute
2020-01-06 15:58:56,667 - ResourceLoader instantiated: org.apache.velocity.runtime.resource.loader.ClasspathResourceLoader
2020-01-06 15:58:56,825 - ResourceCache: initialized (class org.apache.velocity.runtime.resource.ResourceCacheImpl) with class java.util.Collections$SynchronizedMap cache map.
2020-01-06 15:58:56,834 - Loaded System Directive: org.apache.velocity.runtime.directive.Stop
2020-01-06 15:58:56,871 - Loaded System Directive: org.apache.velocity.runtime.directive.Define
2020-01-06 15:58:56,873 - Loaded System Directive: org.apache.velocity.runtime.directive.Break
2020-01-06 15:58:56,881 - Loaded System Directive: org.apache.velocity.runtime.directive.Evaluate
2020-01-06 15:58:56,882 - Loaded System Directive: org.apache.velocity.runtime.directive.Literal
2020-01-06 15:58:56,889 - Loaded System Directive: org.apache.velocity.runtime.directive.Macro
2020-01-06 15:58:56,891 - Loaded System Directive: org.apache.velocity.runtime.directive.Parse
2020-01-06 15:58:56,894 - Loaded System Directive: org.apache.velocity.runtime.directive.Include
2020-01-06 15:58:56,907 - Loaded System Directive: org.apache.velocity.runtime.directive.Foreach
2020-01-06 15:58:57,168 - Created '20' parsers.
2020-01-06 15:58:57,261 - Velocimacro : "velocimacro.library" is not set.  Trying default library: VM_global_library.vm
2020-01-06 15:58:57,265 - Could not load resource 'VM_global_library.vm' from ResourceLoader org.apache.velocity.runtime.resource.loader.ClasspathResourceLoader: ClasspathResourceLoader Error: cannot find resource VM_global_library.vm
2020-01-06 15:58:57,266 - Velocimacro : Default library not found.
2020-01-06 15:58:57,266 - Velocimacro : allowInline = true : VMs can be defined inline in templates
2020-01-06 15:58:57,266 - Velocimacro : allowInlineToOverride = false : VMs defined inline may NOT replace previous VM definitions
2020-01-06 15:58:57,266 - Velocimacro : allowInlineLocal = false : VMs defined inline will be global in scope if allowed.
2020-01-06 15:58:57,266 - Velocimacro : autoload off : VM system will not automatically reload global library macros
2020-01-06 15:58:57,409 - ResourceManager : found createSql.vm with loader org.apache.velocity.runtime.resource.loader.ClasspathResourceLoader
2020-02-11 14:18:26,817 - Log4JLogChute initialized using file 'velocity.log'
2020-02-11 14:18:26,855 - Initializing Velocity, Calling init()...
2020-02-11 14:18:26,855 - Starting Apache Velocity v1.7 (compiled: 2010-11-19 12:14:37)
2020-02-11 14:18:26,855 - Default Properties File: org\apache\velocity\runtime\defaults\velocity.properties
2020-02-11 14:18:26,855 - Trying to use logger class org.apache.velocity.runtime.log.AvalonLogChute
2020-02-11 14:18:26,855 - Target log system for org.apache.velocity.runtime.log.AvalonLogChute is not available (java.lang.NoClassDefFoundError: org/apache/log/format/Formatter).  Falling back to next log system...
2020-02-11 14:18:26,855 - Trying to use logger class org.apache.velocity.runtime.log.Log4JLogChute
2020-02-11 14:18:26,855 - Using logger class org.apache.velocity.runtime.log.Log4JLogChute
2020-02-11 14:18:26,861 - ResourceLoader instantiated: org.apache.velocity.runtime.resource.loader.ClasspathResourceLoader
2020-02-11 14:18:26,901 - ResourceCache: initialized (class org.apache.velocity.runtime.resource.ResourceCacheImpl) with class java.util.Collections$SynchronizedMap cache map.
2020-02-11 14:18:26,903 - Loaded System Directive: org.apache.velocity.runtime.directive.Stop
2020-02-11 14:18:26,904 - Loaded System Directive: org.apache.velocity.runtime.directive.Define
2020-02-11 14:18:26,905 - Loaded System Directive: org.apache.velocity.runtime.directive.Break
2020-02-11 14:18:26,906 - Loaded System Directive: org.apache.velocity.runtime.directive.Evaluate
2020-02-11 14:18:26,906 - Loaded System Directive: org.apache.velocity.runtime.directive.Literal
2020-02-11 14:18:26,908 - Loaded System Directive: org.apache.velocity.runtime.directive.Macro
2020-02-11 14:18:26,910 - Loaded System Directive: org.apache.velocity.runtime.directive.Parse
2020-02-11 14:18:26,912 - Loaded System Directive: org.apache.velocity.runtime.directive.Include
2020-02-11 14:18:26,913 - Loaded System Directive: org.apache.velocity.runtime.directive.Foreach
2020-02-11 14:18:26,951 - Created '20' parsers.
2020-02-11 14:18:26,958 - Velocimacro : "velocimacro.library" is not set.  Trying default library: VM_global_library.vm
2020-02-11 14:18:26,958 - Could not load resource 'VM_global_library.vm' from ResourceLoader org.apache.velocity.runtime.resource.loader.ClasspathResourceLoader: ClasspathResourceLoader Error: cannot find resource VM_global_library.vm
2020-02-11 14:18:26,958 - Velocimacro : Default library not found.
2020-02-11 14:18:26,958 - Velocimacro : allowInline = true : VMs can be defined inline in templates
2020-02-11 14:18:26,958 - Velocimacro : allowInlineToOverride = false : VMs defined inline may NOT replace previous VM definitions
2020-02-11 14:18:26,958 - Velocimacro : allowInlineLocal = false : VMs defined inline will be global in scope if allowed.
2020-02-11 14:18:26,958 - Velocimacro : autoload off : VM system will not automatically reload global library macros
2020-02-11 14:18:26,998 - ResourceManager : found createSql.vm with loader org.apache.velocity.runtime.resource.loader.ClasspathResourceLoader
2020-02-11 14:18:27,008 - ResourceManager : found createSql.vm with loader org.apache.velocity.runtime.resource.loader.ClasspathResourceLoader
2020-02-11 14:18:27,018 - ResourceManager : found createSql.vm with loader org.apache.velocity.runtime.resource.loader.ClasspathResourceLoader
2020-02-11 14:18:27,018 - ResourceManager : found createSql.vm with loader org.apache.velocity.runtime.resource.loader.ClasspathResourceLoader
2020-02-11 14:31:01,299 - Log4JLogChute initialized using file 'velocity.log'
2020-02-11 14:31:01,299 - Initializing Velocity, Calling init()...
2020-02-11 14:31:01,299 - Starting Apache Velocity v1.7 (compiled: 2010-11-19 12:14:37)
2020-02-11 14:31:01,299 - Default Properties File: org\apache\velocity\runtime\defaults\velocity.properties
2020-02-11 14:31:01,299 - Trying to use logger class org.apache.velocity.runtime.log.AvalonLogChute
2020-02-11 14:31:01,299 - Target log system for org.apache.velocity.runtime.log.AvalonLogChute is not available (java.lang.NoClassDefFoundError: org/apache/log/format/Formatter).  Falling back to next log system...
2020-02-11 14:31:01,299 - Trying to use logger class org.apache.velocity.runtime.log.Log4JLogChute
2020-02-11 14:31:01,299 - Using logger class org.apache.velocity.runtime.log.Log4JLogChute
2020-02-11 14:31:01,299 - ResourceLoader instantiated: org.apache.velocity.runtime.resource.loader.ClasspathResourceLoader
2020-02-11 14:31:01,319 - ResourceCache: initialized (class org.apache.velocity.runtime.resource.ResourceCacheImpl) with class java.util.Collections$SynchronizedMap cache map.
2020-02-11 14:31:01,329 - Loaded System Directive: org.apache.velocity.runtime.directive.Stop
2020-02-11 14:31:01,329 - Loaded System Directive: org.apache.velocity.runtime.directive.Define
2020-02-11 14:31:01,329 - Loaded System Directive: org.apache.velocity.runtime.directive.Break
2020-02-11 14:31:01,329 - Loaded System Directive: org.apache.velocity.runtime.directive.Evaluate
2020-02-11 14:31:01,329 - Loaded System Directive: org.apache.velocity.runtime.directive.Literal
2020-02-11 14:31:01,329 - Loaded System Directive: org.apache.velocity.runtime.directive.Macro
2020-02-11 14:31:01,329 - Loaded System Directive: org.apache.velocity.runtime.directive.Parse
2020-02-11 14:31:01,329 - Loaded System Directive: org.apache.velocity.runtime.directive.Include
2020-02-11 14:31:01,329 - Loaded System Directive: org.apache.velocity.runtime.directive.Foreach
2020-02-11 14:31:01,359 - Created '20' parsers.
2020-02-11 14:31:01,369 - Velocimacro : "velocimacro.library" is not set.  Trying default library: VM_global_library.vm
2020-02-11 14:31:01,369 - Could not load resource 'VM_global_library.vm' from ResourceLoader org.apache.velocity.runtime.resource.loader.ClasspathResourceLoader: ClasspathResourceLoader Error: cannot find resource VM_global_library.vm
2020-02-11 14:31:01,369 - Velocimacro : Default library not found.
2020-02-11 14:31:01,369 - Velocimacro : allowInline = true : VMs can be defined inline in templates
2020-02-11 14:31:01,369 - Velocimacro : allowInlineToOverride = false : VMs defined inline may NOT replace previous VM definitions
2020-02-11 14:31:01,369 - Velocimacro : allowInlineLocal = false : VMs defined inline will be global in scope if allowed.
2020-02-11 14:31:01,369 - Velocimacro : autoload off : VM system will not automatically reload global library macros
2020-02-11 14:31:01,389 - ResourceManager : found createSql.vm with loader org.apache.velocity.runtime.resource.loader.ClasspathResourceLoader
2020-02-11 14:31:01,409 - ResourceManager : found createSql.vm with loader org.apache.velocity.runtime.resource.loader.ClasspathResourceLoader
2020-02-11 14:31:01,419 - ResourceManager : found createSql.vm with loader org.apache.velocity.runtime.resource.loader.ClasspathResourceLoader
2020-02-11 14:31:01,429 - ResourceManager : found createSql.vm with loader org.apache.velocity.runtime.resource.loader.ClasspathResourceLoader
2020-02-11 14:34:07,180 - Log4JLogChute initialized using file 'velocity.log'
2020-02-11 14:34:07,180 - Initializing Velocity, Calling init()...
2020-02-11 14:34:07,180 - Starting Apache Velocity v1.7 (compiled: 2010-11-19 12:14:37)
2020-02-11 14:34:07,180 - Default Properties File: org\apache\velocity\runtime\defaults\velocity.properties
2020-02-11 14:34:07,180 - Trying to use logger class org.apache.velocity.runtime.log.AvalonLogChute
2020-02-11 14:34:07,180 - Target log system for org.apache.velocity.runtime.log.AvalonLogChute is not available (java.lang.NoClassDefFoundError: org/apache/log/format/Formatter).  Falling back to next log system...
2020-02-11 14:34:07,180 - Trying to use logger class org.apache.velocity.runtime.log.Log4JLogChute
2020-02-11 14:34:07,180 - Using logger class org.apache.velocity.runtime.log.Log4JLogChute
2020-02-11 14:34:07,180 - ResourceLoader instantiated: org.apache.velocity.runtime.resource.loader.ClasspathResourceLoader
2020-02-11 14:34:07,190 - ResourceCache: initialized (class org.apache.velocity.runtime.resource.ResourceCacheImpl) with class java.util.Collections$SynchronizedMap cache map.
2020-02-11 14:34:07,190 - Loaded System Directive: org.apache.velocity.runtime.directive.Stop
2020-02-11 14:34:07,200 - Loaded System Directive: org.apache.velocity.runtime.directive.Define
2020-02-11 14:34:07,200 - Loaded System Directive: org.apache.velocity.runtime.directive.Break
2020-02-11 14:34:07,200 - Loaded System Directive: org.apache.velocity.runtime.directive.Evaluate
2020-02-11 14:34:07,200 - Loaded System Directive: org.apache.velocity.runtime.directive.Literal
2020-02-11 14:34:07,200 - Loaded System Directive: org.apache.velocity.runtime.directive.Macro
2020-02-11 14:34:07,200 - Loaded System Directive: org.apache.velocity.runtime.directive.Parse
2020-02-11 14:34:07,200 - Loaded System Directive: org.apache.velocity.runtime.directive.Include
2020-02-11 14:34:07,210 - Loaded System Directive: org.apache.velocity.runtime.directive.Foreach
2020-02-11 14:34:07,230 - Created '20' parsers.
2020-02-11 14:34:07,240 - Velocimacro : "velocimacro.library" is not set.  Trying default library: VM_global_library.vm
2020-02-11 14:34:07,240 - Could not load resource 'VM_global_library.vm' from ResourceLoader org.apache.velocity.runtime.resource.loader.ClasspathResourceLoader: ClasspathResourceLoader Error: cannot find resource VM_global_library.vm
2020-02-11 14:34:07,240 - Velocimacro : Default library not found.
2020-02-11 14:34:07,240 - Velocimacro : allowInline = true : VMs can be defined inline in templates
2020-02-11 14:34:07,240 - Velocimacro : allowInlineToOverride = false : VMs defined inline may NOT replace previous VM definitions
2020-02-11 14:34:07,240 - Velocimacro : allowInlineLocal = false : VMs defined inline will be global in scope if allowed.
2020-02-11 14:34:07,240 - Velocimacro : autoload off : VM system will not automatically reload global library macros
2020-02-11 14:34:07,250 - ResourceManager : found createSql.vm with loader org.apache.velocity.runtime.resource.loader.ClasspathResourceLoader
2020-02-11 14:34:07,260 - ResourceManager : found createSql.vm with loader org.apache.velocity.runtime.resource.loader.ClasspathResourceLoader
2020-02-11 14:34:07,270 - ResourceManager : found createSql.vm with loader org.apache.velocity.runtime.resource.loader.ClasspathResourceLoader
2020-02-11 14:34:07,280 - ResourceManager : found createSql.vm with loader org.apache.velocity.runtime.resource.loader.ClasspathResourceLoader
2020-02-11 14:41:47,280 - Log4JLogChute initialized using file 'velocity.log'
2020-02-11 14:41:47,280 - Initializing Velocity, Calling init()...
2020-02-11 14:41:47,280 - Starting Apache Velocity v1.7 (compiled: 2010-11-19 12:14:37)
2020-02-11 14:41:47,280 - Default Properties File: org\apache\velocity\runtime\defaults\velocity.properties
2020-02-11 14:41:47,280 - Trying to use logger class org.apache.velocity.runtime.log.AvalonLogChute
2020-02-11 14:41:47,280 - Target log system for org.apache.velocity.runtime.log.AvalonLogChute is not available (java.lang.NoClassDefFoundError: org/apache/log/format/Formatter).  Falling back to next log system...
2020-02-11 14:41:47,280 - Trying to use logger class org.apache.velocity.runtime.log.Log4JLogChute
2020-02-11 14:41:47,280 - Using logger class org.apache.velocity.runtime.log.Log4JLogChute
2020-02-11 14:41:47,290 - ResourceLoader instantiated: org.apache.velocity.runtime.resource.loader.ClasspathResourceLoader
2020-02-11 14:41:47,300 - ResourceCache: initialized (class org.apache.velocity.runtime.resource.ResourceCacheImpl) with class java.util.Collections$SynchronizedMap cache map.
2020-02-11 14:41:47,300 - Loaded System Directive: org.apache.velocity.runtime.directive.Stop
2020-02-11 14:41:47,300 - Loaded System Directive: org.apache.velocity.runtime.directive.Define
2020-02-11 14:41:47,300 - Loaded System Directive: org.apache.velocity.runtime.directive.Break
2020-02-11 14:41:47,300 - Loaded System Directive: org.apache.velocity.runtime.directive.Evaluate
2020-02-11 14:41:47,300 - Loaded System Directive: org.apache.velocity.runtime.directive.Literal
2020-02-11 14:41:47,300 - Loaded System Directive: org.apache.velocity.runtime.directive.Macro
2020-02-11 14:41:47,310 - Loaded System Directive: org.apache.velocity.runtime.directive.Parse
2020-02-11 14:41:47,310 - Loaded System Directive: org.apache.velocity.runtime.directive.Include
2020-02-11 14:41:47,310 - Loaded System Directive: org.apache.velocity.runtime.directive.Foreach
2020-02-11 14:41:47,330 - Created '20' parsers.
2020-02-11 14:41:47,340 - Velocimacro : "velocimacro.library" is not set.  Trying default library: VM_global_library.vm
2020-02-11 14:41:47,340 - Could not load resource 'VM_global_library.vm' from ResourceLoader org.apache.velocity.runtime.resource.loader.ClasspathResourceLoader: ClasspathResourceLoader Error: cannot find resource VM_global_library.vm
2020-02-11 14:41:47,340 - Velocimacro : Default library not found.
2020-02-11 14:41:47,340 - Velocimacro : allowInline = true : VMs can be defined inline in templates
2020-02-11 14:41:47,340 - Velocimacro : allowInlineToOverride = false : VMs defined inline may NOT replace previous VM definitions
2020-02-11 14:41:47,340 - Velocimacro : allowInlineLocal = false : VMs defined inline will be global in scope if allowed.
2020-02-11 14:41:47,340 - Velocimacro : autoload off : VM system will not automatically reload global library macros
2020-02-11 14:41:47,350 - ResourceManager : found createSql.vm with loader org.apache.velocity.runtime.resource.loader.ClasspathResourceLoader
2020-02-11 14:41:47,360 - ResourceManager : found createSql.vm with loader org.apache.velocity.runtime.resource.loader.ClasspathResourceLoader
2020-02-11 14:41:47,370 - ResourceManager : found createSql.vm with loader org.apache.velocity.runtime.resource.loader.ClasspathResourceLoader
2020-02-11 14:41:47,380 - ResourceManager : found createSql.vm with loader org.apache.velocity.runtime.resource.loader.ClasspathResourceLoader
2020-02-11 14:43:30,850 - Log4JLogChute initialized using file 'velocity.log'
2020-02-11 14:43:30,860 - Initializing Velocity, Calling init()...
2020-02-11 14:43:30,860 - Starting Apache Velocity v1.7 (compiled: 2010-11-19 12:14:37)
2020-02-11 14:43:30,860 - Default Properties File: org\apache\velocity\runtime\defaults\velocity.properties
2020-02-11 14:43:30,860 - Trying to use logger class org.apache.velocity.runtime.log.AvalonLogChute
2020-02-11 14:43:30,860 - Target log system for org.apache.velocity.runtime.log.AvalonLogChute is not available (java.lang.NoClassDefFoundError: org/apache/log/format/Formatter).  Falling back to next log system...
2020-02-11 14:43:30,860 - Trying to use logger class org.apache.velocity.runtime.log.Log4JLogChute
2020-02-11 14:43:30,860 - Using logger class org.apache.velocity.runtime.log.Log4JLogChute
2020-02-11 14:43:30,860 - ResourceLoader instantiated: org.apache.velocity.runtime.resource.loader.ClasspathResourceLoader
2020-02-11 14:43:30,870 - ResourceCache: initialized (class org.apache.velocity.runtime.resource.ResourceCacheImpl) with class java.util.Collections$SynchronizedMap cache map.
2020-02-11 14:43:30,870 - Loaded System Directive: org.apache.velocity.runtime.directive.Stop
2020-02-11 14:43:30,880 - Loaded System Directive: org.apache.velocity.runtime.directive.Define
2020-02-11 14:43:30,880 - Loaded System Directive: org.apache.velocity.runtime.directive.Break
2020-02-11 14:43:30,880 - Loaded System Directive: org.apache.velocity.runtime.directive.Evaluate
2020-02-11 14:43:30,880 - Loaded System Directive: org.apache.velocity.runtime.directive.Literal
2020-02-11 14:43:30,880 - Loaded System Directive: org.apache.velocity.runtime.directive.Macro
2020-02-11 14:43:30,880 - Loaded System Directive: org.apache.velocity.runtime.directive.Parse
2020-02-11 14:43:30,880 - Loaded System Directive: org.apache.velocity.runtime.directive.Include
2020-02-11 14:43:30,880 - Loaded System Directive: org.apache.velocity.runtime.directive.Foreach
2020-02-11 14:43:30,910 - Created '20' parsers.
2020-02-11 14:43:30,920 - Velocimacro : "velocimacro.library" is not set.  Trying default library: VM_global_library.vm
2020-02-11 14:43:30,920 - Could not load resource 'VM_global_library.vm' from ResourceLoader org.apache.velocity.runtime.resource.loader.ClasspathResourceLoader: ClasspathResourceLoader Error: cannot find resource VM_global_library.vm
2020-02-11 14:43:30,920 - Velocimacro : Default library not found.
2020-02-11 14:43:30,920 - Velocimacro : allowInline = true : VMs can be defined inline in templates
2020-02-11 14:43:30,920 - Velocimacro : allowInlineToOverride = false : VMs defined inline may NOT replace previous VM definitions
2020-02-11 14:43:30,920 - Velocimacro : allowInlineLocal = false : VMs defined inline will be global in scope if allowed.
2020-02-11 14:43:30,920 - Velocimacro : autoload off : VM system will not automatically reload global library macros
2020-02-11 14:43:30,930 - ResourceManager : found createSql.vm with loader org.apache.velocity.runtime.resource.loader.ClasspathResourceLoader
2020-02-11 14:43:30,940 - ResourceManager : found createSql.vm with loader org.apache.velocity.runtime.resource.loader.ClasspathResourceLoader
2020-02-11 14:43:30,950 - ResourceManager : found createSql.vm with loader org.apache.velocity.runtime.resource.loader.ClasspathResourceLoader
2020-02-11 14:43:30,960 - ResourceManager : found createSql.vm with loader org.apache.velocity.runtime.resource.loader.ClasspathResourceLoader
2020-02-11 14:52:05,511 - Log4JLogChute initialized using file 'velocity.log'
2020-02-11 14:52:05,511 - Initializing Velocity, Calling init()...
2020-02-11 14:52:05,511 - Starting Apache Velocity v1.7 (compiled: 2010-11-19 12:14:37)
2020-02-11 14:52:05,511 - Default Properties File: org\apache\velocity\runtime\defaults\velocity.properties
2020-02-11 14:52:05,511 - Trying to use logger class org.apache.velocity.runtime.log.AvalonLogChute
2020-02-11 14:52:05,511 - Target log system for org.apache.velocity.runtime.log.AvalonLogChute is not available (java.lang.NoClassDefFoundError: org/apache/log/format/Formatter).  Falling back to next log system...
2020-02-11 14:52:05,511 - Trying to use logger class org.apache.velocity.runtime.log.Log4JLogChute
2020-02-11 14:52:05,511 - Using logger class org.apache.velocity.runtime.log.Log4JLogChute
2020-02-11 14:52:05,521 - ResourceLoader instantiated: org.apache.velocity.runtime.resource.loader.ClasspathResourceLoader
2020-02-11 14:52:05,531 - ResourceCache: initialized (class org.apache.velocity.runtime.resource.ResourceCacheImpl) with class java.util.Collections$SynchronizedMap cache map.
2020-02-11 14:52:05,531 - Loaded System Directive: org.apache.velocity.runtime.directive.Stop
2020-02-11 14:52:05,531 - Loaded System Directive: org.apache.velocity.runtime.directive.Define
2020-02-11 14:52:05,531 - Loaded System Directive: org.apache.velocity.runtime.directive.Break
2020-02-11 14:52:05,531 - Loaded System Directive: org.apache.velocity.runtime.directive.Evaluate
2020-02-11 14:52:05,531 - Loaded System Directive: org.apache.velocity.runtime.directive.Literal
2020-02-11 14:52:05,541 - Loaded System Directive: org.apache.velocity.runtime.directive.Macro
2020-02-11 14:52:05,541 - Loaded System Directive: org.apache.velocity.runtime.directive.Parse
2020-02-11 14:52:05,541 - Loaded System Directive: org.apache.velocity.runtime.directive.Include
2020-02-11 14:52:05,541 - Loaded System Directive: org.apache.velocity.runtime.directive.Foreach
2020-02-11 14:52:05,571 - Created '20' parsers.
2020-02-11 14:52:05,581 - Velocimacro : "velocimacro.library" is not set.  Trying default library: VM_global_library.vm
2020-02-11 14:52:05,581 - Could not load resource 'VM_global_library.vm' from ResourceLoader org.apache.velocity.runtime.resource.loader.ClasspathResourceLoader: ClasspathResourceLoader Error: cannot find resource VM_global_library.vm
2020-02-11 14:52:05,581 - Velocimacro : Default library not found.
2020-02-11 14:52:05,581 - Velocimacro : allowInline = true : VMs can be defined inline in templates
2020-02-11 14:52:05,581 - Velocimacro : allowInlineToOverride = false : VMs defined inline may NOT replace previous VM definitions
2020-02-11 14:52:05,581 - Velocimacro : allowInlineLocal = false : VMs defined inline will be global in scope if allowed.
2020-02-11 14:52:05,581 - Velocimacro : autoload off : VM system will not automatically reload global library macros
2020-02-11 14:52:05,591 - ResourceManager : found createSql.vm with loader org.apache.velocity.runtime.resource.loader.ClasspathResourceLoader
2020-02-11 14:52:05,611 - ResourceManager : found createSql.vm with loader org.apache.velocity.runtime.resource.loader.ClasspathResourceLoader
2020-02-11 14:52:05,631 - ResourceManager : found createSql.vm with loader org.apache.velocity.runtime.resource.loader.ClasspathResourceLoader
2020-02-11 14:52:05,631 - ResourceManager : found createSql.vm with loader org.apache.velocity.runtime.resource.loader.ClasspathResourceLoader
2020-02-11 15:01:37,471 - Log4JLogChute initialized using file 'velocity.log'
2020-02-11 15:01:37,471 - Initializing Velocity, Calling init()...
2020-02-11 15:01:37,471 - Starting Apache Velocity v1.7 (compiled: 2010-11-19 12:14:37)
2020-02-11 15:01:37,471 - Default Properties File: org\apache\velocity\runtime\defaults\velocity.properties
2020-02-11 15:01:37,471 - Trying to use logger class org.apache.velocity.runtime.log.AvalonLogChute
2020-02-11 15:01:37,471 - Target log system for org.apache.velocity.runtime.log.AvalonLogChute is not available (java.lang.NoClassDefFoundError: org/apache/log/format/Formatter).  Falling back to next log system...
2020-02-11 15:01:37,471 - Trying to use logger class org.apache.velocity.runtime.log.Log4JLogChute
2020-02-11 15:01:37,471 - Using logger class org.apache.velocity.runtime.log.Log4JLogChute
2020-02-11 15:01:37,481 - ResourceLoader instantiated: org.apache.velocity.runtime.resource.loader.ClasspathResourceLoader
2020-02-11 15:01:37,491 - ResourceCache: initialized (class org.apache.velocity.runtime.resource.ResourceCacheImpl) with class java.util.Collections$SynchronizedMap cache map.
2020-02-11 15:01:37,491 - Loaded System Directive: org.apache.velocity.runtime.directive.Stop
2020-02-11 15:01:37,491 - Loaded System Directive: org.apache.velocity.runtime.directive.Define
2020-02-11 15:01:37,491 - Loaded System Directive: org.apache.velocity.runtime.directive.Break
2020-02-11 15:01:37,491 - Loaded System Directive: org.apache.velocity.runtime.directive.Evaluate
2020-02-11 15:01:37,491 - Loaded System Directive: org.apache.velocity.runtime.directive.Literal
2020-02-11 15:01:37,491 - Loaded System Directive: org.apache.velocity.runtime.directive.Macro
2020-02-11 15:01:37,501 - Loaded System Directive: org.apache.velocity.runtime.directive.Parse
2020-02-11 15:01:37,501 - Loaded System Directive: org.apache.velocity.runtime.directive.Include
2020-02-11 15:01:37,501 - Loaded System Directive: org.apache.velocity.runtime.directive.Foreach
2020-02-11 15:01:37,521 - Created '20' parsers.
2020-02-11 15:01:37,531 - Velocimacro : "velocimacro.library" is not set.  Trying default library: VM_global_library.vm
2020-02-11 15:01:37,531 - Could not load resource 'VM_global_library.vm' from ResourceLoader org.apache.velocity.runtime.resource.loader.ClasspathResourceLoader: ClasspathResourceLoader Error: cannot find resource VM_global_library.vm
2020-02-11 15:01:37,531 - Velocimacro : Default library not found.
2020-02-11 15:01:37,531 - Velocimacro : allowInline = true : VMs can be defined inline in templates
2020-02-11 15:01:37,531 - Velocimacro : allowInlineToOverride = false : VMs defined inline may NOT replace previous VM definitions
2020-02-11 15:01:37,531 - Velocimacro : allowInlineLocal = false : VMs defined inline will be global in scope if allowed.
2020-02-11 15:01:37,531 - Velocimacro : autoload off : VM system will not automatically reload global library macros
2020-02-11 15:01:37,541 - ResourceManager : found createSql.vm with loader org.apache.velocity.runtime.resource.loader.ClasspathResourceLoader
2020-02-11 15:01:37,551 - ResourceManager : found createSql.vm with loader org.apache.velocity.runtime.resource.loader.ClasspathResourceLoader
2020-02-11 15:01:37,561 - ResourceManager : found createSql.vm with loader org.apache.velocity.runtime.resource.loader.ClasspathResourceLoader
2020-02-11 15:01:37,571 - ResourceManager : found createSql.vm with loader org.apache.velocity.runtime.resource.loader.ClasspathResourceLoader
