#
# There is insufficient memory for the Java Runtime Environment to continue.
# Native memory allocation (malloc) failed to allocate 1085296 bytes for Chunk::new
# Possible reasons:
#   The system is out of physical RAM or swap space
#   In 32 bit mode, the process size limit was hit
# Possible solutions:
#   Reduce memory load on the system
#   Increase physical memory or swap space
#   Check if swap backing store is full
#   Use 64 bit Java on a 64 bit OS
#   Decrease Java heap size (-Xmx/-Xms)
#   Decrease number of Java threads
#   Decrease Java thread stack sizes (-Xss)
#   Set larger code cache with -XX:ReservedCodeCacheSize=
# This output file may be truncated or incomplete.
#
#  Out of Memory Error (allocation.cpp:390), pid=130748, tid=0x00000000000218dc
#
# JRE version: Java(TM) SE Runtime Environment (8.0_151-b12) (build 1.8.0_151-b12)
# Java VM: Java HotSpot(TM) 64-Bit Server VM (25.151-b12 mixed mode windows-amd64 compressed oops)
# Failed to write core dump. Minidumps are not enabled by default on client versions of Windows
#

---------------  T H R E A D  ---------------

Current thread (0x000000001a556800):  JavaThread "C2 CompilerThread0" daemon [_thread_in_native, id=137436, stack(0x000000001aeb0000,0x000000001afb0000)]

Stack: [0x000000001aeb0000,0x000000001afb0000]
[error occurred during error reporting (printing stack bounds), id 0xc0000005]

Native frames: (J=compiled Java code, j=interpreted, Vv=VM code, C=native code)


Current CompileTask:
C2: 259822 6808       4       sun.reflect.annotation.AnnotationInvocationHandler::invoke (277 bytes)


---------------  P R O C E S S  ---------------

Java Threads: ( => current thread )
  0x0000000022d99800 JavaThread "Thread-3" daemon [_thread_in_native, id=68252, stack(0x0000000021a50000,0x0000000021b50000)]
  0x000000001b96a000 JavaThread "localhost-startStop-1" daemon [_thread_in_vm, id=125536, stack(0x00000000206e0000,0x00000000207e0000)]
  0x00000000213c3800 JavaThread "Tomcat-startStop-1" daemon [_thread_blocked, id=130340, stack(0x0000000002f80000,0x0000000003080000)]
  0x000000001a5cb800 JavaThread "Service Thread" daemon [_thread_blocked, id=128828, stack(0x000000001b2b0000,0x000000001b3b0000)]
  0x000000001a567000 JavaThread "C1 CompilerThread3" daemon [_thread_blocked, id=132104, stack(0x000000001b1b0000,0x000000001b2b0000)]
  0x000000001a566800 JavaThread "C2 CompilerThread2" daemon [_thread_blocked, id=111296, stack(0x000000001b0b0000,0x000000001b1b0000)]
  0x000000001a565800 JavaThread "C2 CompilerThread1" daemon [_thread_blocked, id=137092, stack(0x000000001afb0000,0x000000001b0b0000)]
=>0x000000001a556800 JavaThread "C2 CompilerThread0" daemon [_thread_in_native, id=137436, stack(0x000000001aeb0000,0x000000001afb0000)]
  0x000000001a546000 JavaThread "JDWP Command Reader" daemon [_thread_in_native, id=140816, stack(0x000000001adb0000,0x000000001aeb0000)]
  0x000000001a542800 JavaThread "JDWP Event Helper Thread" daemon [_thread_blocked, id=130592, stack(0x000000001acb0000,0x000000001adb0000)]
  0x000000001a535000 JavaThread "JDWP Transport Listener: dt_socket" daemon [_thread_blocked, id=125168, stack(0x000000001abb0000,0x000000001acb0000)]
  0x000000001a4da000 JavaThread "Attach Listener" daemon [_thread_blocked, id=130444, stack(0x000000001aab0000,0x000000001abb0000)]
  0x000000001a530800 JavaThread "Signal Dispatcher" daemon [_thread_blocked, id=126080, stack(0x000000001a9b0000,0x000000001aab0000)]
  0x000000001a4c0800 JavaThread "Finalizer" daemon [_thread_blocked, id=133832, stack(0x000000001a8a0000,0x000000001a9a0000)]
  0x00000000185dd000 JavaThread "Reference Handler" daemon [_thread_blocked, id=132932, stack(0x000000001a3a0000,0x000000001a4a0000)]
  0x0000000003562800 JavaThread "main" [_thread_blocked, id=124684, stack(0x0000000003460000,0x0000000003560000)]

Other Threads:
  0x00000000185d7800 VMThread [stack: 0x000000001a2a0000,0x000000001a3a0000] [id=124440]
  0x000000001a66f800 WatcherThread [stack: 0x000000001b3b0000,0x000000001b4b0000] [id=131296]

VM state:not at safepoint (normal execution)

VM Mutex/Monitor currently owned by a thread: None

Heap:
 PSYoungGen      total 407040K, used 287265K [0x00000000d5f00000, 0x00000000ff480000, 0x0000000100000000)
  eden space 364544K, 67% used [0x00000000d5f00000,0x00000000e4e0b550,0x00000000ec300000)
  from space 42496K, 99% used [0x00000000ec300000,0x00000000eec7cec0,0x00000000eec80000)
  to   space 67584K, 0% used [0x00000000fb280000,0x00000000fb280000,0x00000000ff480000)
 ParOldGen       total 130560K, used 86768K [0x0000000081c00000, 0x0000000089b80000, 0x00000000d5f00000)
  object space 130560K, 66% used [0x0000000081c00000,0x00000000870bc0f8,0x0000000089b80000)
 Metaspace       used 45084K, capacity 45904K, committed 46256K, reserved 1089536K
  class space    used 5260K, capacity 5474K, committed 5552K, reserved 1048576K

Card table byte_map: [0x0000000012a20000,0x0000000012e20000] byte_map_base: 0x0000000012612000

Marking Bits: (ParMarkBitMap*) 0x00000000746dd850
 Begin Bits: [0x00000000138d0000, 0x0000000015860000)
 End Bits:   [0x0000000015860000, 0x00000000177f0000)

Polling page: 0x0000000001340000

CodeCache: size=245760Kb used=21675Kb max_used=21688Kb free=224084Kb
 bounds [0x0000000003660000, 0x0000000004bb0000, 0x0000000012660000]
 total_blobs=6071 nmethods=5584 adapters=407
 compilation: enabled

Compilation events (10 events):
Event: 259.695 Thread 0x000000001a567000 6823       3       sun.reflect.ByteVectorFactory::create (8 bytes)
Event: 259.696 Thread 0x000000001a567000 nmethod 6823 0x0000000004b9a9d0 code [0x0000000004b9ab40, 0x0000000004b9ae90]
Event: 259.704 Thread 0x000000001a567000 6825       3       sun.reflect.ByteVectorImpl::resize (44 bytes)
Event: 259.705 Thread 0x000000001a567000 nmethod 6825 0x0000000004b9b010 code [0x0000000004b9b180, 0x0000000004b9b468]
Event: 259.705 Thread 0x000000001a567000 6826       3       sun.reflect.ClassFileAssembler::opc_athrow (12 bytes)
Event: 259.705 Thread 0x000000001a567000 nmethod 6826 0x0000000004b9b550 code [0x0000000004b9b6e0, 0x0000000004b9b9e8]
Event: 259.708 Thread 0x000000001a567000 6827       1       org.springframework.core.annotation.AbstractAliasAwareAnnotationAttributeExtractor::getSource (5 bytes)
Event: 259.709 Thread 0x000000001a567000 nmethod 6827 0x0000000004b9bb50 code [0x0000000004b9bca0, 0x0000000004b9bdb0]
Event: 259.730 Thread 0x000000001a567000 6828       1       java.util.concurrent.locks.AbstractQueuedSynchronizer::setState (6 bytes)
Event: 259.731 Thread 0x000000001a567000 nmethod 6828 0x0000000004b9be10 code [0x0000000004b9bf60, 0x0000000004b9c070]

GC Heap History (10 events):
Event: 135.566 GC heap before
{Heap before GC invocations=11 (full 2):
 PSYoungGen      total 266240K, used 24545K [0x00000000d5f00000, 0x00000000f1600000, 0x0000000100000000)
  eden space 241664K, 0% used [0x00000000d5f00000,0x00000000d5f00000,0x00000000e4b00000)
  from space 24576K, 99% used [0x00000000e4b00000,0x00000000e62f85f0,0x00000000e6300000)
  to   space 36864K, 0% used [0x00000000ef200000,0x00000000ef200000,0x00000000f1600000)
 ParOldGen       total 59392K, used 59302K [0x0000000081c00000, 0x0000000085600000, 0x00000000d5f00000)
  object space 59392K, 99% used [0x0000000081c00000,0x00000000855e9930,0x0000000085600000)
 Metaspace       used 29781K, capacity 30546K, committed 30640K, reserved 1077248K
  class space    used 3482K, capacity 3724K, committed 3760K, reserved 1048576K
Event: 137.272 GC heap after
Heap after GC invocations=11 (full 2):
 PSYoungGen      total 266240K, used 4354K [0x00000000d5f00000, 0x00000000f1600000, 0x0000000100000000)
  eden space 241664K, 0% used [0x00000000d5f00000,0x00000000d5f00000,0x00000000e4b00000)
  from space 24576K, 17% used [0x00000000e4b00000,0x00000000e4f40958,0x00000000e6300000)
  to   space 36864K, 0% used [0x00000000ef200000,0x00000000ef200000,0x00000000f1600000)
 ParOldGen       total 130560K, used 59034K [0x0000000081c00000, 0x0000000089b80000, 0x00000000d5f00000)
  object space 130560K, 45% used [0x0000000081c00000,0x00000000855a68d0,0x0000000089b80000)
 Metaspace       used 28955K, capacity 29614K, committed 30640K, reserved 1077248K
  class space    used 3364K, capacity 3584K, committed 3760K, reserved 1048576K
}
Event: 147.553 GC heap before
{Heap before GC invocations=12 (full 2):
 PSYoungGen      total 266240K, used 246018K [0x00000000d5f00000, 0x00000000f1600000, 0x0000000100000000)
  eden space 241664K, 100% used [0x00000000d5f00000,0x00000000e4b00000,0x00000000e4b00000)
  from space 24576K, 17% used [0x00000000e4b00000,0x00000000e4f40958,0x00000000e6300000)
  to   space 36864K, 0% used [0x00000000ef200000,0x00000000ef200000,0x00000000f1600000)
 ParOldGen       total 130560K, used 59034K [0x0000000081c00000, 0x0000000089b80000, 0x00000000d5f00000)
  object space 130560K, 45% used [0x0000000081c00000,0x00000000855a68d0,0x0000000089b80000)
 Metaspace       used 28974K, capacity 29628K, committed 30640K, reserved 1077248K
  class space    used 3367K, capacity 3586K, committed 3760K, reserved 1048576K
Event: 147.731 GC heap after
Heap after GC invocations=12 (full 2):
 PSYoungGen      total 367104K, used 36530K [0x00000000d5f00000, 0x00000000f1600000, 0x0000000100000000)
  eden space 330240K, 0% used [0x00000000d5f00000,0x00000000d5f00000,0x00000000ea180000)
  from space 36864K, 99% used [0x00000000ef200000,0x00000000f15aca58,0x00000000f1600000)
  to   space 42496K, 0% used [0x00000000ec300000,0x00000000ec300000,0x00000000eec80000)
 ParOldGen       total 130560K, used 60679K [0x0000000081c00000, 0x0000000089b80000, 0x00000000d5f00000)
  object space 130560K, 46% used [0x0000000081c00000,0x0000000085741dc0,0x0000000089b80000)
 Metaspace       used 28974K, capacity 29628K, committed 30640K, reserved 1077248K
  class space    used 3367K, capacity 3586K, committed 3760K, reserved 1048576K
}
Event: 157.385 GC heap before
{Heap before GC invocations=13 (full 2):
 PSYoungGen      total 367104K, used 366770K [0x00000000d5f00000, 0x00000000f1600000, 0x0000000100000000)
  eden space 330240K, 100% used [0x00000000d5f00000,0x00000000ea180000,0x00000000ea180000)
  from space 36864K, 99% used [0x00000000ef200000,0x00000000f15aca58,0x00000000f1600000)
  to   space 42496K, 0% used [0x00000000ec300000,0x00000000ec300000,0x00000000eec80000)
 ParOldGen       total 130560K, used 60679K [0x0000000081c00000, 0x0000000089b80000, 0x00000000d5f00000)
  object space 130560K, 46% used [0x0000000081c00000,0x0000000085741dc0,0x0000000089b80000)
 Metaspace       used 28978K, capacity 29628K, committed 30640K, reserved 1077248K
  class space    used 3368K, capacity 3586K, committed 3760K, reserved 1048576K
Event: 158.209 GC heap after
Heap after GC invocations=13 (full 2):
 PSYoungGen      total 407040K, used 42465K [0x00000000d5f00000, 0x00000000f9380000, 0x0000000100000000)
  eden space 364544K, 0% used [0x00000000d5f00000,0x00000000d5f00000,0x00000000ec300000)
  from space 42496K, 99% used [0x00000000ec300000,0x00000000eec78708,0x00000000eec80000)
  to   space 53760K, 0% used [0x00000000f5f00000,0x00000000f5f00000,0x00000000f9380000)
 ParOldGen       total 130560K, used 72191K [0x0000000081c00000, 0x0000000089b80000, 0x00000000d5f00000)
  object space 130560K, 55% used [0x0000000081c00000,0x000000008627fdf0,0x0000000089b80000)
 Metaspace       used 28978K, capacity 29628K, committed 30640K, reserved 1077248K
  class space    used 3368K, capacity 3586K, committed 3760K, reserved 1048576K
}
Event: 177.245 GC heap before
{Heap before GC invocations=14 (full 2):
 PSYoungGen      total 407040K, used 407009K [0x00000000d5f00000, 0x00000000f9380000, 0x0000000100000000)
  eden space 364544K, 100% used [0x00000000d5f00000,0x00000000ec300000,0x00000000ec300000)
  from space 42496K, 99% used [0x00000000ec300000,0x00000000eec78708,0x00000000eec80000)
  to   space 53760K, 0% used [0x00000000f5f00000,0x00000000f5f00000,0x00000000f9380000)
 ParOldGen       total 130560K, used 72191K [0x0000000081c00000, 0x0000000089b80000, 0x00000000d5f00000)
  object space 130560K, 55% used [0x0000000081c00000,0x000000008627fdf0,0x0000000089b80000)
 Metaspace       used 29036K, capacity 29692K, committed 30640K, reserved 1077248K
  class space    used 3368K, capacity 3586K, committed 3760K, reserved 1048576K
Event: 178.974 GC heap after
Heap after GC invocations=14 (full 2):
 PSYoungGen      total 418304K, used 51473K [0x00000000d5f00000, 0x00000000f9380000, 0x0000000100000000)
  eden space 364544K, 0% used [0x00000000d5f00000,0x00000000d5f00000,0x00000000ec300000)
  from space 53760K, 95% used [0x00000000f5f00000,0x00000000f9144530,0x00000000f9380000)
  to   space 42496K, 0% used [0x00000000ec300000,0x00000000ec300000,0x00000000eec80000)
 ParOldGen       total 130560K, used 78862K [0x0000000081c00000, 0x0000000089b80000, 0x00000000d5f00000)
  object space 130560K, 60% used [0x0000000081c00000,0x00000000869039e0,0x0000000089b80000)
 Metaspace       used 29036K, capacity 29692K, committed 30640K, reserved 1077248K
  class space    used 3368K, capacity 3586K, committed 3760K, reserved 1048576K
}
Event: 201.149 GC heap before
{Heap before GC invocations=15 (full 2):
 PSYoungGen      total 418304K, used 416017K [0x00000000d5f00000, 0x00000000f9380000, 0x0000000100000000)
  eden space 364544K, 100% used [0x00000000d5f00000,0x00000000ec300000,0x00000000ec300000)
  from space 53760K, 95% used [0x00000000f5f00000,0x00000000f9144530,0x00000000f9380000)
  to   space 42496K, 0% used [0x00000000ec300000,0x00000000ec300000,0x00000000eec80000)
 ParOldGen       total 130560K, used 78862K [0x0000000081c00000, 0x0000000089b80000, 0x00000000d5f00000)
  object space 130560K, 60% used [0x0000000081c00000,0x00000000869039e0,0x0000000089b80000)
 Metaspace       used 29672K, capacity 30272K, committed 30640K, reserved 1077248K
  class space    used 3446K, capacity 3654K, committed 3760K, reserved 1048576K
Event: 204.101 GC heap after
Heap after GC invocations=15 (full 2):
 PSYoungGen      total 407040K, used 42483K [0x00000000d5f00000, 0x00000000ff480000, 0x0000000100000000)
  eden space 364544K, 0% used [0x00000000d5f00000,0x00000000d5f00000,0x00000000ec300000)
  from space 42496K, 99% used [0x00000000ec300000,0x00000000eec7cec0,0x00000000eec80000)
  to   space 67584K, 0% used [0x00000000fb280000,0x00000000fb280000,0x00000000ff480000)
 ParOldGen       total 130560K, used 86768K [0x0000000081c00000, 0x0000000089b80000, 0x00000000d5f00000)
  object space 130560K, 66% used [0x0000000081c00000,0x00000000870bc0f8,0x0000000089b80000)
 Metaspace       used 29672K, capacity 30272K, committed 30640K, reserved 1077248K
  class space    used 3446K, capacity 3654K, committed 3760K, reserved 1048576K
}

Deoptimization events (10 events):
Event: 259.383 Thread 0x000000001b96a000 Uncommon trap: reason=class_check action=maybe_recompile pc=0x00000000038715a8 method=java.util.Collections$UnmodifiableMap$UnmodifiableEntrySet$UnmodifiableEntry.getValue()Ljava/lang/Object; @ 4
Event: 259.383 Thread 0x000000001b96a000 Uncommon trap: reason=class_check action=maybe_recompile pc=0x00000000038394e4 method=java.util.Collections$UnmodifiableMap$UnmodifiableEntrySet$1.next()Ljava/util/Map$Entry; @ 8
Event: 259.383 Thread 0x000000001b96a000 Uncommon trap: reason=class_check action=maybe_recompile pc=0x000000000377bb68 method=java.util.Collections$UnmodifiableMap$UnmodifiableEntrySet$UnmodifiableEntry.getKey()Ljava/lang/Object; @ 4
Event: 259.383 Thread 0x000000001b96a000 Uncommon trap: reason=class_check action=maybe_recompile pc=0x00000000038715a8 method=java.util.Collections$UnmodifiableMap$UnmodifiableEntrySet$UnmodifiableEntry.getValue()Ljava/lang/Object; @ 4
Event: 259.501 Thread 0x000000001b96a000 Uncommon trap: reason=unstable_if action=reinterpret pc=0x0000000004a73ef0 method=org.springframework.asm.ClassReader.readCode(Lorg/springframework/asm/MethodVisitor;Lorg/springframework/asm/Context;I)V @ 826
Event: 259.501 Thread 0x000000001b96a000 Uncommon trap: reason=class_check action=maybe_recompile pc=0x000000000488a390 method=java.util.concurrent.ConcurrentHashMap.putVal(Ljava/lang/Object;Ljava/lang/Object;Z)Ljava/lang/Object; @ 192
Event: 259.502 Thread 0x000000001b96a000 Uncommon trap: reason=class_check action=maybe_recompile pc=0x000000000488a390 method=java.util.concurrent.ConcurrentHashMap.putVal(Ljava/lang/Object;Ljava/lang/Object;Z)Ljava/lang/Object; @ 192
Event: 259.502 Thread 0x000000001b96a000 Uncommon trap: reason=class_check action=maybe_recompile pc=0x000000000488a390 method=java.util.concurrent.ConcurrentHashMap.putVal(Ljava/lang/Object;Ljava/lang/Object;Z)Ljava/lang/Object; @ 192
Event: 259.503 Thread 0x000000001b96a000 Uncommon trap: reason=unstable_if action=reinterpret pc=0x000000000382cf24 method=java.util.concurrent.ConcurrentHashMap.get(Ljava/lang/Object;)Ljava/lang/Object; @ 76
Event: 259.563 Thread 0x000000001b96a000 Uncommon trap: reason=unstable_if action=reinterpret pc=0x00000000040df580 method=java.util.HashMap.putMapEntries(Ljava/util/Map;Z)V @ 53

Internal exceptions (10 events):
Event: 259.352 Thread 0x000000001b96a000 Exception <a 'java/lang/ClassNotFoundException': org/springframework/web/context/ServletContextAwareCustomizer> (0x00000000e43481b0) thrown at [C:\re\workspace\8-2-build-windows-amd64-cygwin\jdk8u151\9699\hotspot\src\share\vm\classfile\systemDictionary.cp
Event: 259.367 Thread 0x000000001b96a000 Exception <a 'java/lang/ClassNotFoundException': org/springframework/context/ApplicationContextAwareCustomizer> (0x00000000e4380a10) thrown at [C:\re\workspace\8-2-build-windows-amd64-cygwin\jdk8u151\9699\hotspot\src\share\vm\classfile\systemDictionary.cp
Event: 259.411 Thread 0x000000001b96a000 Exception <a 'java/lang/ClassNotFoundException': com/a_268/base/interceptor/AdminLoginInterceptorBeanInfo> (0x00000000e43f0438) thrown at [C:\re\workspace\8-2-build-windows-amd64-cygwin\jdk8u151\9699\hotspot\src\share\vm\classfile\systemDictionary.cpp, li
Event: 259.417 Thread 0x000000001b96a000 Exception <a 'java/lang/ClassNotFoundException': org/springframework/web/servlet/handler/HandlerInterceptorAdapterBeanInfo> (0x00000000e44313d0) thrown at [C:\re\workspace\8-2-build-windows-amd64-cygwin\jdk8u151\9699\hotspot\src\share\vm\classfile\systemD
Event: 259.426 Thread 0x000000001b96a000 Exception <a 'java/lang/ClassNotFoundException': org/springframework/web/servlet/handler/HandlerInterceptorAdapterCustomizer> (0x00000000e44748a0) thrown at [C:\re\workspace\8-2-build-windows-amd64-cygwin\jdk8u151\9699\hotspot\src\share\vm\classfile\syste
Event: 259.436 Thread 0x000000001b96a000 Exception <a 'java/lang/ClassNotFoundException': com/a_268/base/interceptor/AdminLoginInterceptorCustomizer> (0x00000000e44afb70) thrown at [C:\re\workspace\8-2-build-windows-amd64-cygwin\jdk8u151\9699\hotspot\src\share\vm\classfile\systemDictionary.cpp, 
Event: 259.445 Thread 0x000000001b96a000 Exception <a 'java/lang/ClassNotFoundException': org/springframework/web/servlet/AsyncHandlerInterceptorCustomizer> (0x00000000e44f23f0) thrown at [C:\re\workspace\8-2-build-windows-amd64-cygwin\jdk8u151\9699\hotspot\src\share\vm\classfile\systemDictionar
Event: 259.536 Thread 0x000000001b96a000 Exception <a 'java/lang/ClassNotFoundException': org/springframework/web/servlet/handler/MappedInterceptorBeanInfo> (0x00000000e4592188) thrown at [C:\re\workspace\8-2-build-windows-amd64-cygwin\jdk8u151\9699\hotspot\src\share\vm\classfile\systemDictionar
Event: 259.545 Thread 0x000000001b96a000 Exception <a 'java/lang/ClassNotFoundException': org/springframework/web/servlet/handler/MappedInterceptorCustomizer> (0x00000000e45ce990) thrown at [C:\re\workspace\8-2-build-windows-amd64-cygwin\jdk8u151\9699\hotspot\src\share\vm\classfile\systemDiction
Event: 259.561 Thread 0x000000001b96a000 Exception <a 'java/lang/ClassNotFoundException': org/springframework/web/servlet/HandlerInterceptorCustomizer> (0x00000000e4611168) thrown at [C:\re\workspace\8-2-build-windows-amd64-cygwin\jdk8u151\9699\hotspot\src\share\vm\classfile\systemDictionary.cpp

Events (10 events):
Event: 259.765 Thread 0x000000001b96a000 DEOPT PACKING pc=0x000000000386dcf4 sp=0x00000000207dbe80
Event: 259.765 Thread 0x000000001b96a000 DEOPT UNPACKING pc=0x00000000036a787f sp=0x00000000207dbbf8 mode 1
Event: 259.766 Thread 0x000000001b96a000 DEOPT PACKING pc=0x000000000424c75c sp=0x00000000207dbf30
Event: 259.766 Thread 0x000000001b96a000 DEOPT UNPACKING pc=0x00000000036a787f sp=0x00000000207dbc60 mode 1
Event: 259.766 Thread 0x000000001b96a000 DEOPT PACKING pc=0x00000000047ef71c sp=0x00000000207dbf80
Event: 259.766 Thread 0x000000001b96a000 DEOPT UNPACKING pc=0x00000000036a787f sp=0x00000000207dbdf8 mode 1
Event: 259.766 Thread 0x000000001b96a000 DEOPT PACKING pc=0x0000000003a09b7c sp=0x00000000207dbcd0
Event: 259.766 Thread 0x000000001b96a000 DEOPT UNPACKING pc=0x00000000036a787f sp=0x00000000207dbb10 mode 1
Event: 259.766 Thread 0x000000001b96a000 DEOPT PACKING pc=0x00000000047fb154 sp=0x00000000207dbe80
Event: 259.766 Thread 0x000000001b96a000 DEOPT UNPACKING pc=0x00000000036a787f sp=0x00000000207dbd80 mode 1


Dynamic libraries:
0x00007ff739c20000 - 0x00007ff739c57000 	D:\CodersUtils\jdk\bin\java.exe
0x00007ffc7fb60000 - 0x00007ffc7fd50000 	C:\WINDOWS\SYSTEM32\ntdll.dll
0x00007ffc7f9c0000 - 0x00007ffc7fa72000 	C:\WINDOWS\System32\KERNEL32.DLL
0x00007ffc7d350000 - 0x00007ffc7d5f3000 	C:\WINDOWS\System32\KERNELBASE.dll
0x00007ffc7e370000 - 0x00007ffc7e413000 	C:\WINDOWS\System32\ADVAPI32.dll
0x00007ffc7fa80000 - 0x00007ffc7fb1e000 	C:\WINDOWS\System32\msvcrt.dll
0x00007ffc7f560000 - 0x00007ffc7f5f7000 	C:\WINDOWS\System32\sechost.dll
0x00007ffc7f6e0000 - 0x00007ffc7f800000 	C:\WINDOWS\System32\RPCRT4.dll
0x00007ffc7f820000 - 0x00007ffc7f9b4000 	C:\WINDOWS\System32\USER32.dll
0x00007ffc7caf0000 - 0x00007ffc7cb11000 	C:\WINDOWS\System32\win32u.dll
0x00007ffc7f530000 - 0x00007ffc7f556000 	C:\WINDOWS\System32\GDI32.dll
0x00007ffc7da70000 - 0x00007ffc7dc04000 	C:\WINDOWS\System32\gdi32full.dll
0x00007ffc7d980000 - 0x00007ffc7da1e000 	C:\WINDOWS\System32\msvcp_win.dll
0x00007ffc7d600000 - 0x00007ffc7d6fa000 	C:\WINDOWS\System32\ucrtbase.dll
0x00007ffc5f1f0000 - 0x00007ffc5f475000 	C:\WINDOWS\WinSxS\amd64_microsoft.windows.common-controls_6595b64144ccf1df_6.0.18362.535_none_e6c3b34713100821\COMCTL32.dll
0x00007ffc7f100000 - 0x00007ffc7f436000 	C:\WINDOWS\System32\combase.dll
0x00007ffc7d900000 - 0x00007ffc7d980000 	C:\WINDOWS\System32\bcryptPrimitives.dll
0x00007ffc7e6c0000 - 0x00007ffc7e6ee000 	C:\WINDOWS\System32\IMM32.DLL
0x0000000050300000 - 0x00000000503d2000 	D:\CodersUtils\jdk\jre\bin\msvcr100.dll
0x0000000073ec0000 - 0x000000007475d000 	D:\CodersUtils\jdk\jre\bin\server\jvm.dll
0x00007ffc7f6d0000 - 0x00007ffc7f6d8000 	C:\WINDOWS\System32\PSAPI.DLL
0x00007ffc5f090000 - 0x00007ffc5f099000 	C:\WINDOWS\SYSTEM32\WSOCK32.dll
0x00007ffc7eac0000 - 0x00007ffc7eb2f000 	C:\WINDOWS\System32\WS2_32.dll
0x00007ffc74fd0000 - 0x00007ffc74ff4000 	C:\WINDOWS\SYSTEM32\WINMM.dll
0x00007ffc74cd0000 - 0x00007ffc74cda000 	C:\WINDOWS\SYSTEM32\VERSION.dll
0x00007ffc74f20000 - 0x00007ffc74f4d000 	C:\WINDOWS\SYSTEM32\winmmbase.dll
0x00007ffc7da20000 - 0x00007ffc7da6a000 	C:\WINDOWS\System32\cfgmgr32.dll
0x00000000502f0000 - 0x00000000502ff000 	D:\CodersUtils\jdk\jre\bin\verify.dll
0x00000000502c0000 - 0x00000000502e9000 	D:\CodersUtils\jdk\jre\bin\java.dll
0x0000000050220000 - 0x0000000050255000 	D:\CodersUtils\jdk\jre\bin\jdwp.dll
0x0000000050210000 - 0x0000000050218000 	D:\CodersUtils\jdk\jre\bin\npt.dll
0x00000000502a0000 - 0x00000000502b6000 	D:\CodersUtils\jdk\jre\bin\zip.dll
0x00007ffc7dc80000 - 0x00007ffc7e365000 	C:\WINDOWS\System32\SHELL32.dll
0x00007ffc7e4d0000 - 0x00007ffc7e579000 	C:\WINDOWS\System32\shcore.dll
0x00007ffc7cbd0000 - 0x00007ffc7d34f000 	C:\WINDOWS\System32\windows.storage.dll
0x00007ffc7ca60000 - 0x00007ffc7ca7f000 	C:\WINDOWS\System32\profapi.dll
0x00007ffc7caa0000 - 0x00007ffc7caea000 	C:\WINDOWS\System32\powrprof.dll
0x00007ffc7ca30000 - 0x00007ffc7ca40000 	C:\WINDOWS\System32\UMPDC.dll
0x00007ffc7e5e0000 - 0x00007ffc7e632000 	C:\WINDOWS\System32\shlwapi.dll
0x00007ffc7ca40000 - 0x00007ffc7ca51000 	C:\WINDOWS\System32\kernel.appcore.dll
0x00007ffc7d730000 - 0x00007ffc7d747000 	C:\WINDOWS\System32\cryptsp.dll
0x0000000050200000 - 0x0000000050209000 	D:\CodersUtils\jdk\jre\bin\dt_socket.dll
0x00007ffc7c2a0000 - 0x00007ffc7c307000 	C:\WINDOWS\system32\mswsock.dll
0x00007ffc7be10000 - 0x00007ffc7be43000 	C:\WINDOWS\system32\rsaenh.dll
0x00007ffc7d700000 - 0x00007ffc7d726000 	C:\WINDOWS\System32\bcrypt.dll
0x00007ffc7c920000 - 0x00007ffc7c945000 	C:\WINDOWS\SYSTEM32\USERENV.dll
0x00007ffc7c470000 - 0x00007ffc7c47c000 	C:\WINDOWS\SYSTEM32\CRYPTBASE.dll
0x0000000050280000 - 0x000000005029a000 	D:\CodersUtils\jdk\jre\bin\net.dll
0x00007ffc7bfb0000 - 0x00007ffc7bfea000 	C:\WINDOWS\SYSTEM32\IPHLPAPI.DLL
0x00007ffc7f440000 - 0x00007ffc7f448000 	C:\WINDOWS\System32\NSI.dll
0x00007ffc71410000 - 0x00007ffc71426000 	C:\WINDOWS\SYSTEM32\dhcpcsvc6.DLL
0x00007ffc72c40000 - 0x00007ffc72c5c000 	C:\WINDOWS\SYSTEM32\dhcpcsvc.DLL
0x00007ffc7bff0000 - 0x00007ffc7c0ba000 	C:\WINDOWS\SYSTEM32\DNSAPI.dll
0x0000000050260000 - 0x0000000050271000 	D:\CodersUtils\jdk\jre\bin\nio.dll
0x00007ffc65130000 - 0x00007ffc6513a000 	C:\Users\admin\AppData\Local\Temp\jansi-1.17.1-2319875660113124534.dll
0x00007ffc64e30000 - 0x00007ffc64e3a000 	C:\Users\admin\AppData\Local\Temp\jansi-1.17.1-2844849156090147438.dll
0x00000000501f0000 - 0x00000000501fd000 	D:\CodersUtils\jdk\jre\bin\management.dll

VM Arguments:
jvm_args: -agentlib:jdwp=transport=dt_socket,address=127.0.0.1:60938,suspend=y,server=n -Dmaven.multiModuleProjectDirectory=D:\idea_code\qixun\party_school\web\dx\yicardtong -Dmaven.home=D:\CodersUtils\Maven\apache-maven-3.6.0-bin\apache-maven-3.6.0 -Dclassworlds.conf=D:\CodersUtils\Maven\apache-maven-3.6.0-bin\apache-maven-3.6.0\bin\m2.conf -Dfile.encoding=UTF-8 
java_command: org.codehaus.classworlds.Launcher -Didea.version=2017.2.6 -s D:\CodersUtils\Maven\apache-maven-3.6.0-bin\apache-maven-3.6.0\conf\settings.xml tomcat7:run
java_class_path (initial): D:\CodersUtils\Maven\apache-maven-3.6.0-bin\apache-maven-3.6.0\boot\plexus-classworlds-2.5.2.jar;D:\CodersUtils\Idea\ideaIU-2017.2.6.win\lib\idea_rt.jar
Launcher Type: SUN_STANDARD

Environment Variables:
JAVA_HOME=D:\CodersUtils\jdk
CLASSPATH=.;D:\CodersUtils\jdk\lib\dt.jar;D:\CodersUtils\jdk\lib\tools.jar
PATH=C:\ProgramData\Oracle\Java\javapath;C:\Program Files (x86)\Intel\Intel(R) Management Engine Components\iCLS\;C:\Program Files\Intel\Intel(R) Management Engine Components\iCLS\;C:\Windows\system32;C:\Windows;C:\Windows\System32\Wbem;C:\Windows\System32\WindowsPowerShell\v1.0\;C:\Windows\System32\OpenSSH\;C:\Program Files (x86)\Intel\Intel(R) Management Engine Components\DAL;C:\Program Files\Intel\Intel(R) Management Engine Components\DAL;C:\Program Files (x86)\Intel\Intel(R) Management Engine Components\IPT;C:\Program Files\Intel\Intel(R) Management Engine Components\IPT;D:\CodersUtils\jdk\bin;D:\CodersUtils\jdk\jre\bin;D:\CodersUtils\Tomcat\bin;D:\CodersUtils\Tomcat\lib;D:\CodersUtils\TortiresSVN\bin;D:\CodersUtils\nodejs\;D:\CodersUtils\nodejs\node_global\node_modules;C:\Program Files\MySQL\MySQL Server 5.7\bin;C:\Program Files\dotnet\;D:\CodersUtils\Maven\apache-maven-3.6.0-bin\apache-maven-3.6.0\bin;D:\CodersUtils\Go\bin;D:\CodersUtils\IDE\mingw64\bin;D:\CodersUtils\putty\;D:\Git\Git\cmd;C:\WINDOWS\system32;C:\WINDOWS;C:\WINDOWS\System32\Wbem;C:\WINDOWS\System32\WindowsPowerShell\v1.0\;C:\WINDOWS\System32\OpenSSH\;C:\Program Files\Microsoft SQL Server\110\DTS\Binn\;C:\Program Files (x86)\Microsoft SQL Server\110\Tools\Binn\;C:\Program Files\Microsoft SQL Server\110\Tools\Binn\;C:\Program Files (x86)\Microsoft SQL Server\110\Tools\Binn\ManagementStudio\;C:\Program Files (x86)\Microsoft Visual Studio 10.0\Common7\IDE\PrivateAssemblies\;C:\Program Files (x86)\Microsoft SQL Server\110\DTS\Binn\;C:\Users\admin\AppData\Local\Microsoft\WindowsApps;D:\CodersUtils\nodejs\node_global;C:\Users\admin\AppData\Local\Programs\Fiddler;C:\Users\admin\go\bin;D:\CodersUtils\IDE\GoLand 2019.1.3\bin;D:\CodersUtils\Fidder\Fiddler;D:\gopath\gopath01;\bin;;C:\Users\admin\AppData\Local\Microsoft\WindowsApps
USERNAME=admin
OS=Windows_NT
PROCESSOR_IDENTIFIER=Intel64 Family 6 Model 142 Stepping 10, GenuineIntel



---------------  S Y S T E M  ---------------

OS: Windows 10.0 , 64 bit Build 18362 (10.0.18362.329)

CPU:total 8 (initial active 8) (4 cores per cpu, 2 threads per core) family 6 model 142 stepping 10, cmov, cx8, fxsr, mmx, sse, sse2, sse3, ssse3, sse4.1, sse4.2, popcnt, avx, avx2, aes, clmul, erms, 3dnowpref, lzcnt, ht, tsc, tscinvbit, bmi1, bmi2, adx

Memory: 4k page, physical 8270056k(59928k free), swap 23752292k(7704k free)

vm_info: Java HotSpot(TM) 64-Bit Server VM (25.151-b12) for windows-amd64 JRE (1.8.0_151-b12), built on Sep  5 2017 19:33:46 by "java_re" with MS VC++ 10.0 (VS2010)

time: Mon Jan 06 15:59:35 2020
elapsed time: 259 seconds (0d 0h 4m 19s)

