2020-01-06 15:59:15,695 - Log4JLogChute initialized using file 'velocity.log'
2020-01-06 15:59:15,697 - Initializing Velocity, Calling init()...
2020-01-06 15:59:15,697 - Starting Apache Velocity v1.7 (compiled: 2010-11-19 12:14:37)
2020-01-06 15:59:15,697 - Default Properties File: org\apache\velocity\runtime\defaults\velocity.properties
2020-01-06 15:59:15,697 - Trying to use logger class org.apache.velocity.runtime.log.AvalonLogChute
2020-01-06 15:59:15,697 - Target log system for org.apache.velocity.runtime.log.AvalonLogChute is not available (java.lang.NoClassDefFoundError: org/apache/log/format/Formatter).  Falling back to next log system...
2020-01-06 15:59:15,698 - Trying to use logger class org.apache.velocity.runtime.log.Log4JLogChute
2020-01-06 15:59:15,713 - Using logger class org.apache.velocity.runtime.log.Log4JLogChute
2020-01-06 15:59:15,735 - ResourceLoader instantiated: org.apache.velocity.runtime.resource.loader.ClasspathResourceLoader
2020-01-06 15:59:16,280 - ResourceCache: initialized (class org.apache.velocity.runtime.resource.ResourceCacheImpl) with class java.util.Collections$SynchronizedMap cache map.
2020-01-06 15:59:16,284 - Loaded System Directive: org.apache.velocity.runtime.directive.Stop
2020-01-06 15:59:16,287 - Loaded System Directive: org.apache.velocity.runtime.directive.Define
2020-01-06 15:59:16,290 - Loaded System Directive: org.apache.velocity.runtime.directive.Break
2020-01-06 15:59:16,296 - Loaded System Directive: org.apache.velocity.runtime.directive.Evaluate
2020-01-06 15:59:16,297 - Loaded System Directive: org.apache.velocity.runtime.directive.Literal
2020-01-06 15:59:16,311 - Loaded System Directive: org.apache.velocity.runtime.directive.Macro
2020-01-06 15:59:16,322 - Loaded System Directive: org.apache.velocity.runtime.directive.Parse
2020-01-06 15:59:16,327 - Loaded System Directive: org.apache.velocity.runtime.directive.Include
2020-01-06 15:59:16,333 - Loaded System Directive: org.apache.velocity.runtime.directive.Foreach
2020-01-06 15:59:17,512 - Created '20' parsers.
2020-01-06 15:59:17,569 - Velocimacro : "velocimacro.library" is not set.  Trying default library: VM_global_library.vm
2020-01-06 15:59:17,577 - Could not load resource 'VM_global_library.vm' from ResourceLoader org.apache.velocity.runtime.resource.loader.ClasspathResourceLoader: ClasspathResourceLoader Error: cannot find resource VM_global_library.vm
2020-01-06 15:59:17,577 - Velocimacro : Default library not found.
2020-01-06 15:59:17,577 - Velocimacro : allowInline = true : VMs can be defined inline in templates
2020-01-06 15:59:17,577 - Velocimacro : allowInlineToOverride = false : VMs defined inline may NOT replace previous VM definitions
2020-01-06 15:59:17,577 - Velocimacro : allowInlineLocal = false : VMs defined inline will be global in scope if allowed.
2020-01-06 15:59:17,577 - Velocimacro : autoload off : VM system will not automatically reload global library macros
2020-01-06 15:59:17,840 - ResourceManager : found createSql.vm with loader org.apache.velocity.runtime.resource.loader.ClasspathResourceLoader
2020-01-06 16:02:57,136 - Log4JLogChute initialized using file 'velocity.log'
2020-01-06 16:02:57,150 - Initializing Velocity, Calling init()...
2020-01-06 16:02:57,151 - Starting Apache Velocity v1.7 (compiled: 2010-11-19 12:14:37)
2020-01-06 16:02:57,151 - Default Properties File: org\apache\velocity\runtime\defaults\velocity.properties
2020-01-06 16:02:57,151 - Trying to use logger class org.apache.velocity.runtime.log.AvalonLogChute
2020-01-06 16:02:57,151 - Target log system for org.apache.velocity.runtime.log.AvalonLogChute is not available (java.lang.NoClassDefFoundError: org/apache/log/format/Formatter).  Falling back to next log system...
2020-01-06 16:02:57,151 - Trying to use logger class org.apache.velocity.runtime.log.Log4JLogChute
2020-01-06 16:02:57,151 - Using logger class org.apache.velocity.runtime.log.Log4JLogChute
2020-01-06 16:02:57,155 - ResourceLoader instantiated: org.apache.velocity.runtime.resource.loader.ClasspathResourceLoader
2020-01-06 16:02:57,212 - ResourceCache: initialized (class org.apache.velocity.runtime.resource.ResourceCacheImpl) with class java.util.Collections$SynchronizedMap cache map.
2020-01-06 16:02:57,213 - Loaded System Directive: org.apache.velocity.runtime.directive.Stop
2020-01-06 16:02:57,215 - Loaded System Directive: org.apache.velocity.runtime.directive.Define
2020-01-06 16:02:57,216 - Loaded System Directive: org.apache.velocity.runtime.directive.Break
2020-01-06 16:02:57,217 - Loaded System Directive: org.apache.velocity.runtime.directive.Evaluate
2020-01-06 16:02:57,217 - Loaded System Directive: org.apache.velocity.runtime.directive.Literal
2020-01-06 16:02:57,219 - Loaded System Directive: org.apache.velocity.runtime.directive.Macro
2020-01-06 16:02:57,221 - Loaded System Directive: org.apache.velocity.runtime.directive.Parse
2020-01-06 16:02:57,222 - Loaded System Directive: org.apache.velocity.runtime.directive.Include
2020-01-06 16:02:57,223 - Loaded System Directive: org.apache.velocity.runtime.directive.Foreach
2020-01-06 16:02:57,256 - Created '20' parsers.
2020-01-06 16:02:57,265 - Velocimacro : "velocimacro.library" is not set.  Trying default library: VM_global_library.vm
2020-01-06 16:02:57,266 - Could not load resource 'VM_global_library.vm' from ResourceLoader org.apache.velocity.runtime.resource.loader.ClasspathResourceLoader: ClasspathResourceLoader Error: cannot find resource VM_global_library.vm
2020-01-06 16:02:57,266 - Velocimacro : Default library not found.
2020-01-06 16:02:57,266 - Velocimacro : allowInline = true : VMs can be defined inline in templates
2020-01-06 16:02:57,266 - Velocimacro : allowInlineToOverride = false : VMs defined inline may NOT replace previous VM definitions
2020-01-06 16:02:57,266 - Velocimacro : allowInlineLocal = false : VMs defined inline will be global in scope if allowed.
2020-01-06 16:02:57,266 - Velocimacro : autoload off : VM system will not automatically reload global library macros
2020-01-06 16:02:57,298 - ResourceManager : found createSql.vm with loader org.apache.velocity.runtime.resource.loader.ClasspathResourceLoader
