2020-01-06 16:00:29,107 - Log4JLogChute initialized using file 'velocity.log'
2020-01-06 16:00:29,111 - Initializing Velocity, Calling init()...
2020-01-06 16:00:29,111 - Starting Apache Velocity v1.7 (compiled: 2010-11-19 12:14:37)
2020-01-06 16:00:29,111 - Default Properties File: org\apache\velocity\runtime\defaults\velocity.properties
2020-01-06 16:00:29,111 - Trying to use logger class org.apache.velocity.runtime.log.AvalonLogChute
2020-01-06 16:00:29,111 - Target log system for org.apache.velocity.runtime.log.AvalonLogChute is not available (java.lang.NoClassDefFoundError: org/apache/log/format/Formatter).  Falling back to next log system...
2020-01-06 16:00:29,111 - Trying to use logger class org.apache.velocity.runtime.log.Log4JLogChute
2020-01-06 16:00:29,113 - Using logger class org.apache.velocity.runtime.log.Log4JLogChute
2020-01-06 16:00:29,132 - ResourceLoader instantiated: org.apache.velocity.runtime.resource.loader.ClasspathResourceLoader
2020-01-06 16:00:29,393 - ResourceCache: initialized (class org.apache.velocity.runtime.resource.ResourceCacheImpl) with class java.util.Collections$SynchronizedMap cache map.
2020-01-06 16:00:29,404 - Loaded System Directive: org.apache.velocity.runtime.directive.Stop
2020-01-06 16:00:29,424 - Loaded System Directive: org.apache.velocity.runtime.directive.Define
2020-01-06 16:00:29,426 - Loaded System Directive: org.apache.velocity.runtime.directive.Break
2020-01-06 16:00:29,430 - Loaded System Directive: org.apache.velocity.runtime.directive.Evaluate
2020-01-06 16:00:29,434 - Loaded System Directive: org.apache.velocity.runtime.directive.Literal
2020-01-06 16:00:29,443 - Loaded System Directive: org.apache.velocity.runtime.directive.Macro
2020-01-06 16:00:29,454 - Loaded System Directive: org.apache.velocity.runtime.directive.Parse
2020-01-06 16:00:29,488 - Loaded System Directive: org.apache.velocity.runtime.directive.Include
2020-01-06 16:00:29,496 - Loaded System Directive: org.apache.velocity.runtime.directive.Foreach
2020-01-06 16:00:29,999 - Created '20' parsers.
2020-01-06 16:00:30,031 - Velocimacro : "velocimacro.library" is not set.  Trying default library: VM_global_library.vm
2020-01-06 16:00:30,035 - Could not load resource 'VM_global_library.vm' from ResourceLoader org.apache.velocity.runtime.resource.loader.ClasspathResourceLoader: ClasspathResourceLoader Error: cannot find resource VM_global_library.vm
2020-01-06 16:00:30,035 - Velocimacro : Default library not found.
2020-01-06 16:00:30,035 - Velocimacro : allowInline = true : VMs can be defined inline in templates
2020-01-06 16:00:30,035 - Velocimacro : allowInlineToOverride = false : VMs defined inline may NOT replace previous VM definitions
2020-01-06 16:00:30,035 - Velocimacro : allowInlineLocal = false : VMs defined inline will be global in scope if allowed.
2020-01-06 16:00:30,035 - Velocimacro : autoload off : VM system will not automatically reload global library macros
2020-01-06 16:00:30,104 - ResourceManager : found createSql.vm with loader org.apache.velocity.runtime.resource.loader.ClasspathResourceLoader
2020-01-06 16:00:30,155 - ResourceManager : found createSql.vm with loader org.apache.velocity.runtime.resource.loader.ClasspathResourceLoader
2020-01-06 16:00:30,270 - ResourceManager : found createSql.vm with loader org.apache.velocity.runtime.resource.loader.ClasspathResourceLoader
2020-01-06 16:00:30,403 - ResourceManager : found createSql.vm with loader org.apache.velocity.runtime.resource.loader.ClasspathResourceLoader
2020-01-06 16:00:30,670 - ResourceManager : found createSql.vm with loader org.apache.velocity.runtime.resource.loader.ClasspathResourceLoader
2020-01-06 16:00:30,873 - ResourceManager : found createSql.vm with loader org.apache.velocity.runtime.resource.loader.ClasspathResourceLoader
2020-01-06 16:00:31,005 - ResourceManager : found createSql.vm with loader org.apache.velocity.runtime.resource.loader.ClasspathResourceLoader
2020-01-06 16:00:31,049 - ResourceManager : found createSql.vm with loader org.apache.velocity.runtime.resource.loader.ClasspathResourceLoader
2020-01-06 16:00:31,074 - ResourceManager : found createSql.vm with loader org.apache.velocity.runtime.resource.loader.ClasspathResourceLoader
2020-01-06 16:00:31,098 - ResourceManager : found createSql.vm with loader org.apache.velocity.runtime.resource.loader.ClasspathResourceLoader
2020-01-06 16:00:31,127 - ResourceManager : found createSql.vm with loader org.apache.velocity.runtime.resource.loader.ClasspathResourceLoader
