#
# There is insufficient memory for the Java Runtime Environment to continue.
# Native memory allocation (malloc) failed to allocate 32744 bytes for ChunkPool::allocate
# Possible reasons:
#   The system is out of physical RAM or swap space
#   In 32 bit mode, the process size limit was hit
# Possible solutions:
#   Reduce memory load on the system
#   Increase physical memory or swap space
#   Check if swap backing store is full
#   Use 64 bit Java on a 64 bit OS
#   Decrease Java heap size (-Xmx/-Xms)
#   Decrease number of Java threads
#   Decrease Java thread stack sizes (-Xss)
#   Set larger code cache with -XX:ReservedCodeCacheSize=
# This output file may be truncated or incomplete.
#
#  Out of Memory Error (allocation.cpp:273), pid=120516, tid=0x000000000001c120
#
# JRE version: Java(TM) SE Runtime Environment (8.0_151-b12) (build 1.8.0_151-b12)
# Java VM: Java HotSpot(TM) 64-Bit Server VM (25.151-b12 mixed mode windows-amd64 compressed oops)
# Failed to write core dump. Minidumps are not enabled by default on client versions of Windows
#

---------------  T H R E A D  ---------------

Current thread (0x000000001a3ea800):  JavaThread "C2 CompilerThread2" daemon [_thread_in_native, id=114976, stack(0x000000001af70000,0x000000001b070000)]

Stack: [0x000000001af70000,0x000000001b070000]
[error occurred during error reporting (printing stack bounds), id 0xc0000005]

Native frames: (J=compiled Java code, j=interpreted, Vv=VM code, C=native code)


Current CompileTask:
C2: 190100 6585       4       org.springframework.core.ResolvableType::as (81 bytes)


---------------  P R O C E S S  ---------------

Java Threads: ( => current thread )
  0x000000001e170800 JavaThread "commons-pool-EvictionTimer" daemon [_thread_blocked, id=133440, stack(0x000000002a9e0000,0x000000002aae0000)]
  0x000000001b6ec000 JavaThread "Thread-3" daemon [_thread_in_native, id=128532, stack(0x0000000020950000,0x0000000020a50000)]
  0x000000001c957800 JavaThread "localhost-startStop-1" daemon [_thread_in_Java, id=122288, stack(0x000000001f590000,0x000000001f690000)]
  0x000000001c957000 JavaThread "Tomcat-startStop-1" daemon [_thread_blocked, id=124036, stack(0x00000000031b0000,0x00000000032b0000)]
  0x000000001a46b000 JavaThread "Service Thread" daemon [_thread_blocked, id=138604, stack(0x000000001b170000,0x000000001b270000)]
  0x000000001a410800 JavaThread "C1 CompilerThread3" daemon [_thread_blocked, id=129096, stack(0x000000001b070000,0x000000001b170000)]
=>0x000000001a3ea800 JavaThread "C2 CompilerThread2" daemon [_thread_in_native, id=114976, stack(0x000000001af70000,0x000000001b070000)]
  0x000000001a3d5800 JavaThread "C2 CompilerThread1" daemon [_thread_blocked, id=92164, stack(0x000000001ae70000,0x000000001af70000)]
  0x000000001a3c8000 JavaThread "C2 CompilerThread0" daemon [_thread_blocked, id=116224, stack(0x000000001ad70000,0x000000001ae70000)]
  0x000000001a3b7000 JavaThread "JDWP Command Reader" daemon [_thread_in_native, id=118344, stack(0x000000001ac70000,0x000000001ad70000)]
  0x000000001a3b1800 JavaThread "JDWP Event Helper Thread" daemon [_thread_blocked, id=140592, stack(0x000000001ab70000,0x000000001ac70000)]
  0x000000001a3a1000 JavaThread "JDWP Transport Listener: dt_socket" daemon [_thread_blocked, id=137972, stack(0x000000001aa70000,0x000000001ab70000)]
  0x000000001a349800 JavaThread "Attach Listener" daemon [_thread_blocked, id=128084, stack(0x000000001a970000,0x000000001aa70000)]
  0x000000001a3a0800 JavaThread "Signal Dispatcher" daemon [_thread_blocked, id=132844, stack(0x000000001a870000,0x000000001a970000)]
  0x000000001a330800 JavaThread "Finalizer" daemon [_thread_blocked, id=123800, stack(0x000000001a710000,0x000000001a810000)]
  0x000000001842d000 JavaThread "Reference Handler" daemon [_thread_blocked, id=139532, stack(0x000000001a210000,0x000000001a310000)]
  0x00000000033b2800 JavaThread "main" [_thread_blocked, id=138692, stack(0x00000000032b0000,0x00000000033b0000)]

Other Threads:
  0x0000000018427800 VMThread [stack: 0x000000001a110000,0x000000001a210000] [id=120816]
  0x000000001a4ba800 WatcherThread [stack: 0x000000001b270000,0x000000001b370000] [id=138620]

VM state:not at safepoint (normal execution)

VM Mutex/Monitor currently owned by a thread: None

Heap:
 PSYoungGen      total 429568K, used 48354K [0x00000000d5f00000, 0x00000000f3080000, 0x0000000100000000)
  eden space 387584K, 12% used [0x00000000d5f00000,0x00000000d8e38a10,0x00000000ed980000)
  from space 41984K, 0% used [0x00000000f0780000,0x00000000f0780000,0x00000000f3080000)
  to   space 44544K, 0% used [0x00000000ed980000,0x00000000ed980000,0x00000000f0500000)
 ParOldGen       total 111616K, used 42239K [0x0000000081c00000, 0x0000000088900000, 0x00000000d5f00000)
  object space 111616K, 37% used [0x0000000081c00000,0x000000008453ffb0,0x0000000088900000)
 Metaspace       used 43151K, capacity 43840K, committed 44204K, reserved 1087488K
  class space    used 5060K, capacity 5300K, committed 5376K, reserved 1048576K

Card table byte_map: [0x0000000012870000,0x0000000012c70000] byte_map_base: 0x0000000012462000

Marking Bits: (ParMarkBitMap*) 0x00000000746dd850
 Begin Bits: [0x0000000013720000, 0x00000000156b0000)
 End Bits:   [0x00000000156b0000, 0x0000000017640000)

Polling page: 0x00000000015b0000

CodeCache: size=245760Kb used=20668Kb max_used=21127Kb free=225091Kb
 bounds [0x00000000034b0000, 0x0000000004970000, 0x00000000124b0000]
 total_blobs=5845 nmethods=5381 adapters=383
 compilation: enabled

Compilation events (10 events):
Event: 189.226 Thread 0x000000001a410800 6604       3       java.lang.NoSuchMethodException::<init> (6 bytes)
Event: 189.227 Thread 0x000000001a410800 nmethod 6604 0x0000000004528e50 code [0x0000000004528fc0, 0x0000000004529208]
Event: 189.233 Thread 0x000000001a410800 6605       3       java.util.concurrent.ConcurrentHashMap$EntryIterator::next (5 bytes)
Event: 189.233 Thread 0x000000001a410800 nmethod 6605 0x000000000409d350 code [0x000000000409d4c0, 0x000000000409d6c8]
Event: 189.233 Thread 0x000000001a410800 6606       3       java.util.concurrent.ConcurrentHashMap$EntryIterator::next (51 bytes)
Event: 189.234 Thread 0x000000001a410800 nmethod 6606 0x0000000003b50910 code [0x0000000003b50aa0, 0x0000000003b50f58]
Event: 189.285 Thread 0x000000001a3c8000 6607       4       org.springframework.util.StringUtils::toStringArray (25 bytes)
Event: 189.361 Thread 0x000000001a410800 6608       1       org.springframework.beans.factory.support.AbstractBeanDefinition::isNonPublicAccessAllowed (5 bytes)
Event: 189.362 Thread 0x000000001a410800 nmethod 6608 0x0000000003dab650 code [0x0000000003dab7a0, 0x0000000003dab8b0]
Event: 189.362 Thread 0x000000001a3c8000 nmethod 6607 0x0000000004527110 code [0x0000000004527300, 0x0000000004527ee8]

GC Heap History (10 events):
Event: 103.645 GC heap before
{Heap before GC invocations=23 (full 1):
 PSYoungGen      total 245760K, used 245092K [0x00000000d5f00000, 0x00000000ec480000, 0x0000000100000000)
  eden space 217088K, 100% used [0x00000000d5f00000,0x00000000e3300000,0x00000000e3300000)
  from space 28672K, 97% used [0x00000000e3300000,0x00000000e4e593a0,0x00000000e4f00000)
  to   space 32768K, 0% used [0x00000000ea480000,0x00000000ea480000,0x00000000ec480000)
 ParOldGen       total 63488K, used 51789K [0x0000000081c00000, 0x0000000085a00000, 0x00000000d5f00000)
  object space 63488K, 81% used [0x0000000081c00000,0x0000000084e936b8,0x0000000085a00000)
 Metaspace       used 24374K, capacity 25002K, committed 25216K, reserved 1071104K
  class space    used 2761K, capacity 2937K, committed 2944K, reserved 1048576K
Event: 103.980 GC heap after
Heap after GC invocations=23 (full 1):
 PSYoungGen      total 326656K, used 32757K [0x00000000d5f00000, 0x00000000ed080000, 0x0000000100000000)
  eden space 293888K, 0% used [0x00000000d5f00000,0x00000000d5f00000,0x00000000e7e00000)
  from space 32768K, 99% used [0x00000000ea480000,0x00000000ec47d750,0x00000000ec480000)
  to   space 39424K, 0% used [0x00000000e7e00000,0x00000000e7e00000,0x00000000ea480000)
 ParOldGen       total 63488K, used 57471K [0x0000000081c00000, 0x0000000085a00000, 0x00000000d5f00000)
  object space 63488K, 90% used [0x0000000081c00000,0x000000008541ff90,0x0000000085a00000)
 Metaspace       used 24374K, capacity 25002K, committed 25216K, reserved 1071104K
  class space    used 2761K, capacity 2937K, committed 2944K, reserved 1048576K
}
Event: 103.980 GC heap before
{Heap before GC invocations=24 (full 2):
 PSYoungGen      total 326656K, used 32757K [0x00000000d5f00000, 0x00000000ed080000, 0x0000000100000000)
  eden space 293888K, 0% used [0x00000000d5f00000,0x00000000d5f00000,0x00000000e7e00000)
  from space 32768K, 99% used [0x00000000ea480000,0x00000000ec47d750,0x00000000ec480000)
  to   space 39424K, 0% used [0x00000000e7e00000,0x00000000e7e00000,0x00000000ea480000)
 ParOldGen       total 63488K, used 57471K [0x0000000081c00000, 0x0000000085a00000, 0x00000000d5f00000)
  object space 63488K, 90% used [0x0000000081c00000,0x000000008541ff90,0x0000000085a00000)
 Metaspace       used 24374K, capacity 25002K, committed 25216K, reserved 1071104K
  class space    used 2761K, capacity 2937K, committed 2944K, reserved 1048576K
Event: 104.772 GC heap after
Heap after GC invocations=24 (full 2):
 PSYoungGen      total 326656K, used 8229K [0x00000000d5f00000, 0x00000000ed080000, 0x0000000100000000)
  eden space 293888K, 0% used [0x00000000d5f00000,0x00000000d5f00000,0x00000000e7e00000)
  from space 32768K, 25% used [0x00000000ea480000,0x00000000eac89628,0x00000000ec480000)
  to   space 39424K, 0% used [0x00000000e7e00000,0x00000000e7e00000,0x00000000ea480000)
 ParOldGen       total 122880K, used 63057K [0x0000000081c00000, 0x0000000089400000, 0x00000000d5f00000)
  object space 122880K, 51% used [0x0000000081c00000,0x00000000859947d0,0x0000000089400000)
 Metaspace       used 24374K, capacity 25002K, committed 25216K, reserved 1071104K
  class space    used 2761K, capacity 2937K, committed 2944K, reserved 1048576K
}
Event: 113.936 GC heap before
{Heap before GC invocations=25 (full 2):
 PSYoungGen      total 326656K, used 302117K [0x00000000d5f00000, 0x00000000ed080000, 0x0000000100000000)
  eden space 293888K, 100% used [0x00000000d5f00000,0x00000000e7e00000,0x00000000e7e00000)
  from space 32768K, 25% used [0x00000000ea480000,0x00000000eac89628,0x00000000ec480000)
  to   space 39424K, 0% used [0x00000000e7e00000,0x00000000e7e00000,0x00000000ea480000)
 ParOldGen       total 122880K, used 63057K [0x0000000081c00000, 0x0000000089400000, 0x00000000d5f00000)
  object space 122880K, 51% used [0x0000000081c00000,0x00000000859947d0,0x0000000089400000)
 Metaspace       used 24438K, capacity 25066K, committed 25216K, reserved 1071104K
  class space    used 2769K, capacity 2937K, committed 2944K, reserved 1048576K
Event: 113.989 GC heap after
Heap after GC invocations=25 (full 2):
 PSYoungGen      total 333312K, used 39394K [0x00000000d5f00000, 0x00000000f3580000, 0x0000000100000000)
  eden space 293888K, 0% used [0x00000000d5f00000,0x00000000d5f00000,0x00000000e7e00000)
  from space 39424K, 99% used [0x00000000e7e00000,0x00000000ea4789b8,0x00000000ea480000)
  to   space 47104K, 0% used [0x00000000f0780000,0x00000000f0780000,0x00000000f3580000)
 ParOldGen       total 122880K, used 66854K [0x0000000081c00000, 0x0000000089400000, 0x00000000d5f00000)
  object space 122880K, 54% used [0x0000000081c00000,0x0000000085d49a38,0x0000000089400000)
 Metaspace       used 24438K, capacity 25066K, committed 25216K, reserved 1071104K
  class space    used 2769K, capacity 2937K, committed 2944K, reserved 1048576K
}
Event: 175.056 GC heap before
{Heap before GC invocations=26 (full 2):
 PSYoungGen      total 333312K, used 276981K [0x00000000d5f00000, 0x00000000f3580000, 0x0000000100000000)
  eden space 293888K, 80% used [0x00000000d5f00000,0x00000000e4704c58,0x00000000e7e00000)
  from space 39424K, 99% used [0x00000000e7e00000,0x00000000ea4789b8,0x00000000ea480000)
  to   space 47104K, 0% used [0x00000000f0780000,0x00000000f0780000,0x00000000f3580000)
 ParOldGen       total 122880K, used 66854K [0x0000000081c00000, 0x0000000089400000, 0x00000000d5f00000)
  object space 122880K, 54% used [0x0000000081c00000,0x0000000085d49a38,0x0000000089400000)
 Metaspace       used 40985K, capacity 41704K, committed 42028K, reserved 1087488K
  class space    used 4750K, capacity 4976K, committed 4992K, reserved 1048576K
Event: 179.217 GC heap after
Heap after GC invocations=26 (full 2):
 PSYoungGen      total 429568K, used 19746K [0x00000000d5f00000, 0x00000000f3080000, 0x0000000100000000)
  eden space 387584K, 0% used [0x00000000d5f00000,0x00000000d5f00000,0x00000000ed980000)
  from space 41984K, 47% used [0x00000000f0780000,0x00000000f1ac8990,0x00000000f3080000)
  to   space 44544K, 0% used [0x00000000ed980000,0x00000000ed980000,0x00000000f0500000)
 ParOldGen       total 122880K, used 74927K [0x0000000081c00000, 0x0000000089400000, 0x00000000d5f00000)
  object space 122880K, 60% used [0x0000000081c00000,0x000000008652bcc8,0x0000000089400000)
 Metaspace       used 40985K, capacity 41704K, committed 42028K, reserved 1087488K
  class space    used 4750K, capacity 4976K, committed 4992K, reserved 1048576K
}
Event: 179.217 GC heap before
{Heap before GC invocations=27 (full 3):
 PSYoungGen      total 429568K, used 19746K [0x00000000d5f00000, 0x00000000f3080000, 0x0000000100000000)
  eden space 387584K, 0% used [0x00000000d5f00000,0x00000000d5f00000,0x00000000ed980000)
  from space 41984K, 47% used [0x00000000f0780000,0x00000000f1ac8990,0x00000000f3080000)
  to   space 44544K, 0% used [0x00000000ed980000,0x00000000ed980000,0x00000000f0500000)
 ParOldGen       total 122880K, used 74927K [0x0000000081c00000, 0x0000000089400000, 0x00000000d5f00000)
  object space 122880K, 60% used [0x0000000081c00000,0x000000008652bcc8,0x0000000089400000)
 Metaspace       used 40985K, capacity 41704K, committed 42028K, reserved 1087488K
  class space    used 4750K, capacity 4976K, committed 4992K, reserved 1048576K
Event: 181.592 GC heap after
Heap after GC invocations=27 (full 3):
 PSYoungGen      total 429568K, used 0K [0x00000000d5f00000, 0x00000000f3080000, 0x0000000100000000)
  eden space 387584K, 0% used [0x00000000d5f00000,0x00000000d5f00000,0x00000000ed980000)
  from space 41984K, 0% used [0x00000000f0780000,0x00000000f0780000,0x00000000f3080000)
  to   space 44544K, 0% used [0x00000000ed980000,0x00000000ed980000,0x00000000f0500000)
 ParOldGen       total 111616K, used 42239K [0x0000000081c00000, 0x0000000088900000, 0x00000000d5f00000)
  object space 111616K, 37% used [0x0000000081c00000,0x000000008453ffb0,0x0000000088900000)
 Metaspace       used 40985K, capacity 41704K, committed 42028K, reserved 1087488K
  class space    used 4750K, capacity 4976K, committed 4992K, reserved 1048576K
}

Deoptimization events (10 events):
Event: 184.196 Thread 0x000000001c957800 Uncommon trap: reason=unstable_if action=reinterpret pc=0x0000000004766a00 method=org.springframework.util.AntPathMatcher.skipSegment([CILjava/lang/String;)I @ 62
Event: 184.208 Thread 0x000000001c957800 Uncommon trap: reason=unstable_if action=reinterpret pc=0x000000000474c808 method=org.springframework.util.AntPathMatcher.skipSegment([CILjava/lang/String;)I @ 62
Event: 184.214 Thread 0x000000001c957800 Uncommon trap: reason=unstable_if action=reinterpret pc=0x0000000004736fac method=org.springframework.util.AntPathMatcher.skipSegment([CILjava/lang/String;)I @ 62
Event: 186.213 Thread 0x000000001c957800 Uncommon trap: reason=bimorphic action=maybe_recompile pc=0x0000000004774830 method=java.io.FilterInputStream.read()I @ 4
Event: 186.213 Thread 0x000000001c957800 Uncommon trap: reason=bimorphic action=maybe_recompile pc=0x0000000004774830 method=java.io.FilterInputStream.read()I @ 4
Event: 186.213 Thread 0x000000001c957800 Uncommon trap: reason=bimorphic action=maybe_recompile pc=0x0000000004774830 method=java.io.FilterInputStream.read()I @ 4
Event: 186.213 Thread 0x000000001c957800 Uncommon trap: reason=bimorphic action=maybe_recompile pc=0x0000000004774830 method=java.io.FilterInputStream.read()I @ 4
Event: 187.721 Thread 0x000000001c957800 Uncommon trap: reason=class_check action=maybe_recompile pc=0x0000000004046360 method=java.util.Collections$UnmodifiableMap.size()I @ 4
Event: 187.721 Thread 0x000000001c957800 Uncommon trap: reason=class_check action=maybe_recompile pc=0x0000000004046360 method=java.util.Collections$UnmodifiableMap.size()I @ 4
Event: 187.982 Thread 0x000000001c957800 Uncommon trap: reason=class_check action=maybe_recompile pc=0x0000000004046360 method=java.util.Collections$UnmodifiableMap.size()I @ 4

Internal exceptions (10 events):
Event: 188.864 Thread 0x000000001c957800 Exception <a 'java/lang/ClassNotFoundException': org/springframework/web/servlet/handler/BeanNameUrlHandlerMappingBeanInfo> (0x00000000d8788ad0) thrown at [C:\re\workspace\8-2-build-windows-amd64-cygwin\jdk8u151\9699\hotspot\src\share\vm\classfile\systemD
Event: 188.871 Thread 0x000000001c957800 Exception <a 'java/lang/ClassNotFoundException': org/springframework/web/servlet/handler/AbstractDetectingUrlHandlerMappingBeanInfo> (0x00000000d87cb1c8) thrown at [C:\re\workspace\8-2-build-windows-amd64-cygwin\jdk8u151\9699\hotspot\src\share\vm\classfil
Event: 188.897 Thread 0x000000001c957800 Exception <a 'java/lang/ClassNotFoundException': org/springframework/web/servlet/handler/AbstractDetectingUrlHandlerMappingCustomizer> (0x00000000d880fbf0) thrown at [C:\re\workspace\8-2-build-windows-amd64-cygwin\jdk8u151\9699\hotspot\src\share\vm\classf
Event: 188.947 Thread 0x000000001c957800 Exception <a 'java/lang/ClassNotFoundException': org/springframework/web/servlet/handler/BeanNameUrlHandlerMappingCustomizer> (0x00000000d8857d40) thrown at [C:\re\workspace\8-2-build-windows-amd64-cygwin\jdk8u151\9699\hotspot\src\share\vm\classfile\syste
Event: 188.980 Thread 0x000000001c957800 Exception <a 'java/lang/ClassNotFoundException': org/springframework/web/servlet/handler/MatchableHandlerMappingCustomizer> (0x00000000d88add90) thrown at [C:\re\workspace\8-2-build-windows-amd64-cygwin\jdk8u151\9699\hotspot\src\share\vm\classfile\systemD
Event: 188.992 Thread 0x000000001c957800 Exception <a 'java/lang/ClassNotFoundException': org/springframework/web/servlet/HandlerMappingCustomizer> (0x00000000d88e2b30) thrown at [C:\re\workspace\8-2-build-windows-amd64-cygwin\jdk8u151\9699\hotspot\src\share\vm\classfile\systemDictionary.cpp, li
Event: 189.035 Thread 0x000000001c957800 Exception <a 'java/lang/ClassNotFoundException': org/springframework/core/OrderedCustomizer> (0x00000000d890df38) thrown at [C:\re\workspace\8-2-build-windows-amd64-cygwin\jdk8u151\9699\hotspot\src\share\vm\classfile\systemDictionary.cpp, line 210]
Event: 189.066 Thread 0x000000001c957800 Exception <a 'java/lang/ClassNotFoundException': org/springframework/web/context/ServletContextAwareCustomizer> (0x00000000d8945fd8) thrown at [C:\re\workspace\8-2-build-windows-amd64-cygwin\jdk8u151\9699\hotspot\src\share\vm\classfile\systemDictionary.cp
Event: 189.171 Thread 0x000000001c957800 Exception <a 'java/lang/ClassNotFoundException': org/springframework/context/ApplicationContextAwareCustomizer> (0x00000000d897e3e0) thrown at [C:\re\workspace\8-2-build-windows-amd64-cygwin\jdk8u151\9699\hotspot\src\share\vm\classfile\systemDictionary.cp
Event: 189.419 Thread 0x000000001c957800 Exception <a 'java/lang/ClassNotFoundException': org/springframework/web/servlet/mvc/HttpRequestHandlerAdapterBeanInfo> (0x00000000d8a291d0) thrown at [C:\re\workspace\8-2-build-windows-amd64-cygwin\jdk8u151\9699\hotspot\src\share\vm\classfile\systemDicti

Events (10 events):
Event: 189.419 Thread 0x000000001c957800 DEOPT PACKING pc=0x00000000048c593c sp=0x000000001f68d920
Event: 189.419 Thread 0x000000001c957800 DEOPT UNPACKING pc=0x00000000034f787f sp=0x000000001f68d658 mode 1
Event: 189.419 Thread 0x000000001c957800 DEOPT PACKING pc=0x00000000035ef41c sp=0x000000001f68d990
Event: 189.419 Thread 0x000000001c957800 DEOPT UNPACKING pc=0x00000000034f787f sp=0x000000001f68d6c0 mode 1
Event: 189.419 Thread 0x000000001c957800 DEOPT PACKING pc=0x00000000044af73c sp=0x000000001f68d9e0
Event: 189.419 Thread 0x000000001c957800 DEOPT UNPACKING pc=0x00000000034f787f sp=0x000000001f68d858 mode 1
Event: 189.419 Thread 0x000000001c957800 DEOPT PACKING pc=0x000000000372f93c sp=0x000000001f68d730
Event: 189.419 Thread 0x000000001c957800 DEOPT UNPACKING pc=0x00000000034f787f sp=0x000000001f68d570 mode 1
Event: 189.419 Thread 0x000000001c957800 DEOPT PACKING pc=0x000000000442e8d4 sp=0x000000001f68d8e0
Event: 189.419 Thread 0x000000001c957800 DEOPT UNPACKING pc=0x00000000034f787f sp=0x000000001f68d7e0 mode 1


Dynamic libraries:
0x00007ff739c20000 - 0x00007ff739c57000 	D:\CodersUtils\jdk\bin\java.exe
0x00007ffc7fb60000 - 0x00007ffc7fd50000 	C:\WINDOWS\SYSTEM32\ntdll.dll
0x00007ffc7f9c0000 - 0x00007ffc7fa72000 	C:\WINDOWS\System32\KERNEL32.DLL
0x00007ffc7d350000 - 0x00007ffc7d5f3000 	C:\WINDOWS\System32\KERNELBASE.dll
0x00007ffc7e370000 - 0x00007ffc7e413000 	C:\WINDOWS\System32\ADVAPI32.dll
0x00007ffc7fa80000 - 0x00007ffc7fb1e000 	C:\WINDOWS\System32\msvcrt.dll
0x00007ffc7f560000 - 0x00007ffc7f5f7000 	C:\WINDOWS\System32\sechost.dll
0x00007ffc7f6e0000 - 0x00007ffc7f800000 	C:\WINDOWS\System32\RPCRT4.dll
0x00007ffc7f820000 - 0x00007ffc7f9b4000 	C:\WINDOWS\System32\USER32.dll
0x00007ffc7caf0000 - 0x00007ffc7cb11000 	C:\WINDOWS\System32\win32u.dll
0x00007ffc7f530000 - 0x00007ffc7f556000 	C:\WINDOWS\System32\GDI32.dll
0x00007ffc7da70000 - 0x00007ffc7dc04000 	C:\WINDOWS\System32\gdi32full.dll
0x00007ffc7d980000 - 0x00007ffc7da1e000 	C:\WINDOWS\System32\msvcp_win.dll
0x00007ffc7d600000 - 0x00007ffc7d6fa000 	C:\WINDOWS\System32\ucrtbase.dll
0x00007ffc5f1f0000 - 0x00007ffc5f475000 	C:\WINDOWS\WinSxS\amd64_microsoft.windows.common-controls_6595b64144ccf1df_6.0.18362.535_none_e6c3b34713100821\COMCTL32.dll
0x00007ffc7f100000 - 0x00007ffc7f436000 	C:\WINDOWS\System32\combase.dll
0x00007ffc7d900000 - 0x00007ffc7d980000 	C:\WINDOWS\System32\bcryptPrimitives.dll
0x00007ffc7e6c0000 - 0x00007ffc7e6ee000 	C:\WINDOWS\System32\IMM32.DLL
0x0000000050300000 - 0x00000000503d2000 	D:\CodersUtils\jdk\jre\bin\msvcr100.dll
0x0000000073ec0000 - 0x000000007475d000 	D:\CodersUtils\jdk\jre\bin\server\jvm.dll
0x00007ffc7f6d0000 - 0x00007ffc7f6d8000 	C:\WINDOWS\System32\PSAPI.DLL
0x00007ffc5f090000 - 0x00007ffc5f099000 	C:\WINDOWS\SYSTEM32\WSOCK32.dll
0x00007ffc7eac0000 - 0x00007ffc7eb2f000 	C:\WINDOWS\System32\WS2_32.dll
0x00007ffc74cd0000 - 0x00007ffc74cda000 	C:\WINDOWS\SYSTEM32\VERSION.dll
0x00007ffc74fd0000 - 0x00007ffc74ff4000 	C:\WINDOWS\SYSTEM32\WINMM.dll
0x00007ffc74f20000 - 0x00007ffc74f4d000 	C:\WINDOWS\SYSTEM32\WINMMBASE.dll
0x00007ffc7da20000 - 0x00007ffc7da6a000 	C:\WINDOWS\System32\cfgmgr32.dll
0x00000000502f0000 - 0x00000000502ff000 	D:\CodersUtils\jdk\jre\bin\verify.dll
0x00000000502c0000 - 0x00000000502e9000 	D:\CodersUtils\jdk\jre\bin\java.dll
0x0000000050220000 - 0x0000000050255000 	D:\CodersUtils\jdk\jre\bin\jdwp.dll
0x0000000050210000 - 0x0000000050218000 	D:\CodersUtils\jdk\jre\bin\npt.dll
0x00000000502a0000 - 0x00000000502b6000 	D:\CodersUtils\jdk\jre\bin\zip.dll
0x00007ffc7dc80000 - 0x00007ffc7e365000 	C:\WINDOWS\System32\SHELL32.dll
0x00007ffc7e4d0000 - 0x00007ffc7e579000 	C:\WINDOWS\System32\shcore.dll
0x00007ffc7cbd0000 - 0x00007ffc7d34f000 	C:\WINDOWS\System32\windows.storage.dll
0x00007ffc7ca60000 - 0x00007ffc7ca7f000 	C:\WINDOWS\System32\profapi.dll
0x00007ffc7caa0000 - 0x00007ffc7caea000 	C:\WINDOWS\System32\powrprof.dll
0x00007ffc7ca30000 - 0x00007ffc7ca40000 	C:\WINDOWS\System32\UMPDC.dll
0x00007ffc7e5e0000 - 0x00007ffc7e632000 	C:\WINDOWS\System32\shlwapi.dll
0x00007ffc7ca40000 - 0x00007ffc7ca51000 	C:\WINDOWS\System32\kernel.appcore.dll
0x00007ffc7d730000 - 0x00007ffc7d747000 	C:\WINDOWS\System32\cryptsp.dll
0x0000000050200000 - 0x0000000050209000 	D:\CodersUtils\jdk\jre\bin\dt_socket.dll
0x00007ffc7c2a0000 - 0x00007ffc7c307000 	C:\WINDOWS\system32\mswsock.dll
0x00007ffc7be10000 - 0x00007ffc7be43000 	C:\WINDOWS\system32\rsaenh.dll
0x00007ffc7d700000 - 0x00007ffc7d726000 	C:\WINDOWS\System32\bcrypt.dll
0x00007ffc7c920000 - 0x00007ffc7c945000 	C:\WINDOWS\SYSTEM32\USERENV.dll
0x00007ffc7c470000 - 0x00007ffc7c47c000 	C:\WINDOWS\SYSTEM32\CRYPTBASE.dll
0x0000000050280000 - 0x000000005029a000 	D:\CodersUtils\jdk\jre\bin\net.dll
0x00007ffc7bfb0000 - 0x00007ffc7bfea000 	C:\WINDOWS\SYSTEM32\IPHLPAPI.DLL
0x00007ffc7f440000 - 0x00007ffc7f448000 	C:\WINDOWS\System32\NSI.dll
0x00007ffc71410000 - 0x00007ffc71426000 	C:\WINDOWS\SYSTEM32\dhcpcsvc6.DLL
0x00007ffc72c40000 - 0x00007ffc72c5c000 	C:\WINDOWS\SYSTEM32\dhcpcsvc.DLL
0x00007ffc7bff0000 - 0x00007ffc7c0ba000 	C:\WINDOWS\SYSTEM32\DNSAPI.dll
0x0000000050260000 - 0x0000000050271000 	D:\CodersUtils\jdk\jre\bin\nio.dll
0x00007ffc6d070000 - 0x00007ffc6d07a000 	C:\Users\admin\AppData\Local\Temp\jansi-1.17.1-5870328391658210457.dll
0x00007ffc6a3d0000 - 0x00007ffc6a3da000 	C:\Users\admin\AppData\Local\Temp\jansi-1.17.1-5290160986988182068.dll
0x00000000501f0000 - 0x00000000501fd000 	D:\CodersUtils\jdk\jre\bin\management.dll

VM Arguments:
jvm_args: -agentlib:jdwp=transport=dt_socket,address=127.0.0.1:60926,suspend=y,server=n -Dmaven.multiModuleProjectDirectory=D:\idea_code\qixun\party_school\web\dx\tongji -Dmaven.home=D:\CodersUtils\Maven\apache-maven-3.6.0-bin\apache-maven-3.6.0 -Dclassworlds.conf=D:\CodersUtils\Maven\apache-maven-3.6.0-bin\apache-maven-3.6.0\bin\m2.conf -Dfile.encoding=UTF-8 
java_command: org.codehaus.classworlds.Launcher -Didea.version=2017.2.6 -s D:\CodersUtils\Maven\apache-maven-3.6.0-bin\apache-maven-3.6.0\conf\settings.xml tomcat7:run
java_class_path (initial): D:\CodersUtils\Maven\apache-maven-3.6.0-bin\apache-maven-3.6.0\boot\plexus-classworlds-2.5.2.jar;D:\CodersUtils\Idea\ideaIU-2017.2.6.win\lib\idea_rt.jar
Launcher Type: SUN_STANDARD

Environment Variables:
JAVA_HOME=D:\CodersUtils\jdk
CLASSPATH=.;D:\CodersUtils\jdk\lib\dt.jar;D:\CodersUtils\jdk\lib\tools.jar
PATH=C:\ProgramData\Oracle\Java\javapath;C:\Program Files (x86)\Intel\Intel(R) Management Engine Components\iCLS\;C:\Program Files\Intel\Intel(R) Management Engine Components\iCLS\;C:\Windows\system32;C:\Windows;C:\Windows\System32\Wbem;C:\Windows\System32\WindowsPowerShell\v1.0\;C:\Windows\System32\OpenSSH\;C:\Program Files (x86)\Intel\Intel(R) Management Engine Components\DAL;C:\Program Files\Intel\Intel(R) Management Engine Components\DAL;C:\Program Files (x86)\Intel\Intel(R) Management Engine Components\IPT;C:\Program Files\Intel\Intel(R) Management Engine Components\IPT;D:\CodersUtils\jdk\bin;D:\CodersUtils\jdk\jre\bin;D:\CodersUtils\Tomcat\bin;D:\CodersUtils\Tomcat\lib;D:\CodersUtils\TortiresSVN\bin;D:\CodersUtils\nodejs\;D:\CodersUtils\nodejs\node_global\node_modules;C:\Program Files\MySQL\MySQL Server 5.7\bin;C:\Program Files\dotnet\;D:\CodersUtils\Maven\apache-maven-3.6.0-bin\apache-maven-3.6.0\bin;D:\CodersUtils\Go\bin;D:\CodersUtils\IDE\mingw64\bin;D:\CodersUtils\putty\;D:\Git\Git\cmd;C:\WINDOWS\system32;C:\WINDOWS;C:\WINDOWS\System32\Wbem;C:\WINDOWS\System32\WindowsPowerShell\v1.0\;C:\WINDOWS\System32\OpenSSH\;C:\Program Files\Microsoft SQL Server\110\DTS\Binn\;C:\Program Files (x86)\Microsoft SQL Server\110\Tools\Binn\;C:\Program Files\Microsoft SQL Server\110\Tools\Binn\;C:\Program Files (x86)\Microsoft SQL Server\110\Tools\Binn\ManagementStudio\;C:\Program Files (x86)\Microsoft Visual Studio 10.0\Common7\IDE\PrivateAssemblies\;C:\Program Files (x86)\Microsoft SQL Server\110\DTS\Binn\;C:\Users\admin\AppData\Local\Microsoft\WindowsApps;D:\CodersUtils\nodejs\node_global;C:\Users\admin\AppData\Local\Programs\Fiddler;C:\Users\admin\go\bin;D:\CodersUtils\IDE\GoLand 2019.1.3\bin;D:\CodersUtils\Fidder\Fiddler;D:\gopath\gopath01;\bin;;C:\Users\admin\AppData\Local\Microsoft\WindowsApps
USERNAME=admin
OS=Windows_NT
PROCESSOR_IDENTIFIER=Intel64 Family 6 Model 142 Stepping 10, GenuineIntel



---------------  S Y S T E M  ---------------

OS: Windows 10.0 , 64 bit Build 18362 (10.0.18362.329)

CPU:total 8 (initial active 8) (4 cores per cpu, 2 threads per core) family 6 model 142 stepping 10, cmov, cx8, fxsr, mmx, sse, sse2, sse3, ssse3, sse4.1, sse4.2, popcnt, avx, avx2, aes, clmul, erms, 3dnowpref, lzcnt, ht, tsc, tscinvbit, bmi1, bmi2, adx

Memory: 4k page, physical 8270056k(45988k free), swap 23752292k(28552k free)

vm_info: Java HotSpot(TM) 64-Bit Server VM (25.151-b12) for windows-amd64 JRE (1.8.0_151-b12), built on Sep  5 2017 19:33:46 by "java_re" with MS VC++ 10.0 (VS2010)

time: Mon Jan 06 15:58:12 2020
elapsed time: 190 seconds (0d 0h 3m 10s)

